<?xml version="1.0" encoding="UTF-8"?>
<coverage generated="1749661652">
  <project timestamp="1749661652">
    <file name="/Users/mridang/Code/zitadel/client-php/lib/ApiException.php">
      <class name="Zitadel\Client\ApiException" namespace="global">
        <metrics complexity="4" methods="4" coveredmethods="4" conditionals="0" coveredconditionals="0" statements="6" coveredstatements="6" elements="10" coveredelements="10"/>
      </class>
      <line num="36" type="method" name="__construct" visibility="public" complexity="1" crap="1" count="4"/>
      <line num="38" type="stmt" count="4"/>
      <line num="39" type="stmt" count="4"/>
      <line num="40" type="stmt" count="4"/>
      <line num="48" type="method" name="getStatusCode" visibility="public" complexity="1" crap="1" count="1"/>
      <line num="50" type="stmt" count="1"/>
      <line num="58" type="method" name="getResponseHeaders" visibility="public" complexity="1" crap="1" count="1"/>
      <line num="60" type="stmt" count="1"/>
      <line num="68" type="method" name="getResponseBody" visibility="public" complexity="1" crap="1" count="1"/>
      <line num="70" type="stmt" count="1"/>
      <metrics loc="73" ncloc="35" classes="1" methods="4" coveredmethods="4" conditionals="0" coveredconditionals="0" statements="6" coveredstatements="6" elements="10" coveredelements="10"/>
    </file>
    <file name="/Users/mridang/Code/zitadel/client-php/lib/Auth/Authenticator.php">
      <class name="Zitadel\Client\Auth\Authenticator" namespace="global">
        <metrics complexity="2" methods="2" coveredmethods="2" conditionals="0" coveredconditionals="0" statements="2" coveredstatements="2" elements="4" coveredelements="4"/>
      </class>
      <line num="27" type="method" name="__construct" visibility="public" complexity="1" crap="1" count="20"/>
      <line num="29" type="stmt" count="20"/>
      <line num="44" type="method" name="getHost" visibility="public" complexity="1" crap="1" count="17"/>
      <line num="46" type="stmt" count="17"/>
      <metrics loc="49" ncloc="23" classes="1" methods="2" coveredmethods="2" conditionals="0" coveredconditionals="0" statements="2" coveredstatements="2" elements="4" coveredelements="4"/>
    </file>
    <file name="/Users/mridang/Code/zitadel/client-php/lib/Auth/ClientCredentialsAuthenticator.php">
      <class name="Zitadel\Client\Auth\ClientCredentialsAuthenticator" namespace="global">
        <metrics complexity="4" methods="4" coveredmethods="4" conditionals="0" coveredconditionals="0" statements="12" coveredstatements="12" elements="16" coveredelements="16"/>
      </class>
      <line num="25" type="method" name="__construct" visibility="public" complexity="1" crap="1" count="3"/>
      <line num="31" type="stmt" count="3"/>
      <line num="32" type="stmt" count="3"/>
      <line num="33" type="stmt" count="3"/>
      <line num="34" type="stmt" count="3"/>
      <line num="35" type="stmt" count="3"/>
      <line num="36" type="stmt" count="3"/>
      <line num="37" type="stmt" count="3"/>
      <line num="49" type="method" name="builder" visibility="public" complexity="1" crap="1" count="3"/>
      <line num="51" type="stmt" count="3"/>
      <line num="54" type="method" name="getGrantType" visibility="protected" complexity="1" crap="1" count="3"/>
      <line num="56" type="stmt" count="3"/>
      <line num="59" type="method" name="getAccessTokenOptions" visibility="protected" complexity="1" crap="1" count="3"/>
      <line num="61" type="stmt" count="3"/>
      <line num="62" type="stmt" count="3"/>
      <line num="63" type="stmt" count="3"/>
      <metrics loc="66" ncloc="44" classes="1" methods="4" coveredmethods="4" conditionals="0" coveredconditionals="0" statements="12" coveredstatements="12" elements="16" coveredelements="16"/>
    </file>
    <file name="/Users/mridang/Code/zitadel/client-php/lib/Auth/ClientCredentialsAuthenticatorBuilder.php">
      <class name="Zitadel\Client\Auth\ClientCredentialsAuthenticatorBuilder" namespace="global">
        <metrics complexity="2" methods="2" coveredmethods="2" conditionals="0" coveredconditionals="0" statements="7" coveredstatements="7" elements="9" coveredelements="9"/>
      </class>
      <line num="23" type="method" name="__construct" visibility="public" complexity="1" crap="1" count="3"/>
      <line num="25" type="stmt" count="3"/>
      <line num="33" type="method" name="build" visibility="public" complexity="1" crap="1" count="3"/>
      <line num="35" type="stmt" count="3"/>
      <line num="36" type="stmt" count="3"/>
      <line num="37" type="stmt" count="3"/>
      <line num="38" type="stmt" count="3"/>
      <line num="39" type="stmt" count="3"/>
      <line num="40" type="stmt" count="3"/>
      <metrics loc="43" ncloc="24" classes="1" methods="2" coveredmethods="2" conditionals="0" coveredconditionals="0" statements="7" coveredstatements="7" elements="9" coveredelements="9"/>
    </file>
    <file name="/Users/mridang/Code/zitadel/client-php/lib/Auth/JwtBearer.php">
      <class name="Zitadel\Client\Auth\JwtBearer" namespace="global">
        <metrics complexity="2" methods="2" coveredmethods="2" conditionals="0" coveredconditionals="0" statements="2" coveredstatements="2" elements="4" coveredelements="4"/>
      </class>
      <line num="20" type="method" name="getName" visibility="protected" complexity="1" crap="1" count="5"/>
      <line num="22" type="stmt" count="5"/>
      <line num="31" type="method" name="getRequiredRequestParameters" visibility="protected" complexity="1" crap="1" count="5"/>
      <line num="33" type="stmt" count="5"/>
      <metrics loc="36" ncloc="19" classes="1" methods="2" coveredmethods="2" conditionals="0" coveredconditionals="0" statements="2" coveredstatements="2" elements="4" coveredelements="4"/>
    </file>
    <file name="/Users/mridang/Code/zitadel/client-php/lib/Auth/NoAuthAuthenticator.php">
      <class name="Zitadel\Client\Auth\NoAuthAuthenticator" namespace="global">
        <metrics complexity="2" methods="2" coveredmethods="2" conditionals="0" coveredconditionals="0" statements="2" coveredstatements="2" elements="4" coveredelements="4"/>
      </class>
      <line num="17" type="method" name="__construct" visibility="public" complexity="1" crap="1" count="2"/>
      <line num="19" type="stmt" count="2"/>
      <line num="27" type="method" name="getAuthToken" visibility="public" complexity="1" crap="1" count="1"/>
      <line num="29" type="stmt" count="1"/>
      <metrics loc="32" ncloc="17" classes="1" methods="2" coveredmethods="2" conditionals="0" coveredconditionals="0" statements="2" coveredstatements="2" elements="4" coveredelements="4"/>
    </file>
    <file name="/Users/mridang/Code/zitadel/client-php/lib/Auth/OAuthAuthenticator.php">
      <class name="Zitadel\Client\Auth\OAuthAuthenticator" namespace="global">
        <metrics complexity="7" methods="3" coveredmethods="2" conditionals="0" coveredconditionals="0" statements="15" coveredstatements="14" elements="18" coveredelements="16"/>
      </class>
      <line num="40" type="method" name="__construct" visibility="public" complexity="1" crap="1" count="8"/>
      <line num="48" type="stmt" count="8"/>
      <line num="49" type="stmt" count="8"/>
      <line num="50" type="stmt" count="8"/>
      <line num="61" type="method" name="getAuthToken" visibility="public" complexity="3" crap="3" count="8"/>
      <line num="63" type="stmt" count="8"/>
      <line num="64" type="stmt" count="8"/>
      <line num="66" type="stmt" count="6"/>
      <line num="75" type="method" name="refreshToken" visibility="public" complexity="3" crap="3.01" count="8"/>
      <line num="78" type="stmt" count="8"/>
      <line num="79" type="stmt" count="8"/>
      <line num="80" type="stmt" count="8"/>
      <line num="81" type="stmt" count="8"/>
      <line num="84" type="stmt" count="6"/>
      <line num="85" type="stmt" count="0"/>
      <line num="88" type="stmt" count="6"/>
      <line num="89" type="stmt" count="2"/>
      <line num="90" type="stmt" count="2"/>
      <metrics loc="101" ncloc="53" classes="1" methods="3" coveredmethods="2" conditionals="0" coveredconditionals="0" statements="15" coveredstatements="14" elements="18" coveredelements="16"/>
    </file>
    <file name="/Users/mridang/Code/zitadel/client-php/lib/Auth/OAuthAuthenticatorBuilder.php">
      <class name="Zitadel\Client\Auth\OAuthAuthenticatorBuilder" namespace="global">
        <metrics complexity="2" methods="2" coveredmethods="2" conditionals="0" coveredconditionals="0" statements="3" coveredstatements="3" elements="5" coveredelements="5"/>
      </class>
      <line num="24" type="method" name="__construct" visibility="public" complexity="1" crap="1" count="8"/>
      <line num="26" type="stmt" count="8"/>
      <line num="35" type="method" name="scopes" visibility="public" complexity="1" crap="1" count="2"/>
      <line num="37" type="stmt" count="2"/>
      <line num="38" type="stmt" count="2"/>
      <metrics loc="41" ncloc="23" classes="1" methods="2" coveredmethods="2" conditionals="0" coveredconditionals="0" statements="3" coveredstatements="3" elements="5" coveredelements="5"/>
    </file>
    <file name="/Users/mridang/Code/zitadel/client-php/lib/Auth/OpenId.php">
      <class name="Zitadel\Client\Auth\OpenId" namespace="global">
        <metrics complexity="12" methods="8" coveredmethods="5" conditionals="0" coveredconditionals="0" statements="24" coveredstatements="20" elements="32" coveredelements="25"/>
      </class>
      <line num="39" type="method" name="__construct" visibility="public" complexity="2" crap="2.01" count="8"/>
      <line num="41" type="stmt" count="8"/>
      <line num="42" type="stmt" count="0"/>
      <line num="45" type="stmt" count="8"/>
      <line num="46" type="stmt" count="8"/>
      <line num="48" type="stmt" count="8"/>
      <line num="49" type="stmt" count="8"/>
      <line num="50" type="stmt" count="8"/>
      <line num="60" type="method" name="buildHostname" visibility="private" complexity="2" crap="2.15" count="8"/>
      <line num="62" type="stmt" count="8"/>
      <line num="63" type="stmt" count="0"/>
      <line num="65" type="stmt" count="8"/>
      <line num="78" type="method" name="fetchOpenIdConfiguration" visibility="private" complexity="3" crap="3.14" count="8"/>
      <line num="80" type="stmt" count="8"/>
      <line num="81" type="stmt" count="8"/>
      <line num="83" type="stmt" count="8"/>
      <line num="84" type="stmt" count="0"/>
      <line num="87" type="stmt" count="8"/>
      <line num="88" type="stmt" count="8"/>
      <line num="89" type="stmt" count="0"/>
      <line num="92" type="stmt" count="8"/>
      <line num="104" type="method" name="buildWellKnownUrl" visibility="private" complexity="1" crap="1" count="8"/>
      <line num="106" type="stmt" count="8"/>
      <line num="107" type="stmt" count="8"/>
      <line num="117" type="method" name="getHostEndpoint" visibility="public" complexity="1" crap="1" count="8"/>
      <line num="119" type="stmt" count="8"/>
      <line num="129" type="method" name="getTokenEndpoint" visibility="public" complexity="1" crap="1" count="8"/>
      <line num="131" type="stmt" count="8"/>
      <line num="141" type="method" name="getAuthorizationEndpoint" visibility="public" complexity="1" crap="1" count="8"/>
      <line num="143" type="stmt" count="8"/>
      <line num="153" type="method" name="getUserinfoEndpoint" visibility="public" complexity="1" crap="1" count="8"/>
      <line num="155" type="stmt" count="8"/>
      <metrics loc="158" ncloc="84" classes="1" methods="8" coveredmethods="5" conditionals="0" coveredconditionals="0" statements="24" coveredstatements="20" elements="32" coveredelements="25"/>
    </file>
    <file name="/Users/mridang/Code/zitadel/client-php/lib/Auth/PersonalAccessAuthenticator.php">
      <class name="Zitadel\Client\Auth\PersonalAccessAuthenticator" namespace="global">
        <metrics complexity="2" methods="2" coveredmethods="2" conditionals="0" coveredconditionals="0" statements="2" coveredstatements="2" elements="4" coveredelements="4"/>
      </class>
      <line num="18" type="method" name="__construct" visibility="public" complexity="1" crap="1" count="10"/>
      <line num="23" type="stmt" count="10"/>
      <line num="31" type="method" name="getAuthToken" visibility="public" complexity="1" crap="1" count="12"/>
      <line num="33" type="stmt" count="12"/>
      <metrics loc="36" ncloc="17" classes="1" methods="2" coveredmethods="2" conditionals="0" coveredconditionals="0" statements="2" coveredstatements="2" elements="4" coveredelements="4"/>
    </file>
    <file name="/Users/mridang/Code/zitadel/client-php/lib/Auth/WebTokenAuthenticator.php">
      <class name="Zitadel\Client\Auth\WebTokenAuthenticator" namespace="global">
        <metrics complexity="10" methods="5" coveredmethods="4" conditionals="0" coveredconditionals="0" statements="33" coveredstatements="30" elements="38" coveredelements="34"/>
      </class>
      <line num="34" type="method" name="__construct" visibility="public" complexity="1" crap="1" count="5"/>
      <line num="64" type="stmt" count="5"/>
      <line num="65" type="stmt" count="5"/>
      <line num="66" type="stmt" count="5"/>
      <line num="67" type="stmt" count="5"/>
      <line num="68" type="stmt" count="5"/>
      <line num="69" type="stmt" count="5"/>
      <line num="70" type="stmt" count="5"/>
      <line num="92" type="method" name="fromJson" visibility="public" complexity="6" crap="6.56" count="2"/>
      <line num="94" type="stmt" count="2"/>
      <line num="95" type="stmt" count="2"/>
      <line num="96" type="stmt" count="0"/>
      <line num="99" type="stmt" count="2"/>
      <line num="100" type="stmt" count="2"/>
      <line num="101" type="stmt" count="0"/>
      <line num="104" type="stmt" count="2"/>
      <line num="105" type="stmt" count="2"/>
      <line num="106" type="stmt" count="2"/>
      <line num="107" type="stmt" count="2"/>
      <line num="108" type="stmt" count="0"/>
      <line num="111" type="stmt" count="2"/>
      <line num="123" type="method" name="builder" visibility="public" complexity="1" crap="1" count="5"/>
      <line num="125" type="stmt" count="5"/>
      <line num="128" type="method" name="getGrantType" visibility="protected" complexity="1" crap="1" count="5"/>
      <line num="130" type="stmt" count="5"/>
      <line num="133" type="method" name="getAccessTokenOptions" visibility="protected" complexity="1" crap="1" count="5"/>
      <line num="135" type="stmt" count="5"/>
      <line num="136" type="stmt" count="5"/>
      <line num="137" type="stmt" count="5"/>
      <line num="138" type="stmt" count="5"/>
      <line num="139" type="stmt" count="5"/>
      <line num="140" type="stmt" count="5"/>
      <line num="141" type="stmt" count="5"/>
      <line num="142" type="stmt" count="5"/>
      <line num="143" type="stmt" count="5"/>
      <line num="144" type="stmt" count="5"/>
      <line num="145" type="stmt" count="5"/>
      <line num="146" type="stmt" count="5"/>
      <metrics loc="150" ncloc="85" classes="1" methods="5" coveredmethods="4" conditionals="0" coveredconditionals="0" statements="33" coveredstatements="30" elements="38" coveredelements="34"/>
    </file>
    <file name="/Users/mridang/Code/zitadel/client-php/lib/Auth/WebTokenAuthenticatorBuilder.php">
      <class name="Zitadel\Client\Auth\WebTokenAuthenticatorBuilder" namespace="global">
        <metrics complexity="5" methods="5" coveredmethods="5" conditionals="0" coveredconditionals="0" statements="20" coveredstatements="20" elements="25" coveredelements="25"/>
      </class>
      <line num="42" type="method" name="__construct" visibility="public" complexity="1" crap="1" count="5"/>
      <line num="44" type="stmt" count="5"/>
      <line num="45" type="stmt" count="5"/>
      <line num="56" type="method" name="tokenLifetimeSeconds" visibility="public" complexity="1" crap="1" count="1"/>
      <line num="58" type="stmt" count="1"/>
      <line num="59" type="stmt" count="1"/>
      <line num="69" type="method" name="jwtAlgorithm" visibility="public" complexity="1" crap="1" count="1"/>
      <line num="71" type="stmt" count="1"/>
      <line num="72" type="stmt" count="1"/>
      <line num="75" type="method" name="keyId" visibility="public" complexity="1" crap="1" count="2"/>
      <line num="77" type="stmt" count="2"/>
      <line num="78" type="stmt" count="2"/>
      <line num="91" type="method" name="build" visibility="public" complexity="1" crap="1" count="5"/>
      <line num="93" type="stmt" count="5"/>
      <line num="94" type="stmt" count="5"/>
      <line num="95" type="stmt" count="5"/>
      <line num="96" type="stmt" count="5"/>
      <line num="97" type="stmt" count="5"/>
      <line num="98" type="stmt" count="5"/>
      <line num="99" type="stmt" count="5"/>
      <line num="100" type="stmt" count="5"/>
      <line num="101" type="stmt" count="5"/>
      <line num="102" type="stmt" count="5"/>
      <line num="103" type="stmt" count="5"/>
      <line num="104" type="stmt" count="5"/>
      <metrics loc="107" ncloc="55" classes="1" methods="5" coveredmethods="5" conditionals="0" coveredconditionals="0" statements="20" coveredstatements="20" elements="25" coveredelements="25"/>
    </file>
    <file name="/Users/mridang/Code/zitadel/client-php/lib/Configuration.php">
      <class name="Zitadel\Client\Configuration" namespace="global">
        <metrics complexity="17" methods="16" coveredmethods="13" conditionals="0" coveredconditionals="0" statements="24" coveredstatements="18" elements="40" coveredelements="31"/>
      </class>
      <line num="50" type="method" name="__construct" visibility="public" complexity="1" crap="1" count="14"/>
      <line num="52" type="stmt" count="14"/>
      <line num="53" type="stmt" count="14"/>
      <line num="56" type="method" name="myUserAgent" visibility="public" complexity="1" crap="1" count="14"/>
      <line num="58" type="stmt" count="14"/>
      <line num="66" type="method" name="getDefaultConfiguration" visibility="public" complexity="2" crap="6" count="0"/>
      <line num="68" type="stmt" count="0"/>
      <line num="69" type="stmt" count="0"/>
      <line num="72" type="stmt" count="0"/>
      <line num="83" type="method" name="setDefaultConfiguration" visibility="public" complexity="1" crap="2" count="0"/>
      <line num="85" type="stmt" count="0"/>
      <line num="93" type="method" name="getAccessToken" visibility="public" complexity="1" crap="1" count="15"/>
      <line num="95" type="stmt" count="15"/>
      <line num="103" type="method" name="getBooleanFormatForQueryString" visibility="public" complexity="1" crap="1" count="13"/>
      <line num="105" type="stmt" count="13"/>
      <line num="116" type="method" name="setBooleanFormatForQueryString" visibility="public" complexity="1" crap="1" count="1"/>
      <line num="118" type="stmt" count="1"/>
      <line num="120" type="stmt" count="1"/>
      <line num="128" type="method" name="getHost" visibility="public" complexity="1" crap="1" count="13"/>
      <line num="130" type="stmt" count="13"/>
      <line num="138" type="method" name="getUserAgent" visibility="public" complexity="1" crap="1" count="13"/>
      <line num="140" type="stmt" count="13"/>
      <line num="151" type="method" name="setUserAgent" visibility="public" complexity="1" crap="1" count="1"/>
      <line num="154" type="stmt" count="1"/>
      <line num="155" type="stmt" count="1"/>
      <line num="163" type="method" name="getDebug" visibility="public" complexity="1" crap="1" count="13"/>
      <line num="165" type="stmt" count="13"/>
      <line num="176" type="method" name="setDebug" visibility="public" complexity="1" crap="1" count="1"/>
      <line num="178" type="stmt" count="1"/>
      <line num="179" type="stmt" count="1"/>
      <line num="187" type="method" name="getDebugFile" visibility="public" complexity="1" crap="1" count="1"/>
      <line num="189" type="stmt" count="1"/>
      <line num="200" type="method" name="setDebugFile" visibility="public" complexity="1" crap="1" count="1"/>
      <line num="202" type="stmt" count="1"/>
      <line num="203" type="stmt" count="1"/>
      <line num="211" type="method" name="getTempFolderPath" visibility="public" complexity="1" crap="1" count="1"/>
      <line num="213" type="stmt" count="1"/>
      <line num="224" type="method" name="setTempFolderPath" visibility="public" complexity="1" crap="2" count="0"/>
      <line num="226" type="stmt" count="0"/>
      <line num="227" type="stmt" count="0"/>
      <metrics loc="231" ncloc="112" classes="1" methods="16" coveredmethods="13" conditionals="0" coveredconditionals="0" statements="24" coveredstatements="18" elements="40" coveredelements="31"/>
    </file>
    <file name="/Users/mridang/Code/zitadel/client-php/lib/ObjectSerializer.php">
      <class name="Zitadel\Client\ObjectSerializer" namespace="global">
        <metrics complexity="111" methods="14" coveredmethods="1" conditionals="0" coveredconditionals="0" statements="199" coveredstatements="67" elements="213" coveredelements="68"/>
      </class>
      <line num="32" type="method" name="setDateTimeFormat" visibility="public" complexity="1" crap="2" count="0"/>
      <line num="34" type="stmt" count="0"/>
      <line num="48" type="method" name="sanitizeForSerialization" visibility="public" complexity="18" crap="28.76" count="8"/>
      <line num="50" type="stmt" count="8"/>
      <line num="51" type="stmt" count="8"/>
      <line num="54" type="stmt" count="8"/>
      <line num="55" type="stmt" count="0"/>
      <line num="58" type="stmt" count="8"/>
      <line num="59" type="stmt" count="2"/>
      <line num="60" type="stmt" count="0"/>
      <line num="62" type="stmt" count="2"/>
      <line num="65" type="stmt" count="8"/>
      <line num="66" type="stmt" count="8"/>
      <line num="67" type="stmt" count="8"/>
      <line num="68" type="stmt" count="8"/>
      <line num="69" type="stmt" count="8"/>
      <line num="70" type="stmt" count="8"/>
      <line num="71" type="stmt" count="8"/>
      <line num="72" type="stmt" count="8"/>
      <line num="73" type="stmt" count="8"/>
      <line num="74" type="stmt" count="8"/>
      <line num="76" type="stmt" count="0"/>
      <line num="77" type="stmt" count="0"/>
      <line num="78" type="stmt" count="0"/>
      <line num="79" type="stmt" count="0"/>
      <line num="83" type="stmt" count="8"/>
      <line num="84" type="stmt" count="8"/>
      <line num="88" type="stmt" count="0"/>
      <line num="89" type="stmt" count="0"/>
      <line num="92" type="stmt" count="8"/>
      <line num="94" type="stmt" count="0"/>
      <line num="107" type="method" name="toPathValue" visibility="public" complexity="1" crap="1" count="8"/>
      <line num="109" type="stmt" count="8"/>
      <line num="123" type="method" name="toString" visibility="public" complexity="4" crap="5.02" count="8"/>
      <line num="125" type="stmt" count="8"/>
      <line num="126" type="stmt" count="0"/>
      <line num="127" type="stmt" count="8"/>
      <line num="128" type="stmt" count="0"/>
      <line num="130" type="stmt" count="8"/>
      <line num="147" type="method" name="toQueryValue" visibility="public" complexity="21" crap="330.73" count="2"/>
      <line num="160" type="stmt" count="2"/>
      <line num="161" type="stmt" count="2"/>
      <line num="162" type="stmt" count="0"/>
      <line num="164" type="stmt" count="2"/>
      <line num="169" type="stmt" count="0"/>
      <line num="170" type="stmt" count="0"/>
      <line num="173" type="stmt" count="0"/>
      <line num="174" type="stmt" count="0"/>
      <line num="179" type="stmt" count="0"/>
      <line num="180" type="stmt" count="0"/>
      <line num="183" type="stmt" count="0"/>
      <line num="184" type="stmt" count="0"/>
      <line num="186" type="stmt" count="0"/>
      <line num="187" type="stmt" count="0"/>
      <line num="189" type="stmt" count="0"/>
      <line num="191" type="stmt" count="0"/>
      <line num="193" type="stmt" count="0"/>
      <line num="196" type="stmt" count="0"/>
      <line num="199" type="stmt" count="0"/>
      <line num="202" type="stmt" count="0"/>
      <line num="203" type="stmt" count="0"/>
      <line num="206" type="stmt" count="0"/>
      <line num="207" type="stmt" count="0"/>
      <line num="210" type="stmt" count="0"/>
      <line num="211" type="stmt" count="0"/>
      <line num="215" type="stmt" count="0"/>
      <line num="217" type="stmt" count="0"/>
      <line num="228" type="method" name="isEmptyValue" visibility="private" complexity="4" crap="10.15" count="2"/>
      <line num="231" type="stmt" count="2"/>
      <line num="232" type="stmt" count="0"/>
      <line num="236" type="stmt" count="2"/>
      <line num="237" type="stmt" count="2"/>
      <line num="240" type="stmt" count="0"/>
      <line num="241" type="stmt" count="0"/>
      <line num="242" type="stmt" count="0"/>
      <line num="243" type="stmt" count="0"/>
      <line num="244" type="stmt" count="0"/>
      <line num="245" type="stmt" count="0"/>
      <line num="246" type="stmt" count="0"/>
      <line num="257" type="method" name="convertBoolToQueryStringFormat" visibility="public" complexity="3" crap="12" count="0"/>
      <line num="259" type="stmt" count="0"/>
      <line num="260" type="stmt" count="0"/>
      <line num="263" type="stmt" count="0"/>
      <line num="277" type="method" name="serializeCollection" visibility="public" complexity="3" crap="12" count="0"/>
      <line num="279" type="stmt" count="0"/>
      <line num="282" type="stmt" count="0"/>
      <line num="284" type="stmt" count="0"/>
      <line num="285" type="stmt" count="0"/>
      <line num="286" type="stmt" count="0"/>
      <line num="287" type="stmt" count="0"/>
      <line num="288" type="stmt" count="0"/>
      <line num="289" type="stmt" count="0"/>
      <line num="302" type="method" name="toHeaderValue" visibility="public" complexity="2" crap="6" count="0"/>
      <line num="304" type="stmt" count="0"/>
      <line num="305" type="stmt" count="0"/>
      <line num="306" type="stmt" count="0"/>
      <line num="309" type="stmt" count="0"/>
      <line num="322" type="method" name="toFormValue" visibility="public" complexity="2" crap="6" count="0"/>
      <line num="324" type="stmt" count="0"/>
      <line num="325" type="stmt" count="0"/>
      <line num="327" type="stmt" count="0"/>
      <line num="344" type="method" name="deserialize" visibility="public" complexity="33" crap="180.46" count="11"/>
      <line num="346" type="stmt" count="11"/>
      <line num="347" type="stmt" count="0"/>
      <line num="350" type="stmt" count="11"/>
      <line num="351" type="stmt" count="7"/>
      <line num="353" type="stmt" count="7"/>
      <line num="354" type="stmt" count="0"/>
      <line num="357" type="stmt" count="7"/>
      <line num="358" type="stmt" count="7"/>
      <line num="359" type="stmt" count="7"/>
      <line num="360" type="stmt" count="7"/>
      <line num="362" type="stmt" count="7"/>
      <line num="365" type="stmt" count="11"/>
      <line num="366" type="stmt" count="0"/>
      <line num="367" type="stmt" count="0"/>
      <line num="368" type="stmt" count="0"/>
      <line num="369" type="stmt" count="0"/>
      <line num="370" type="stmt" count="0"/>
      <line num="371" type="stmt" count="0"/>
      <line num="372" type="stmt" count="0"/>
      <line num="373" type="stmt" count="0"/>
      <line num="374" type="stmt" count="0"/>
      <line num="377" type="stmt" count="0"/>
      <line num="380" type="stmt" count="11"/>
      <line num="381" type="stmt" count="0"/>
      <line num="382" type="stmt" count="0"/>
      <line num="383" type="stmt" count="11"/>
      <line num="384" type="stmt" count="0"/>
      <line num="385" type="stmt" count="0"/>
      <line num="388" type="stmt" count="11"/>
      <line num="395" type="stmt" count="8"/>
      <line num="397" type="stmt" count="8"/>
      <line num="398" type="stmt" count="0"/>
      <line num="402" type="stmt" count="0"/>
      <line num="405" type="stmt" count="0"/>
      <line num="409" type="stmt" count="11"/>
      <line num="410" type="stmt" count="0"/>
      <line num="416" type="stmt" count="0"/>
      <line num="417" type="stmt" count="0"/>
      <line num="418" type="stmt" count="0"/>
      <line num="420" type="stmt" count="0"/>
      <line num="422" type="stmt" count="0"/>
      <line num="425" type="stmt" count="0"/>
      <line num="426" type="stmt" count="0"/>
      <line num="427" type="stmt" count="0"/>
      <line num="429" type="stmt" count="0"/>
      <line num="431" type="stmt" count="0"/>
      <line num="435" type="stmt" count="11"/>
      <line num="436" type="stmt" count="11"/>
      <line num="437" type="stmt" count="11"/>
      <line num="441" type="stmt" count="11"/>
      <line num="442" type="stmt" count="3"/>
      <line num="443" type="stmt" count="0"/>
      <line num="444" type="stmt" count="0"/>
      <line num="446" type="stmt" count="3"/>
      <line num="448" type="stmt" count="11"/>
      <line num="450" type="stmt" count="11"/>
      <line num="451" type="stmt" count="0"/>
      <line num="455" type="stmt" count="11"/>
      <line num="456" type="stmt" count="11"/>
      <line num="457" type="stmt" count="0"/>
      <line num="458" type="stmt" count="0"/>
      <line num="459" type="stmt" count="0"/>
      <line num="464" type="stmt" count="11"/>
      <line num="465" type="stmt" count="11"/>
      <line num="466" type="stmt" count="11"/>
      <line num="468" type="stmt" count="11"/>
      <line num="469" type="stmt" count="0"/>
      <line num="472" type="stmt" count="11"/>
      <line num="473" type="stmt" count="8"/>
      <line num="474" type="stmt" count="0"/>
      <line num="477" type="stmt" count="8"/>
      <line num="480" type="stmt" count="11"/>
      <line num="481" type="stmt" count="11"/>
      <line num="483" type="stmt" count="11"/>
      <line num="495" type="method" name="sanitizeTimestamp" visibility="public" complexity="2" crap="6" count="0"/>
      <line num="497" type="stmt" count="0"/>
      <line num="498" type="stmt" count="0"/>
      <line num="501" type="stmt" count="0"/>
      <line num="513" type="method" name="sanitizeFilename" visibility="public" complexity="2" crap="6" count="0"/>
      <line num="515" type="stmt" count="0"/>
      <line num="516" type="stmt" count="0"/>
      <line num="518" type="stmt" count="0"/>
      <line num="537" type="method" name="buildQuery" visibility="public" complexity="15" crap="195.15" count="12"/>
      <line num="539" type="stmt" count="12"/>
      <line num="540" type="stmt" count="12"/>
      <line num="543" type="stmt" count="0"/>
      <line num="544" type="stmt" count="0"/>
      <line num="545" type="stmt" count="0"/>
      <line num="546" type="stmt" count="0"/>
      <line num="547" type="stmt" count="0"/>
      <line num="548" type="stmt" count="0"/>
      <line num="550" type="stmt" count="0"/>
      <line num="553" type="stmt" count="0"/>
      <line num="554" type="stmt" count="0"/>
      <line num="555" type="stmt" count="0"/>
      <line num="557" type="stmt" count="0"/>
      <line num="558" type="stmt" count="0"/>
      <line num="559" type="stmt" count="0"/>
      <line num="560" type="stmt" count="0"/>
      <line num="561" type="stmt" count="0"/>
      <line num="562" type="stmt" count="0"/>
      <line num="563" type="stmt" count="0"/>
      <line num="564" type="stmt" count="0"/>
      <line num="566" type="stmt" count="0"/>
      <line num="568" type="stmt" count="0"/>
      <line num="569" type="stmt" count="0"/>
      <line num="570" type="stmt" count="0"/>
      <line num="571" type="stmt" count="0"/>
      <line num="572" type="stmt" count="0"/>
      <line num="574" type="stmt" count="0"/>
      <line num="579" type="stmt" count="0"/>
      <metrics loc="582" ncloc="401" classes="1" methods="14" coveredmethods="1" conditionals="0" coveredconditionals="0" statements="199" coveredstatements="67" elements="213" coveredelements="68"/>
    </file>
    <file name="/Users/mridang/Code/zitadel/client-php/lib/Version.php">
      <class name="Zitadel\Client\Version" namespace="global">
        <metrics complexity="0" methods="0" coveredmethods="0" conditionals="0" coveredconditionals="0" statements="0" coveredstatements="0" elements="0" coveredelements="0"/>
      </class>
      <metrics loc="9" ncloc="9" classes="0" methods="0" coveredmethods="0" conditionals="0" coveredconditionals="0" statements="0" coveredstatements="0" elements="0" coveredelements="0"/>
    </file>
    <file name="/Users/mridang/Code/zitadel/client-php/lib/Zitadel.php">
      <class name="Zitadel\Client\Zitadel" namespace="global">
        <metrics complexity="4" methods="4" coveredmethods="4" conditionals="0" coveredconditionals="0" statements="20" coveredstatements="20" elements="24" coveredelements="24"/>
      </class>
      <line num="34" type="method" name="__construct" visibility="public" complexity="1" crap="1" count="7"/>
      <line num="36" type="stmt" count="7"/>
      <line num="37" type="stmt" count="7"/>
      <line num="39" type="stmt" count="7"/>
      <line num="40" type="stmt" count="7"/>
      <line num="42" type="stmt" count="7"/>
      <line num="43" type="stmt" count="7"/>
      <line num="44" type="stmt" count="7"/>
      <line num="45" type="stmt" count="7"/>
      <line num="46" type="stmt" count="7"/>
      <line num="47" type="stmt" count="7"/>
      <line num="48" type="stmt" count="7"/>
      <line num="49" type="stmt" count="7"/>
      <line num="50" type="stmt" count="7"/>
      <line num="51" type="stmt" count="7"/>
      <line num="62" type="method" name="withAccessToken" visibility="public" complexity="1" crap="1" count="2"/>
      <line num="64" type="stmt" count="2"/>
      <line num="77" type="method" name="withClientCredentials" visibility="public" complexity="1" crap="1" count="2"/>
      <line num="79" type="stmt" count="2"/>
      <line num="80" type="stmt" count="2"/>
      <line num="81" type="stmt" count="2"/>
      <line num="82" type="stmt" count="2"/>
      <line num="94" type="method" name="withPrivateKey" visibility="public" complexity="1" crap="1" count="2"/>
      <line num="96" type="stmt" count="2"/>
      <metrics loc="99" ncloc="71" classes="1" methods="4" coveredmethods="4" conditionals="0" coveredconditionals="0" statements="20" coveredstatements="20" elements="24" coveredelements="24"/>
    </file>
    <file name="/Users/mridang/Code/zitadel/client-php/lib/ZitadelException.php">
      <class name="Zitadel\Client\ZitadelException" namespace="global">
        <metrics complexity="0" methods="0" coveredmethods="0" conditionals="0" coveredconditionals="0" statements="0" coveredstatements="0" elements="0" coveredelements="0"/>
      </class>
      <metrics loc="13" ncloc="10" classes="0" methods="0" coveredmethods="0" conditionals="0" coveredconditionals="0" statements="0" coveredstatements="0" elements="0" coveredelements="0"/>
    </file>
    <metrics files="17" loc="1826" ncloc="1082" classes="15" methods="75" coveredmethods="54" conditionals="0" coveredconditionals="0" statements="371" coveredstatements="225" elements="446" coveredelements="279"/>
  </project>
</coverage>
