<?xml version='1.0'?>
<!DOCTYPE coverage SYSTEM "http://cobertura.sourceforge.net/xml/coverage-04.dtd">
<!-- Generated by simplecov-cobertura version 2.1.0 (https://github.com/dashingrocket/simplecov-cobertura) -->
<coverage line-rate="0.85" lines-covered="315" lines-valid="370" complexity="0" version="0" timestamp="1749665247">
  <sources>
    <source>/Users/mridang/Code/zitadel/client-ruby</source>
  </sources>
  <packages>
    <package name="client-ruby" line-rate="0.85" complexity="0">
      <classes>
        <class name="api_client" filename="lib/zitadel/client/api_client.rb" line-rate="0.63" complexity="0">
          <methods/>
          <lines>
            <line number="10" hits="1"/>
            <line number="11" hits="1"/>
            <line number="12" hits="1"/>
            <line number="13" hits="1"/>
            <line number="14" hits="1"/>
            <line number="15" hits="1"/>
            <line number="16" hits="1"/>
            <line number="18" hits="1"/>
            <line number="19" hits="1"/>
            <line number="34" hits="1"/>
            <line number="36" hits="1"/>
            <line number="41" hits="1"/>
            <line number="46" hits="1"/>
            <line number="47" hits="37"/>
            <line number="49" hits="37"/>
            <line number="56" hits="1"/>
            <line number="57" hits="0"/>
            <line number="65" hits="1"/>
            <line number="66" hits="36"/>
            <line number="67" hits="34"/>
            <line number="68" hits="34"/>
            <line number="69" hits="34"/>
            <line number="71" hits="34"/>
            <line number="73" hits="34"/>
            <line number="74" hits="3"/>
            <line number="75" hits="0"/>
            <line number="76" hits="3"/>
            <line number="77" hits="0"/>
            <line number="79" hits="3"/>
            <line number="83" hits="31"/>
            <line number="84" hits="0"/>
            <line number="85" hits="31"/>
            <line number="86" hits="31"/>
            <line number="88" hits="31"/>
            <line number="91" hits="1"/>
            <line number="92" hits="36"/>
            <line number="93" hits="36"/>
            <line number="95" hits="36"/>
            <line number="96" hits="36"/>
            <line number="97" hits="36"/>
            <line number="98" hits="36"/>
            <line number="101" hits="34"/>
            <line number="107" hits="34"/>
            <line number="115" hits="34"/>
            <line number="117" hits="34"/>
            <line number="118" hits="24"/>
            <line number="119" hits="24"/>
            <line number="120" hits="24"/>
            <line number="123" hits="34"/>
            <line number="133" hits="1"/>
            <line number="135" hits="24"/>
            <line number="137" hits="0"/>
            <line number="138" hits="0"/>
            <line number="139" hits="0"/>
            <line number="142" hits="0"/>
            <line number="144" hits="0"/>
            <line number="147" hits="24"/>
            <line number="148" hits="20"/>
            <line number="150" hits="4"/>
            <line number="152" hits="24"/>
            <line number="165" hits="1"/>
            <line number="166" hits="0"/>
            <line number="167" hits="0"/>
            <line number="169" hits="0"/>
            <line number="170" hits="0"/>
            <line number="171" hits="0"/>
            <line number="172" hits="0"/>
            <line number="173" hits="0"/>
            <line number="175" hits="0"/>
            <line number="177" hits="0"/>
            <line number="178" hits="0"/>
            <line number="179" hits="0"/>
            <line number="182" hits="0"/>
            <line number="183" hits="0"/>
            <line number="184" hits="0"/>
            <line number="187" hits="0"/>
            <line number="188" hits="0"/>
            <line number="189" hits="0"/>
            <line number="190" hits="0"/>
            <line number="194" hits="0"/>
            <line number="198" hits="1"/>
            <line number="199" hits="0"/>
            <line number="211" hits="1"/>
            <line number="212" hits="86"/>
            <line number="220" hits="1"/>
            <line number="221" hits="31"/>
            <line number="222" hits="31"/>
            <line number="225" hits="31"/>
            <line number="228" hits="31"/>
            <line number="230" hits="31"/>
            <line number="233" hits="31"/>
            <line number="235" hits="0"/>
            <line number="237" hits="0"/>
            <line number="240" hits="31"/>
            <line number="248" hits="1"/>
            <line number="249" hits="31"/>
            <line number="252" hits="31"/>
            <line number="254" hits="0"/>
            <line number="256" hits="0"/>
            <line number="258" hits="0"/>
            <line number="260" hits="0"/>
            <line number="263" hits="0"/>
            <line number="266" hits="0"/>
            <line number="269" hits="1"/>
            <line number="272" hits="0"/>
            <line number="273" hits="0"/>
            <line number="276" hits="0"/>
            <line number="277" hits="0"/>
            <line number="278" hits="0"/>
            <line number="282" hits="30"/>
            <line number="283" hits="30"/>
            <line number="293" hits="1"/>
            <line number="294" hits="0"/>
            <line number="301" hits="1"/>
            <line number="302" hits="35"/>
            <line number="305" hits="70"/>
            <line number="306" hits="35"/>
            <line number="313" hits="1"/>
            <line number="315" hits="20"/>
            <line number="318" hits="40"/>
            <line number="319" hits="20"/>
            <line number="326" hits="1"/>
            <line number="327" hits="20"/>
            <line number="329" hits="20"/>
            <line number="330" hits="0"/>
            <line number="332" hits="20"/>
            <line number="334" hits="20"/>
            <line number="341" hits="1"/>
            <line number="342" hits="20"/>
            <line number="343" hits="20"/>
            <line number="345" hits="0"/>
            <line number="352" hits="1"/>
            <line number="353" hits="0"/>
            <line number="355" hits="0"/>
            <line number="357" hits="0"/>
            <line number="359" hits="0"/>
            <line number="361" hits="0"/>
            <line number="364" hits="0"/>
            <line number="366" hits="0"/>
          </lines>
        </class>
        <class name="api_error" filename="lib/zitadel/client/api_error.rb" line-rate="1.0" complexity="0">
          <methods/>
          <lines>
            <line number="3" hits="1"/>
            <line number="4" hits="1"/>
            <line number="9" hits="1"/>
            <line number="11" hits="1"/>
            <line number="14" hits="1"/>
            <line number="17" hits="1"/>
            <line number="23" hits="1"/>
            <line number="24" hits="4"/>
            <line number="25" hits="4"/>
            <line number="26" hits="4"/>
            <line number="27" hits="4"/>
          </lines>
        </class>
        <class name="authenticator" filename="lib/zitadel/client/auth/authenticator.rb" line-rate="1.0" complexity="0">
          <methods/>
          <lines>
            <line number="3" hits="1"/>
            <line number="5" hits="1"/>
            <line number="6" hits="1"/>
            <line number="7" hits="1"/>
            <line number="14" hits="1"/>
            <line number="15" hits="1"/>
            <line number="17" hits="1"/>
            <line number="24" hits="1"/>
            <line number="25" hits="52"/>
            <line number="37" hits="1"/>
            <line number="50" hits="1"/>
            <line number="51" hits="1"/>
            <line number="53" hits="1"/>
            <line number="60" hits="1"/>
            <line number="61" hits="15"/>
            <line number="62" hits="15"/>
            <line number="65" hits="1"/>
            <line number="73" hits="1"/>
            <line number="74" hits="6"/>
            <line number="75" hits="6"/>
          </lines>
        </class>
        <class name="client_credentials_authenticator" filename="lib/zitadel/client/auth/client_credentials_authenticator.rb" line-rate="1.0" complexity="0">
          <methods/>
          <lines>
            <line number="3" hits="1"/>
            <line number="4" hits="1"/>
            <line number="5" hits="1"/>
            <line number="7" hits="1"/>
            <line number="14" hits="1"/>
            <line number="16" hits="8"/>
            <line number="28" hits="1"/>
            <line number="29" hits="8"/>
            <line number="32" hits="1"/>
            <line number="37" hits="1"/>
            <line number="38" hits="8"/>
            <line number="42" hits="1"/>
            <line number="48" hits="1"/>
            <line number="50" hits="8"/>
            <line number="51" hits="8"/>
            <line number="52" hits="8"/>
            <line number="58" hits="1"/>
            <line number="59" hits="8"/>
          </lines>
        </class>
        <class name="no_auth_authenticator" filename="lib/zitadel/client/auth/no_auth_authenticator.rb" line-rate="1.0" complexity="0">
          <methods/>
          <lines>
            <line number="3" hits="1"/>
            <line number="4" hits="1"/>
            <line number="5" hits="1"/>
            <line number="12" hits="1"/>
            <line number="18" hits="1"/>
            <line number="19" hits="4"/>
            <line number="22" hits="1"/>
            <line number="29" hits="1"/>
            <line number="30" hits="2"/>
          </lines>
        </class>
        <class name="o_auth_authenticator" filename="lib/zitadel/client/auth/o_auth_authenticator.rb" line-rate="1.0" complexity="0">
          <methods/>
          <lines>
            <line number="3" hits="1"/>
            <line number="4" hits="1"/>
            <line number="6" hits="1"/>
            <line number="8" hits="1"/>
            <line number="11" hits="1"/>
            <line number="12" hits="1"/>
            <line number="13" hits="1"/>
            <line number="21" hits="1"/>
            <line number="22" hits="1"/>
            <line number="30" hits="1"/>
            <line number="31" hits="15"/>
            <line number="32" hits="15"/>
            <line number="33" hits="15"/>
            <line number="34" hits="15"/>
            <line number="35" hits="15"/>
            <line number="43" hits="1"/>
            <line number="44" hits="9"/>
            <line number="45" hits="9"/>
            <line number="46" hits="6"/>
            <line number="47" hits="4"/>
            <line number="50" hits="7"/>
            <line number="52" hits="7"/>
            <line number="60" hits="1"/>
            <line number="61" hits="6"/>
            <line number="77" hits="1"/>
            <line number="91" hits="1"/>
            <line number="92" hits="15"/>
            <line number="94" hits="2"/>
          </lines>
        </class>
        <class name="open_id" filename="lib/zitadel/client/auth/open_id.rb" line-rate="1.0" complexity="0">
          <methods/>
          <lines>
            <line number="3" hits="1"/>
            <line number="4" hits="1"/>
            <line number="5" hits="1"/>
            <line number="7" hits="1"/>
            <line number="8" hits="1"/>
            <line number="9" hits="1"/>
            <line number="16" hits="1"/>
            <line number="17" hits="1"/>
            <line number="26" hits="1"/>
            <line number="27" hits="15"/>
            <line number="28" hits="15"/>
            <line number="29" hits="15"/>
            <line number="31" hits="15"/>
            <line number="32" hits="15"/>
            <line number="33" hits="15"/>
            <line number="35" hits="15"/>
            <line number="36" hits="15"/>
            <line number="37" hits="15"/>
            <line number="39" hits="15"/>
            <line number="48" hits="1"/>
            <line number="49" hits="15"/>
          </lines>
        </class>
        <class name="personal_access_token_authenticator" filename="lib/zitadel/client/auth/personal_access_token_authenticator.rb" line-rate="1.0" complexity="0">
          <methods/>
          <lines>
            <line number="3" hits="1"/>
            <line number="4" hits="1"/>
            <line number="5" hits="1"/>
            <line number="11" hits="1"/>
            <line number="18" hits="1"/>
            <line number="20" hits="33"/>
            <line number="21" hits="33"/>
            <line number="24" hits="1"/>
            <line number="31" hits="1"/>
            <line number="32" hits="33"/>
          </lines>
        </class>
        <class name="web_token_authenticator" filename="lib/zitadel/client/auth/web_token_authenticator.rb" line-rate="0.96" complexity="0">
          <methods/>
          <lines>
            <line number="3" hits="1"/>
            <line number="4" hits="1"/>
            <line number="6" hits="1"/>
            <line number="7" hits="1"/>
            <line number="8" hits="1"/>
            <line number="16" hits="1"/>
            <line number="29" hits="1"/>
            <line number="32" hits="7"/>
            <line number="36" hits="7"/>
            <line number="37" hits="7"/>
            <line number="38" hits="7"/>
            <line number="39" hits="7"/>
            <line number="40" hits="7"/>
            <line number="41" hits="7"/>
            <line number="42" hits="7"/>
            <line number="62" hits="1"/>
            <line number="63" hits="2"/>
            <line number="65" hits="0"/>
            <line number="67" hits="0"/>
            <line number="69" hits="2"/>
            <line number="71" hits="2"/>
            <line number="72" hits="2"/>
            <line number="74" hits="2"/>
            <line number="83" hits="1"/>
            <line number="84" hits="7"/>
            <line number="87" hits="1"/>
            <line number="93" hits="1"/>
            <line number="94" hits="7"/>
            <line number="99" hits="7"/>
            <line number="120" hits="1"/>
            <line number="128" hits="1"/>
            <line number="130" hits="7"/>
            <line number="131" hits="7"/>
            <line number="132" hits="7"/>
            <line number="133" hits="7"/>
            <line number="134" hits="7"/>
            <line number="135" hits="7"/>
            <line number="142" hits="1"/>
            <line number="143" hits="5"/>
            <line number="144" hits="5"/>
            <line number="147" hits="1"/>
            <line number="148" hits="2"/>
            <line number="149" hits="2"/>
            <line number="155" hits="1"/>
            <line number="156" hits="7"/>
          </lines>
        </class>
        <class name="configuration" filename="lib/zitadel/client/configuration.rb" line-rate="0.97" complexity="0">
          <methods/>
          <lines>
            <line number="3" hits="1"/>
            <line number="4" hits="1"/>
            <line number="21" hits="1"/>
            <line number="23" hits="1"/>
            <line number="42" hits="1"/>
            <line number="51" hits="1"/>
            <line number="60" hits="1"/>
            <line number="67" hits="1"/>
            <line number="75" hits="1"/>
            <line number="84" hits="1"/>
            <line number="94" hits="1"/>
            <line number="104" hits="1"/>
            <line number="114" hits="1"/>
            <line number="123" hits="1"/>
            <line number="131" hits="1"/>
            <line number="142" hits="1"/>
            <line number="150" hits="1"/>
            <line number="153" hits="1"/>
            <line number="154" hits="38"/>
            <line number="155" hits="38"/>
            <line number="156" hits="38"/>
            <line number="157" hits="38"/>
            <line number="158" hits="38"/>
            <line number="159" hits="38"/>
            <line number="160" hits="38"/>
            <line number="161" hits="38"/>
            <line number="162" hits="38"/>
            <line number="163" hits="38"/>
            <line number="164" hits="38"/>
            <line number="166" hits="38"/>
            <line number="175" hits="1"/>
            <line number="176" hits="0"/>
          </lines>
        </class>
        <class name="url_util" filename="lib/zitadel/client/utils/url_util.rb" line-rate="1.0" complexity="0">
          <methods/>
          <lines>
            <line number="3" hits="1"/>
            <line number="5" hits="1"/>
            <line number="6" hits="1"/>
            <line number="7" hits="1"/>
            <line number="10" hits="1"/>
            <line number="17" hits="1"/>
            <line number="18" hits="33"/>
            <line number="19" hits="33"/>
            <line number="20" hits="33"/>
          </lines>
        </class>
        <class name="zitadel" filename="lib/zitadel/client/zitadel.rb" line-rate="1.0" complexity="0">
          <methods/>
          <lines>
            <line number="3" hits="1"/>
            <line number="4" hits="1"/>
            <line number="9" hits="1"/>
            <line number="10" hits="1"/>
            <line number="25" hits="1"/>
            <line number="27" hits="36"/>
            <line number="28" hits="36"/>
            <line number="30" hits="36"/>
            <line number="32" hits="36"/>
            <line number="33" hits="36"/>
            <line number="34" hits="36"/>
            <line number="35" hits="36"/>
            <line number="36" hits="36"/>
            <line number="37" hits="36"/>
            <line number="38" hits="36"/>
            <line number="39" hits="36"/>
            <line number="40" hits="36"/>
            <line number="41" hits="36"/>
            <line number="46" hits="1"/>
            <line number="55" hits="1"/>
            <line number="56" hits="31"/>
            <line number="66" hits="1"/>
            <line number="67" hits="2"/>
            <line number="80" hits="1"/>
            <line number="81" hits="2"/>
          </lines>
        </class>
        <class name="zitadel_error" filename="lib/zitadel/client/zitadel_error.rb" line-rate="1.0" complexity="0">
          <methods/>
          <lines>
            <line number="3" hits="1"/>
            <line number="4" hits="1"/>
            <line number="7" hits="1"/>
          </lines>
        </class>
      </classes>
    </package>
  </packages>
</coverage>