TN:
SF:src/api-exception.ts
FN:29,(anonymous_0)
FN:45,(anonymous_1)
FN:54,(anonymous_2)
FN:63,(anonymous_3)
FNF:4
FNH:4
FNDA:4,(anonymous_0)
FNDA:1,(anonymous_1)
FNDA:1,(anonymous_2)
FNDA:1,(anonymous_3)
DA:35,4
DA:36,4
DA:37,4
DA:46,1
DA:55,1
DA:64,1
LF:6
LH:6
BRDA:32,0,0,0
BRDA:33,1,0,0
BRF:2
BRH:0
end_of_record
TN:
SF:src/configuration.ts
FN:9,(anonymous_0)
FN:22,(anonymous_1)
FN:26,(anonymous_2)
FN:30,(anonymous_3)
FN:33,(anonymous_4)
FNF:5
FNH:5
FNDA:13,(anonymous_0)
FNDA:34,(anonymous_1)
FNDA:71,(anonymous_2)
FNDA:36,(anonymous_3)
FNDA:33,(anonymous_4)
DA:10,13
DA:11,13
DA:17,13
DA:23,34
DA:30,71
DA:34,33
LF:6
LH:6
BRDA:10,0,0,0
BRDA:11,1,0,12
BRDA:18,2,0,13
BRDA:18,2,1,12
BRF:4
BRH:3
end_of_record
TN:
SF:src/index.ts
FN:39,(anonymous_0)
FN:71,(anonymous_1)
FN:85,(anonymous_2)
FN:108,(anonymous_3)
FNF:4
FNH:4
FNDA:9,(anonymous_0)
FNDA:4,(anonymous_1)
FNDA:2,(anonymous_2)
FNDA:2,(anonymous_3)
DA:43,9
DA:45,9
DA:46,0
DA:51,9
DA:52,9
DA:53,9
DA:54,9
DA:55,9
DA:56,9
DA:57,9
DA:58,9
DA:59,9
DA:60,9
DA:72,4
DA:90,2
DA:96,2
DA:112,2
DA:114,2
LF:18
LH:17
BRDA:45,0,0,0
BRDA:45,0,1,9
BRF:2
BRH:1
end_of_record
TN:
SF:src/runtime.ts
FN:15,(anonymous_0)
FN:29,(anonymous_1)
FN:36,(anonymous_2)
FN:49,(anonymous_3)
FN:58,(anonymous_4)
FN:81,(anonymous_5)
FN:88,(anonymous_6)
FN:125,(anonymous_7)
FN:146,isBlob
FN:150,isFormData
FN:156,(anonymous_10)
FN:167,(anonymous_11)
FN:224,querystring
FN:226,(anonymous_13)
FN:227,(anonymous_14)
FN:231,querystringSingleKey
FN:248,(anonymous_16)
FN:266,mapValues
FN:268,(anonymous_18)
FN:284,(anonymous_19)
FN:286,(anonymous_20)
FN:289,(anonymous_21)
FNF:22
FNH:11
FNDA:90,(anonymous_0)
FNDA:33,(anonymous_1)
FNDA:33,(anonymous_2)
FNDA:0,(anonymous_3)
FNDA:33,(anonymous_4)
FNDA:86,(anonymous_5)
FNDA:33,(anonymous_6)
FNDA:33,(anonymous_7)
FNDA:33,isBlob
FNDA:33,isFormData
FNDA:0,(anonymous_10)
FNDA:0,(anonymous_11)
FNDA:0,querystring
FNDA:0,(anonymous_13)
FNDA:0,(anonymous_14)
FNDA:0,querystringSingleKey
FNDA:0,(anonymous_16)
FNDA:0,mapValues
FNDA:0,(anonymous_18)
FNDA:30,(anonymous_19)
FNDA:0,(anonymous_20)
FNDA:30,(anonymous_21)
DA:10,6
DA:15,90
DA:30,33
DA:31,13
DA:33,20
DA:40,33
DA:41,33
DA:42,33
DA:43,30
DA:45,3
DA:49,0
DA:62,33
DA:63,33
DA:70,0
DA:73,33
DA:81,33
DA:82,86
DA:86,33
DA:88,33
DA:90,33
DA:96,33
DA:105,33
DA:110,0
DA:111,33
DA:112,20
DA:114,13
DA:117,33
DA:122,33
DA:125,90
DA:126,33
DA:127,33
DA:128,33
DA:129,33
DA:131,0
DA:132,0
DA:133,0
DA:138,0
DA:142,33
DA:147,33
DA:151,33
DA:154,0
DA:157,0
DA:160,0
DA:165,0
DA:168,0
DA:171,0
DA:175,6
DA:225,0
DA:226,0
DA:227,0
DA:245,0
DA:246,0
DA:247,0
DA:248,0
DA:250,0
DA:252,0
DA:253,0
DA:254,0
DA:256,0
DA:257,0
DA:260,0
DA:261,0
DA:263,0
DA:267,0
DA:268,0
DA:285,30
DA:286,30
DA:290,30
LF:68
LH:37
BRDA:15,0,0,0
BRDA:30,1,0,13
BRDA:42,2,0,30
BRDA:42,3,0,33
BRDA:42,3,1,33
BRDA:42,3,2,33
BRDA:51,4,0,0
BRDA:51,4,1,0
BRDA:63,5,0,0
BRDA:64,6,0,33
BRDA:64,6,1,33
BRDA:82,7,0,0
BRDA:82,7,1,86
BRDA:86,8,0,0
BRDA:86,8,1,33
BRDA:105,9,0,0
BRDA:105,9,1,33
BRDA:106,10,0,33
BRDA:106,10,1,33
BRDA:106,10,2,33
BRDA:111,11,0,20
BRDA:111,11,1,13
BRDA:131,12,0,0
BRDA:132,13,0,0
BRDA:132,13,1,0
BRDA:147,14,0,33
BRDA:147,14,1,33
BRDA:151,15,0,33
BRDA:151,15,1,33
BRDA:224,16,0,0
BRDA:243,17,0,0
BRDA:245,18,0,0
BRDA:245,18,1,0
BRDA:246,19,0,0
BRDA:252,20,0,0
BRDA:256,21,0,0
BRDA:260,22,0,0
BRDA:286,23,0,0
BRF:38
BRH:19
end_of_record
TN:
SF:src/version.ts
FNF:0
FNH:0
DA:1,7
LF:1
LH:1
BRF:0
BRH:0
end_of_record
TN:
SF:src/zitadel-exception.ts
FN:10,(anonymous_0)
FN:17,(anonymous_1)
FNF:2
FNH:2
FNDA:6,(anonymous_0)
FNDA:1,(anonymous_1)
DA:11,6
DA:12,6
DA:13,6
DA:18,1
LF:4
LH:4
BRDA:10,0,0,2
BRF:1
BRH:1
end_of_record
TN:
SF:src/apis/ActionServiceApi.ts
FN:108,(anonymous_0)
FN:138,(anonymous_1)
FN:145,(anonymous_2)
FN:154,(anonymous_3)
FN:181,(anonymous_4)
FN:188,(anonymous_5)
FN:197,(anonymous_6)
FN:224,(anonymous_7)
FN:231,(anonymous_8)
FN:240,(anonymous_9)
FN:260,(anonymous_10)
FN:267,(anonymous_11)
FN:276,(anonymous_12)
FN:296,(anonymous_13)
FN:303,(anonymous_14)
FN:312,(anonymous_15)
FN:332,(anonymous_16)
FN:339,(anonymous_17)
FN:348,(anonymous_18)
FN:384,(anonymous_19)
FN:391,(anonymous_20)
FN:400,(anonymous_21)
FN:430,(anonymous_22)
FN:437,(anonymous_23)
FN:446,(anonymous_24)
FN:476,(anonymous_25)
FN:483,(anonymous_26)
FN:492,(anonymous_27)
FN:529,(anonymous_28)
FN:536,(anonymous_29)
FNF:30
FNH:0
FNDA:0,(anonymous_0)
FNDA:0,(anonymous_1)
FNDA:0,(anonymous_2)
FNDA:0,(anonymous_3)
FNDA:0,(anonymous_4)
FNDA:0,(anonymous_5)
FNDA:0,(anonymous_6)
FNDA:0,(anonymous_7)
FNDA:0,(anonymous_8)
FNDA:0,(anonymous_9)
FNDA:0,(anonymous_10)
FNDA:0,(anonymous_11)
FNDA:0,(anonymous_12)
FNDA:0,(anonymous_13)
FNDA:0,(anonymous_14)
FNDA:0,(anonymous_15)
FNDA:0,(anonymous_16)
FNDA:0,(anonymous_17)
FNDA:0,(anonymous_18)
FNDA:0,(anonymous_19)
FNDA:0,(anonymous_20)
FNDA:0,(anonymous_21)
FNDA:0,(anonymous_22)
FNDA:0,(anonymous_23)
FNDA:0,(anonymous_24)
FNDA:0,(anonymous_25)
FNDA:0,(anonymous_26)
FNDA:0,(anonymous_27)
FNDA:0,(anonymous_28)
FNDA:0,(anonymous_29)
DA:109,0
DA:110,0
DA:116,0
DA:118,0
DA:120,0
DA:122,0
DA:123,0
DA:124,0
DA:126,0
DA:127,0
DA:130,0
DA:138,0
DA:146,0
DA:147,0
DA:155,0
DA:156,0
DA:162,0
DA:164,0
DA:166,0
DA:167,0
DA:168,0
DA:170,0
DA:171,0
DA:174,0
DA:181,0
DA:189,0
DA:190,0
DA:198,0
DA:199,0
DA:205,0
DA:207,0
DA:209,0
DA:210,0
DA:211,0
DA:213,0
DA:214,0
DA:217,0
DA:224,0
DA:232,0
DA:233,0
DA:241,0
DA:243,0
DA:245,0
DA:246,0
DA:247,0
DA:249,0
DA:250,0
DA:253,0
DA:260,0
DA:268,0
DA:269,0
DA:277,0
DA:279,0
DA:281,0
DA:282,0
DA:283,0
DA:285,0
DA:286,0
DA:289,0
DA:296,0
DA:304,0
DA:305,0
DA:313,0
DA:315,0
DA:317,0
DA:318,0
DA:319,0
DA:321,0
DA:322,0
DA:325,0
DA:332,0
DA:340,0
DA:341,0
DA:349,0
DA:351,0
DA:352,0
DA:355,0
DA:356,0
DA:359,0
DA:360,0
DA:363,0
DA:364,0
DA:367,0
DA:369,0
DA:370,0
DA:371,0
DA:373,0
DA:374,0
DA:377,0
DA:384,0
DA:392,0
DA:393,0
DA:401,0
DA:402,0
DA:408,0
DA:410,0
DA:412,0
DA:414,0
DA:415,0
DA:416,0
DA:418,0
DA:419,0
DA:422,0
DA:430,0
DA:438,0
DA:439,0
DA:447,0
DA:448,0
DA:454,0
DA:456,0
DA:458,0
DA:460,0
DA:461,0
DA:462,0
DA:464,0
DA:465,0
DA:468,0
DA:476,0
DA:484,0
DA:485,0
DA:493,0
DA:494,0
DA:500,0
DA:501,0
DA:507,0
DA:509,0
DA:511,0
DA:513,0
DA:514,0
DA:515,0
DA:517,0
DA:518,0
DA:521,0
DA:529,0
DA:537,0
DA:538,0
DA:546,6
LF:137
LH:1
BRDA:109,0,0,0
BRDA:122,1,0,0
BRDA:122,2,0,0
BRDA:122,2,1,0
BRDA:126,3,0,0
BRDA:155,4,0,0
BRDA:166,5,0,0
BRDA:166,6,0,0
BRDA:166,6,1,0
BRDA:170,7,0,0
BRDA:198,8,0,0
BRDA:209,9,0,0
BRDA:209,10,0,0
BRDA:209,10,1,0
BRDA:213,11,0,0
BRDA:245,12,0,0
BRDA:245,13,0,0
BRDA:245,13,1,0
BRDA:249,14,0,0
BRDA:281,15,0,0
BRDA:281,16,0,0
BRDA:281,16,1,0
BRDA:285,17,0,0
BRDA:317,18,0,0
BRDA:317,19,0,0
BRDA:317,19,1,0
BRDA:321,20,0,0
BRDA:351,21,0,0
BRDA:355,22,0,0
BRDA:359,23,0,0
BRDA:363,24,0,0
BRDA:369,25,0,0
BRDA:369,26,0,0
BRDA:369,26,1,0
BRDA:373,27,0,0
BRDA:391,28,0,0
BRDA:401,29,0,0
BRDA:414,30,0,0
BRDA:414,31,0,0
BRDA:414,31,1,0
BRDA:418,32,0,0
BRDA:447,33,0,0
BRDA:460,34,0,0
BRDA:460,35,0,0
BRDA:460,35,1,0
BRDA:464,36,0,0
BRDA:493,37,0,0
BRDA:500,38,0,0
BRDA:513,39,0,0
BRDA:513,40,0,0
BRDA:513,40,1,0
BRDA:517,41,0,0
BRF:52
BRH:0
end_of_record
TN:
SF:src/apis/FeatureServiceApi.ts
FN:114,(anonymous_0)
FN:138,(anonymous_1)
FN:145,(anonymous_2)
FN:154,(anonymous_3)
FN:185,(anonymous_4)
FN:192,(anonymous_5)
FN:201,(anonymous_6)
FN:221,(anonymous_7)
FN:228,(anonymous_8)
FN:237,(anonymous_9)
FN:268,(anonymous_10)
FN:275,(anonymous_11)
FN:284,(anonymous_12)
FN:304,(anonymous_13)
FN:311,(anonymous_14)
FN:320,(anonymous_15)
FN:347,(anonymous_16)
FN:354,(anonymous_17)
FN:363,(anonymous_18)
FN:383,(anonymous_19)
FN:390,(anonymous_20)
FN:399,(anonymous_21)
FN:426,(anonymous_22)
FN:433,(anonymous_23)
FN:442,(anonymous_24)
FN:472,(anonymous_25)
FN:479,(anonymous_26)
FN:488,(anonymous_27)
FN:515,(anonymous_28)
FN:522,(anonymous_29)
FN:531,(anonymous_30)
FN:561,(anonymous_31)
FN:568,(anonymous_32)
FN:577,(anonymous_33)
FN:604,(anonymous_34)
FN:611,(anonymous_35)
FNF:36
FNH:0
FNDA:0,(anonymous_0)
FNDA:0,(anonymous_1)
FNDA:0,(anonymous_2)
FNDA:0,(anonymous_3)
FNDA:0,(anonymous_4)
FNDA:0,(anonymous_5)
FNDA:0,(anonymous_6)
FNDA:0,(anonymous_7)
FNDA:0,(anonymous_8)
FNDA:0,(anonymous_9)
FNDA:0,(anonymous_10)
FNDA:0,(anonymous_11)
FNDA:0,(anonymous_12)
FNDA:0,(anonymous_13)
FNDA:0,(anonymous_14)
FNDA:0,(anonymous_15)
FNDA:0,(anonymous_16)
FNDA:0,(anonymous_17)
FNDA:0,(anonymous_18)
FNDA:0,(anonymous_19)
FNDA:0,(anonymous_20)
FNDA:0,(anonymous_21)
FNDA:0,(anonymous_22)
FNDA:0,(anonymous_23)
FNDA:0,(anonymous_24)
FNDA:0,(anonymous_25)
FNDA:0,(anonymous_26)
FNDA:0,(anonymous_27)
FNDA:0,(anonymous_28)
FNDA:0,(anonymous_29)
FNDA:0,(anonymous_30)
FNDA:0,(anonymous_31)
FNDA:0,(anonymous_32)
FNDA:0,(anonymous_33)
FNDA:0,(anonymous_34)
FNDA:0,(anonymous_35)
DA:115,0
DA:117,0
DA:118,0
DA:121,0
DA:123,0
DA:124,0
DA:125,0
DA:127,0
DA:128,0
DA:131,0
DA:138,0
DA:146,0
DA:147,0
DA:155,0
DA:156,0
DA:162,0
DA:164,0
DA:165,0
DA:168,0
DA:170,0
DA:171,0
DA:172,0
DA:174,0
DA:175,0
DA:178,0
DA:185,0
DA:193,0
DA:194,0
DA:202,0
DA:204,0
DA:206,0
DA:207,0
DA:208,0
DA:210,0
DA:211,0
DA:214,0
DA:221,0
DA:229,0
DA:230,0
DA:238,0
DA:239,0
DA:245,0
DA:247,0
DA:248,0
DA:251,0
DA:253,0
DA:254,0
DA:255,0
DA:257,0
DA:258,0
DA:261,0
DA:268,0
DA:276,0
DA:277,0
DA:285,0
DA:287,0
DA:289,0
DA:290,0
DA:291,0
DA:293,0
DA:294,0
DA:297,0
DA:304,0
DA:312,0
DA:313,0
DA:321,0
DA:322,0
DA:328,0
DA:330,0
DA:332,0
DA:333,0
DA:334,0
DA:336,0
DA:337,0
DA:340,0
DA:347,0
DA:355,0
DA:356,0
DA:364,0
DA:366,0
DA:368,0
DA:369,0
DA:370,0
DA:372,0
DA:373,0
DA:376,0
DA:383,0
DA:391,0
DA:392,0
DA:400,0
DA:401,0
DA:407,0
DA:409,0
DA:411,0
DA:412,0
DA:413,0
DA:415,0
DA:416,0
DA:419,0
DA:426,0
DA:434,0
DA:435,0
DA:443,0
DA:444,0
DA:450,0
DA:452,0
DA:454,0
DA:456,0
DA:457,0
DA:458,0
DA:460,0
DA:461,0
DA:464,0
DA:472,0
DA:480,0
DA:481,0
DA:489,0
DA:490,0
DA:496,0
DA:498,0
DA:500,0
DA:501,0
DA:502,0
DA:504,0
DA:505,0
DA:508,0
DA:515,0
DA:523,0
DA:524,0
DA:532,0
DA:533,0
DA:539,0
DA:541,0
DA:543,0
DA:545,0
DA:546,0
DA:547,0
DA:549,0
DA:550,0
DA:553,0
DA:561,0
DA:569,0
DA:570,0
DA:578,0
DA:579,0
DA:585,0
DA:587,0
DA:589,0
DA:590,0
DA:591,0
DA:593,0
DA:594,0
DA:597,0
DA:604,0
DA:612,0
DA:613,0
LF:156
LH:0
BRDA:117,0,0,0
BRDA:123,1,0,0
BRDA:123,2,0,0
BRDA:123,2,1,0
BRDA:127,3,0,0
BRDA:145,4,0,0
BRDA:155,5,0,0
BRDA:164,6,0,0
BRDA:170,7,0,0
BRDA:170,8,0,0
BRDA:170,8,1,0
BRDA:174,9,0,0
BRDA:206,10,0,0
BRDA:206,11,0,0
BRDA:206,11,1,0
BRDA:210,12,0,0
BRDA:238,13,0,0
BRDA:247,14,0,0
BRDA:253,15,0,0
BRDA:253,16,0,0
BRDA:253,16,1,0
BRDA:257,17,0,0
BRDA:289,18,0,0
BRDA:289,19,0,0
BRDA:289,19,1,0
BRDA:293,20,0,0
BRDA:321,21,0,0
BRDA:332,22,0,0
BRDA:332,23,0,0
BRDA:332,23,1,0
BRDA:336,24,0,0
BRDA:368,25,0,0
BRDA:368,26,0,0
BRDA:368,26,1,0
BRDA:372,27,0,0
BRDA:400,28,0,0
BRDA:411,29,0,0
BRDA:411,30,0,0
BRDA:411,30,1,0
BRDA:415,31,0,0
BRDA:443,32,0,0
BRDA:456,33,0,0
BRDA:456,34,0,0
BRDA:456,34,1,0
BRDA:460,35,0,0
BRDA:489,36,0,0
BRDA:500,37,0,0
BRDA:500,38,0,0
BRDA:500,38,1,0
BRDA:504,39,0,0
BRDA:532,40,0,0
BRDA:545,41,0,0
BRDA:545,42,0,0
BRDA:545,42,1,0
BRDA:549,43,0,0
BRDA:578,44,0,0
BRDA:589,45,0,0
BRDA:589,46,0,0
BRDA:589,46,1,0
BRDA:593,47,0,0
BRF:60
BRH:0
end_of_record
TN:
SF:src/apis/IdentityProviderServiceApi.ts
FN:41,(anonymous_0)
FN:68,(anonymous_1)
FN:75,(anonymous_2)
FNF:3
FNH:0
FNDA:0,(anonymous_0)
FNDA:0,(anonymous_1)
FNDA:0,(anonymous_2)
DA:42,0
DA:43,0
DA:49,0
DA:51,0
DA:53,0
DA:54,0
DA:55,0
DA:57,0
DA:58,0
DA:61,0
DA:68,0
DA:76,0
DA:77,0
LF:13
LH:0
BRDA:42,0,0,0
BRDA:53,1,0,0
BRDA:53,2,0,0
BRDA:53,2,1,0
BRDA:57,3,0,0
BRF:5
BRH:0
end_of_record
TN:
SF:src/apis/OIDCServiceApi.ts
FN:67,(anonymous_0)
FN:111,(anonymous_1)
FN:120,(anonymous_2)
FN:157,(anonymous_3)
FN:164,(anonymous_4)
FN:173,(anonymous_5)
FN:200,(anonymous_6)
FN:207,(anonymous_7)
FN:216,(anonymous_8)
FN:243,(anonymous_9)
FN:250,(anonymous_10)
FNF:11
FNH:0
FNDA:0,(anonymous_0)
FNDA:0,(anonymous_1)
FNDA:0,(anonymous_2)
FNDA:0,(anonymous_3)
FNDA:0,(anonymous_4)
FNDA:0,(anonymous_5)
FNDA:0,(anonymous_6)
FNDA:0,(anonymous_7)
FNDA:0,(anonymous_8)
FNDA:0,(anonymous_9)
FNDA:0,(anonymous_10)
DA:68,0
DA:69,0
DA:75,0
DA:76,0
DA:82,0
DA:84,0
DA:86,0
DA:88,0
DA:89,0
DA:90,0
DA:92,0
DA:93,0
DA:96,0
DA:104,0
DA:112,0
DA:113,0
DA:121,0
DA:122,0
DA:128,0
DA:129,0
DA:135,0
DA:137,0
DA:139,0
DA:141,0
DA:142,0
DA:143,0
DA:145,0
DA:146,0
DA:149,0
DA:157,0
DA:165,0
DA:166,0
DA:174,0
DA:175,0
DA:181,0
DA:183,0
DA:185,0
DA:186,0
DA:187,0
DA:189,0
DA:190,0
DA:193,0
DA:200,0
DA:208,0
DA:209,0
DA:217,0
DA:218,0
DA:224,0
DA:226,0
DA:228,0
DA:229,0
DA:230,0
DA:232,0
DA:233,0
DA:236,0
DA:243,0
DA:251,0
DA:252,0
LF:58
LH:0
BRDA:68,0,0,0
BRDA:75,1,0,0
BRDA:88,2,0,0
BRDA:88,3,0,0
BRDA:88,3,1,0
BRDA:92,4,0,0
BRDA:121,5,0,0
BRDA:128,6,0,0
BRDA:141,7,0,0
BRDA:141,8,0,0
BRDA:141,8,1,0
BRDA:145,9,0,0
BRDA:174,10,0,0
BRDA:185,11,0,0
BRDA:185,12,0,0
BRDA:185,12,1,0
BRDA:189,13,0,0
BRDA:217,14,0,0
BRDA:228,15,0,0
BRDA:228,16,0,0
BRDA:228,16,1,0
BRDA:232,17,0,0
BRF:22
BRH:0
end_of_record
TN:
SF:src/apis/OrganizationServiceApi.ts
FN:54,(anonymous_0)
FN:84,(anonymous_1)
FN:91,(anonymous_2)
FN:100,(anonymous_3)
FN:130,(anonymous_4)
FN:137,(anonymous_5)
FNF:6
FNH:0
FNDA:0,(anonymous_0)
FNDA:0,(anonymous_1)
FNDA:0,(anonymous_2)
FNDA:0,(anonymous_3)
FNDA:0,(anonymous_4)
FNDA:0,(anonymous_5)
DA:55,0
DA:56,0
DA:62,0
DA:64,0
DA:66,0
DA:68,0
DA:69,0
DA:70,0
DA:72,0
DA:73,0
DA:76,0
DA:84,0
DA:92,0
DA:93,0
DA:101,0
DA:102,0
DA:108,0
DA:110,0
DA:112,0
DA:114,0
DA:115,0
DA:116,0
DA:118,0
DA:119,0
DA:122,0
DA:130,0
DA:138,0
DA:139,0
LF:28
LH:0
BRDA:55,0,0,0
BRDA:68,1,0,0
BRDA:68,2,0,0
BRDA:68,2,1,0
BRDA:72,3,0,0
BRDA:101,4,0,0
BRDA:114,5,0,0
BRDA:114,6,0,0
BRDA:114,6,1,0
BRDA:118,7,0,0
BRF:10
BRH:0
end_of_record
TN:
SF:src/apis/SAMLServiceApi.ts
FN:52,(anonymous_0)
FN:89,(anonymous_1)
FN:96,(anonymous_2)
FN:105,(anonymous_3)
FN:132,(anonymous_4)
FN:139,(anonymous_5)
FNF:6
FNH:0
FNDA:0,(anonymous_0)
FNDA:0,(anonymous_1)
FNDA:0,(anonymous_2)
FNDA:0,(anonymous_3)
FNDA:0,(anonymous_4)
FNDA:0,(anonymous_5)
DA:53,0
DA:54,0
DA:60,0
DA:61,0
DA:67,0
DA:69,0
DA:71,0
DA:73,0
DA:74,0
DA:75,0
DA:77,0
DA:78,0
DA:81,0
DA:89,0
DA:97,0
DA:98,0
DA:106,0
DA:107,0
DA:113,0
DA:115,0
DA:117,0
DA:118,0
DA:119,0
DA:121,0
DA:122,0
DA:125,0
DA:132,0
DA:140,0
DA:141,0
LF:29
LH:0
BRDA:53,0,0,0
BRDA:60,1,0,0
BRDA:73,2,0,0
BRDA:73,3,0,0
BRDA:73,3,1,0
BRDA:77,4,0,0
BRDA:106,5,0,0
BRDA:117,6,0,0
BRDA:117,7,0,0
BRDA:117,7,1,0
BRDA:121,8,0,0
BRF:11
BRH:0
end_of_record
TN:
SF:src/apis/SessionServiceApi.ts
FN:84,(anonymous_0)
FN:114,(anonymous_1)
FN:121,(anonymous_2)
FN:130,(anonymous_3)
FN:167,(anonymous_4)
FN:174,(anonymous_5)
FN:183,(anonymous_6)
FN:214,(anonymous_7)
FN:221,(anonymous_8)
FN:230,(anonymous_9)
FN:260,(anonymous_10)
FN:267,(anonymous_11)
FN:276,(anonymous_12)
FN:313,(anonymous_13)
FN:320,(anonymous_14)
FNF:15
FNH:15
FNDA:4,(anonymous_0)
FNDA:4,(anonymous_1)
FNDA:4,(anonymous_2)
FNDA:4,(anonymous_3)
FNDA:4,(anonymous_4)
FNDA:4,(anonymous_5)
FNDA:2,(anonymous_6)
FNDA:1,(anonymous_7)
FNDA:2,(anonymous_8)
FNDA:1,(anonymous_9)
FNDA:1,(anonymous_10)
FNDA:1,(anonymous_11)
FNDA:1,(anonymous_12)
FNDA:1,(anonymous_13)
FNDA:1,(anonymous_14)
DA:85,4
DA:86,0
DA:92,4
DA:94,4
DA:96,4
DA:98,4
DA:99,4
DA:100,4
DA:102,4
DA:103,4
DA:106,4
DA:114,4
DA:122,4
DA:123,4
DA:131,4
DA:132,0
DA:138,4
DA:139,0
DA:145,4
DA:147,4
DA:149,4
DA:151,4
DA:152,4
DA:153,4
DA:155,4
DA:156,4
DA:159,4
DA:167,4
DA:175,4
DA:176,4
DA:184,2
DA:185,0
DA:191,2
DA:193,2
DA:194,0
DA:197,2
DA:199,2
DA:200,2
DA:201,2
DA:203,2
DA:204,2
DA:207,2
DA:214,1
DA:222,2
DA:223,1
DA:231,1
DA:232,0
DA:238,1
DA:240,1
DA:242,1
DA:244,1
DA:245,1
DA:246,1
DA:248,1
DA:249,1
DA:252,1
DA:260,1
DA:268,1
DA:269,1
DA:277,1
DA:278,0
DA:284,1
DA:285,0
DA:291,1
DA:293,1
DA:295,1
DA:297,1
DA:298,1
DA:299,1
DA:301,1
DA:302,1
DA:305,1
DA:313,1
DA:321,1
DA:322,1
LF:75
LH:67
BRDA:85,0,0,0
BRDA:98,1,0,4
BRDA:98,2,0,4
BRDA:98,2,1,4
BRDA:102,3,0,4
BRDA:131,4,0,0
BRDA:138,5,0,0
BRDA:151,6,0,4
BRDA:151,7,0,4
BRDA:151,7,1,4
BRDA:155,8,0,4
BRDA:184,9,0,0
BRDA:193,10,0,0
BRDA:199,11,0,2
BRDA:199,12,0,2
BRDA:199,12,1,2
BRDA:203,13,0,2
BRDA:231,14,0,0
BRDA:244,15,0,1
BRDA:244,16,0,1
BRDA:244,16,1,1
BRDA:248,17,0,1
BRDA:277,18,0,0
BRDA:284,19,0,0
BRDA:297,20,0,1
BRDA:297,21,0,1
BRDA:297,21,1,1
BRDA:301,22,0,1
BRF:28
BRH:20
end_of_record
TN:
SF:src/apis/SettingsServiceApi.ts
FN:118,(anonymous_0)
FN:162,(anonymous_1)
FN:169,(anonymous_2)
FN:178,(anonymous_3)
FN:206,(anonymous_4)
FN:213,(anonymous_5)
FN:222,(anonymous_6)
FN:250,(anonymous_7)
FN:257,(anonymous_8)
FN:266,(anonymous_9)
FN:286,(anonymous_10)
FN:293,(anonymous_11)
FN:302,(anonymous_12)
FN:330,(anonymous_13)
FN:337,(anonymous_14)
FN:346,(anonymous_15)
FN:374,(anonymous_16)
FN:381,(anonymous_17)
FN:390,(anonymous_18)
FN:418,(anonymous_19)
FN:425,(anonymous_20)
FN:434,(anonymous_21)
FN:462,(anonymous_22)
FN:469,(anonymous_23)
FN:478,(anonymous_24)
FN:506,(anonymous_25)
FN:513,(anonymous_26)
FN:522,(anonymous_27)
FN:542,(anonymous_28)
FN:549,(anonymous_29)
FN:558,(anonymous_30)
FN:588,(anonymous_31)
FN:595,(anonymous_32)
FNF:33
FNH:3
FNDA:0,(anonymous_0)
FNDA:0,(anonymous_1)
FNDA:0,(anonymous_2)
FNDA:0,(anonymous_3)
FNDA:0,(anonymous_4)
FNDA:0,(anonymous_5)
FNDA:0,(anonymous_6)
FNDA:0,(anonymous_7)
FNDA:0,(anonymous_8)
FNDA:6,(anonymous_9)
FNDA:3,(anonymous_10)
FNDA:6,(anonymous_11)
FNDA:0,(anonymous_12)
FNDA:0,(anonymous_13)
FNDA:0,(anonymous_14)
FNDA:0,(anonymous_15)
FNDA:0,(anonymous_16)
FNDA:0,(anonymous_17)
FNDA:0,(anonymous_18)
FNDA:0,(anonymous_19)
FNDA:0,(anonymous_20)
FNDA:0,(anonymous_21)
FNDA:0,(anonymous_22)
FNDA:0,(anonymous_23)
FNDA:0,(anonymous_24)
FNDA:0,(anonymous_25)
FNDA:0,(anonymous_26)
FNDA:0,(anonymous_27)
FNDA:0,(anonymous_28)
FNDA:0,(anonymous_29)
FNDA:0,(anonymous_30)
FNDA:0,(anonymous_31)
FNDA:0,(anonymous_32)
DA:119,0
DA:121,0
DA:122,0
DA:125,0
DA:126,0
DA:129,0
DA:130,0
DA:133,0
DA:134,0
DA:137,0
DA:138,0
DA:141,0
DA:142,0
DA:145,0
DA:147,0
DA:148,0
DA:149,0
DA:151,0
DA:152,0
DA:155,0
DA:162,0
DA:170,0
DA:171,0
DA:179,0
DA:181,0
DA:182,0
DA:185,0
DA:186,0
DA:189,0
DA:191,0
DA:192,0
DA:193,0
DA:195,0
DA:196,0
DA:199,0
DA:206,0
DA:214,0
DA:215,0
DA:223,0
DA:225,0
DA:226,0
DA:229,0
DA:230,0
DA:233,0
DA:235,0
DA:236,0
DA:237,0
DA:239,0
DA:240,0
DA:243,0
DA:250,0
DA:258,0
DA:259,0
DA:267,6
DA:269,6
DA:271,6
DA:272,6
DA:273,6
DA:275,4
DA:276,4
DA:279,4
DA:286,3
DA:294,6
DA:295,3
DA:303,0
DA:305,0
DA:306,0
DA:309,0
DA:310,0
DA:313,0
DA:315,0
DA:316,0
DA:317,0
DA:319,0
DA:320,0
DA:323,0
DA:330,0
DA:338,0
DA:339,0
DA:347,0
DA:349,0
DA:350,0
DA:353,0
DA:354,0
DA:357,0
DA:359,0
DA:360,0
DA:361,0
DA:363,0
DA:364,0
DA:367,0
DA:374,0
DA:382,0
DA:383,0
DA:391,0
DA:393,0
DA:394,0
DA:397,0
DA:398,0
DA:401,0
DA:403,0
DA:404,0
DA:405,0
DA:407,0
DA:408,0
DA:411,0
DA:418,0
DA:426,0
DA:427,0
DA:435,0
DA:437,0
DA:438,0
DA:441,0
DA:442,0
DA:445,0
DA:447,0
DA:448,0
DA:449,0
DA:451,0
DA:452,0
DA:455,0
DA:462,0
DA:470,0
DA:471,0
DA:479,0
DA:481,0
DA:482,0
DA:485,0
DA:486,0
DA:489,0
DA:491,0
DA:492,0
DA:493,0
DA:495,0
DA:496,0
DA:499,0
DA:506,0
DA:514,0
DA:515,0
DA:523,0
DA:525,0
DA:527,0
DA:528,0
DA:529,0
DA:531,0
DA:532,0
DA:535,0
DA:542,0
DA:550,0
DA:551,0
DA:559,0
DA:560,0
DA:566,0
DA:568,0
DA:570,0
DA:572,0
DA:573,0
DA:574,0
DA:576,0
DA:577,0
DA:580,0
DA:588,0
DA:596,0
DA:597,0
LF:164
LH:11
BRDA:121,0,0,0
BRDA:125,1,0,0
BRDA:129,2,0,0
BRDA:133,3,0,0
BRDA:137,4,0,0
BRDA:141,5,0,0
BRDA:147,6,0,0
BRDA:147,7,0,0
BRDA:147,7,1,0
BRDA:151,8,0,0
BRDA:169,9,0,0
BRDA:181,10,0,0
BRDA:185,11,0,0
BRDA:191,12,0,0
BRDA:191,13,0,0
BRDA:191,13,1,0
BRDA:195,14,0,0
BRDA:213,15,0,0
BRDA:225,16,0,0
BRDA:229,17,0,0
BRDA:235,18,0,0
BRDA:235,19,0,0
BRDA:235,19,1,0
BRDA:239,20,0,0
BRDA:257,21,0,0
BRDA:271,22,0,6
BRDA:271,23,0,6
BRDA:271,23,1,6
BRDA:275,24,0,4
BRDA:305,25,0,0
BRDA:309,26,0,0
BRDA:315,27,0,0
BRDA:315,28,0,0
BRDA:315,28,1,0
BRDA:319,29,0,0
BRDA:337,30,0,0
BRDA:349,31,0,0
BRDA:353,32,0,0
BRDA:359,33,0,0
BRDA:359,34,0,0
BRDA:359,34,1,0
BRDA:363,35,0,0
BRDA:381,36,0,0
BRDA:393,37,0,0
BRDA:397,38,0,0
BRDA:403,39,0,0
BRDA:403,40,0,0
BRDA:403,40,1,0
BRDA:407,41,0,0
BRDA:425,42,0,0
BRDA:437,43,0,0
BRDA:441,44,0,0
BRDA:447,45,0,0
BRDA:447,46,0,0
BRDA:447,46,1,0
BRDA:451,47,0,0
BRDA:469,48,0,0
BRDA:481,49,0,0
BRDA:485,50,0,0
BRDA:491,51,0,0
BRDA:491,52,0,0
BRDA:491,52,1,0
BRDA:495,53,0,0
BRDA:513,54,0,0
BRDA:527,55,0,0
BRDA:527,56,0,0
BRDA:527,56,1,0
BRDA:531,57,0,0
BRDA:559,58,0,0
BRDA:572,59,0,0
BRDA:572,60,0,0
BRDA:572,60,1,0
BRDA:576,61,0,0
BRF:73
BRH:4
end_of_record
TN:
SF:src/apis/UserServiceApi.ts
FN:452,(anonymous_0)
FN:482,(anonymous_1)
FN:489,(anonymous_2)
FN:498,(anonymous_3)
FN:535,(anonymous_4)
FN:542,(anonymous_5)
FN:551,(anonymous_6)
FN:578,(anonymous_7)
FN:585,(anonymous_8)
FN:594,(anonymous_9)
FN:621,(anonymous_10)
FN:628,(anonymous_11)
FN:637,(anonymous_12)
FN:674,(anonymous_13)
FN:681,(anonymous_14)
FN:690,(anonymous_15)
FN:727,(anonymous_16)
FN:734,(anonymous_17)
FN:743,(anonymous_18)
FN:770,(anonymous_19)
FN:777,(anonymous_20)
FN:786,(anonymous_21)
FN:813,(anonymous_22)
FN:820,(anonymous_23)
FN:829,(anonymous_24)
FN:856,(anonymous_25)
FN:863,(anonymous_26)
FN:872,(anonymous_27)
FN:899,(anonymous_28)
FN:906,(anonymous_29)
FN:913,(anonymous_30)
FN:948,(anonymous_31)
FN:953,(anonymous_32)
FN:962,(anonymous_33)
FN:997,(anonymous_34)
FN:1004,(anonymous_35)
FN:1013,(anonymous_36)
FN:1050,(anonymous_37)
FN:1057,(anonymous_38)
FN:1066,(anonymous_39)
FN:1093,(anonymous_40)
FN:1100,(anonymous_41)
FN:1109,(anonymous_42)
FN:1139,(anonymous_43)
FN:1146,(anonymous_44)
FN:1155,(anonymous_45)
FN:1182,(anonymous_46)
FN:1189,(anonymous_47)
FN:1198,(anonymous_48)
FN:1235,(anonymous_49)
FN:1242,(anonymous_50)
FN:1251,(anonymous_51)
FN:1278,(anonymous_52)
FN:1285,(anonymous_53)
FN:1294,(anonymous_54)
FN:1331,(anonymous_55)
FN:1338,(anonymous_56)
FN:1347,(anonymous_57)
FN:1374,(anonymous_58)
FN:1381,(anonymous_59)
FN:1390,(anonymous_60)
FN:1427,(anonymous_61)
FN:1434,(anonymous_62)
FN:1443,(anonymous_63)
FN:1484,(anonymous_64)
FN:1491,(anonymous_65)
FN:1500,(anonymous_66)
FN:1527,(anonymous_67)
FN:1534,(anonymous_68)
FN:1543,(anonymous_69)
FN:1570,(anonymous_70)
FN:1577,(anonymous_71)
FN:1586,(anonymous_72)
FN:1620,(anonymous_73)
FN:1627,(anonymous_74)
FN:1636,(anonymous_75)
FN:1663,(anonymous_76)
FN:1670,(anonymous_77)
FN:1679,(anonymous_78)
FN:1706,(anonymous_79)
FN:1713,(anonymous_80)
FN:1722,(anonymous_81)
FN:1756,(anonymous_82)
FN:1763,(anonymous_83)
FN:1772,(anonymous_84)
FN:1809,(anonymous_85)
FN:1816,(anonymous_86)
FN:1825,(anonymous_87)
FN:1852,(anonymous_88)
FN:1859,(anonymous_89)
FN:1868,(anonymous_90)
FN:1905,(anonymous_91)
FN:1912,(anonymous_92)
FN:1921,(anonymous_93)
FN:1958,(anonymous_94)
FN:1965,(anonymous_95)
FN:1974,(anonymous_96)
FN:2011,(anonymous_97)
FN:2018,(anonymous_98)
FN:2027,(anonymous_99)
FN:2064,(anonymous_100)
FN:2071,(anonymous_101)
FN:2080,(anonymous_102)
FN:2117,(anonymous_103)
FN:2124,(anonymous_104)
FN:2133,(anonymous_105)
FN:2170,(anonymous_106)
FN:2177,(anonymous_107)
FN:2186,(anonymous_108)
FN:2216,(anonymous_109)
FN:2223,(anonymous_110)
FN:2232,(anonymous_111)
FN:2259,(anonymous_112)
FN:2266,(anonymous_113)
FN:2275,(anonymous_114)
FN:2312,(anonymous_115)
FN:2319,(anonymous_116)
FN:2328,(anonymous_117)
FN:2365,(anonymous_118)
FN:2372,(anonymous_119)
FN:2381,(anonymous_120)
FN:2418,(anonymous_121)
FN:2425,(anonymous_122)
FN:2434,(anonymous_123)
FN:2478,(anonymous_124)
FN:2485,(anonymous_125)
FN:2494,(anonymous_126)
FN:2531,(anonymous_127)
FN:2538,(anonymous_128)
FN:2547,(anonymous_129)
FN:2584,(anonymous_130)
FN:2591,(anonymous_131)
FN:2600,(anonymous_132)
FN:2644,(anonymous_133)
FN:2651,(anonymous_134)
FNF:135
FNH:15
FNDA:8,(anonymous_0)
FNDA:8,(anonymous_1)
FNDA:8,(anonymous_2)
FNDA:0,(anonymous_3)
FNDA:0,(anonymous_4)
FNDA:0,(anonymous_5)
FNDA:0,(anonymous_6)
FNDA:0,(anonymous_7)
FNDA:0,(anonymous_8)
FNDA:0,(anonymous_9)
FNDA:0,(anonymous_10)
FNDA:0,(anonymous_11)
FNDA:0,(anonymous_12)
FNDA:0,(anonymous_13)
FNDA:0,(anonymous_14)
FNDA:0,(anonymous_15)
FNDA:0,(anonymous_16)
FNDA:0,(anonymous_17)
FNDA:0,(anonymous_18)
FNDA:0,(anonymous_19)
FNDA:0,(anonymous_20)
FNDA:4,(anonymous_21)
FNDA:4,(anonymous_22)
FNDA:4,(anonymous_23)
FNDA:3,(anonymous_24)
FNDA:2,(anonymous_25)
FNDA:3,(anonymous_26)
FNDA:0,(anonymous_27)
FNDA:0,(anonymous_28)
FNDA:0,(anonymous_29)
FNDA:0,(anonymous_30)
FNDA:0,(anonymous_31)
FNDA:0,(anonymous_32)
FNDA:0,(anonymous_33)
FNDA:0,(anonymous_34)
FNDA:0,(anonymous_35)
FNDA:0,(anonymous_36)
FNDA:0,(anonymous_37)
FNDA:0,(anonymous_38)
FNDA:0,(anonymous_39)
FNDA:0,(anonymous_40)
FNDA:0,(anonymous_41)
FNDA:1,(anonymous_42)
FNDA:1,(anonymous_43)
FNDA:1,(anonymous_44)
FNDA:0,(anonymous_45)
FNDA:0,(anonymous_46)
FNDA:0,(anonymous_47)
FNDA:0,(anonymous_48)
FNDA:0,(anonymous_49)
FNDA:0,(anonymous_50)
FNDA:0,(anonymous_51)
FNDA:0,(anonymous_52)
FNDA:0,(anonymous_53)
FNDA:0,(anonymous_54)
FNDA:0,(anonymous_55)
FNDA:0,(anonymous_56)
FNDA:0,(anonymous_57)
FNDA:0,(anonymous_58)
FNDA:0,(anonymous_59)
FNDA:0,(anonymous_60)
FNDA:0,(anonymous_61)
FNDA:0,(anonymous_62)
FNDA:0,(anonymous_63)
FNDA:0,(anonymous_64)
FNDA:0,(anonymous_65)
FNDA:0,(anonymous_66)
FNDA:0,(anonymous_67)
FNDA:0,(anonymous_68)
FNDA:0,(anonymous_69)
FNDA:0,(anonymous_70)
FNDA:0,(anonymous_71)
FNDA:0,(anonymous_72)
FNDA:0,(anonymous_73)
FNDA:0,(anonymous_74)
FNDA:0,(anonymous_75)
FNDA:0,(anonymous_76)
FNDA:0,(anonymous_77)
FNDA:0,(anonymous_78)
FNDA:0,(anonymous_79)
FNDA:0,(anonymous_80)
FNDA:0,(anonymous_81)
FNDA:0,(anonymous_82)
FNDA:0,(anonymous_83)
FNDA:0,(anonymous_84)
FNDA:0,(anonymous_85)
FNDA:0,(anonymous_86)
FNDA:0,(anonymous_87)
FNDA:0,(anonymous_88)
FNDA:0,(anonymous_89)
FNDA:0,(anonymous_90)
FNDA:0,(anonymous_91)
FNDA:0,(anonymous_92)
FNDA:0,(anonymous_93)
FNDA:0,(anonymous_94)
FNDA:0,(anonymous_95)
FNDA:0,(anonymous_96)
FNDA:0,(anonymous_97)
FNDA:0,(anonymous_98)
FNDA:0,(anonymous_99)
FNDA:0,(anonymous_100)
FNDA:0,(anonymous_101)
FNDA:0,(anonymous_102)
FNDA:0,(anonymous_103)
FNDA:0,(anonymous_104)
FNDA:0,(anonymous_105)
FNDA:0,(anonymous_106)
FNDA:0,(anonymous_107)
FNDA:0,(anonymous_108)
FNDA:0,(anonymous_109)
FNDA:0,(anonymous_110)
FNDA:0,(anonymous_111)
FNDA:0,(anonymous_112)
FNDA:0,(anonymous_113)
FNDA:1,(anonymous_114)
FNDA:1,(anonymous_115)
FNDA:1,(anonymous_116)
FNDA:0,(anonymous_117)
FNDA:0,(anonymous_118)
FNDA:0,(anonymous_119)
FNDA:0,(anonymous_120)
FNDA:0,(anonymous_121)
FNDA:0,(anonymous_122)
FNDA:0,(anonymous_123)
FNDA:0,(anonymous_124)
FNDA:0,(anonymous_125)
FNDA:0,(anonymous_126)
FNDA:0,(anonymous_127)
FNDA:0,(anonymous_128)
FNDA:0,(anonymous_129)
FNDA:0,(anonymous_130)
FNDA:0,(anonymous_131)
FNDA:0,(anonymous_132)
FNDA:0,(anonymous_133)
FNDA:0,(anonymous_134)
DA:453,8
DA:454,0
DA:460,8
DA:462,8
DA:464,8
DA:466,8
DA:467,8
DA:468,8
DA:470,8
DA:471,8
DA:474,8
DA:482,8
DA:490,8
DA:491,8
DA:499,0
DA:500,0
DA:506,0
DA:507,0
DA:513,0
DA:515,0
DA:517,0
DA:519,0
DA:520,0
DA:521,0
DA:523,0
DA:524,0
DA:527,0
DA:535,0
DA:543,0
DA:544,0
DA:552,0
DA:553,0
DA:559,0
DA:561,0
DA:563,0
DA:564,0
DA:565,0
DA:567,0
DA:568,0
DA:571,0
DA:578,0
DA:586,0
DA:587,0
DA:595,0
DA:596,0
DA:602,0
DA:604,0
DA:606,0
DA:607,0
DA:608,0
DA:610,0
DA:611,0
DA:614,0
DA:621,0
DA:629,0
DA:630,0
DA:638,0
DA:639,0
DA:645,0
DA:646,0
DA:652,0
DA:654,0
DA:656,0
DA:658,0
DA:659,0
DA:660,0
DA:662,0
DA:663,0
DA:666,0
DA:674,0
DA:682,0
DA:683,0
DA:691,0
DA:692,0
DA:698,0
DA:699,0
DA:705,0
DA:707,0
DA:709,0
DA:711,0
DA:712,0
DA:713,0
DA:715,0
DA:716,0
DA:719,0
DA:727,0
DA:735,0
DA:736,0
DA:744,0
DA:745,0
DA:751,0
DA:753,0
DA:755,0
DA:756,0
DA:757,0
DA:759,0
DA:760,0
DA:763,0
DA:770,0
DA:778,0
DA:779,0
DA:787,4
DA:788,0
DA:794,4
DA:796,4
DA:798,4
DA:799,4
DA:800,4
DA:802,4
DA:803,4
DA:806,4
DA:813,4
DA:821,4
DA:822,4
DA:830,3
DA:831,0
DA:837,3
DA:839,3
DA:841,3
DA:842,3
DA:843,3
DA:845,3
DA:846,3
DA:849,3
DA:856,2
DA:864,3
DA:865,2
DA:873,0
DA:874,0
DA:880,0
DA:882,0
DA:884,0
DA:885,0
DA:886,0
DA:888,0
DA:889,0
DA:892,0
DA:899,0
DA:907,0
DA:908,0
DA:914,0
DA:915,0
DA:921,0
DA:923,0
DA:924,0
DA:927,0
DA:928,0
DA:931,0
DA:933,0
DA:934,0
DA:935,0
DA:937,0
DA:938,0
DA:941,0
DA:948,0
DA:954,0
DA:955,0
DA:963,0
DA:964,0
DA:970,0
DA:972,0
DA:973,0
DA:976,0
DA:977,0
DA:980,0
DA:982,0
DA:983,0
DA:984,0
DA:986,0
DA:987,0
DA:990,0
DA:997,0
DA:1005,0
DA:1006,0
DA:1014,0
DA:1015,0
DA:1021,0
DA:1022,0
DA:1028,0
DA:1030,0
DA:1032,0
DA:1034,0
DA:1035,0
DA:1036,0
DA:1038,0
DA:1039,0
DA:1042,0
DA:1050,0
DA:1058,0
DA:1059,0
DA:1067,0
DA:1068,0
DA:1074,0
DA:1076,0
DA:1078,0
DA:1079,0
DA:1080,0
DA:1082,0
DA:1083,0
DA:1086,0
DA:1093,0
DA:1101,0
DA:1102,0
DA:1110,1
DA:1111,0
DA:1117,1
DA:1119,1
DA:1121,1
DA:1123,1
DA:1124,1
DA:1125,1
DA:1127,1
DA:1128,1
DA:1131,1
DA:1139,1
DA:1147,1
DA:1148,1
DA:1156,0
DA:1157,0
DA:1163,0
DA:1165,0
DA:1167,0
DA:1168,0
DA:1169,0
DA:1171,0
DA:1172,0
DA:1175,0
DA:1182,0
DA:1190,0
DA:1191,0
DA:1199,0
DA:1200,0
DA:1206,0
DA:1207,0
DA:1213,0
DA:1215,0
DA:1217,0
DA:1219,0
DA:1220,0
DA:1221,0
DA:1223,0
DA:1224,0
DA:1227,0
DA:1235,0
DA:1243,0
DA:1244,0
DA:1252,0
DA:1253,0
DA:1259,0
DA:1261,0
DA:1263,0
DA:1264,0
DA:1265,0
DA:1267,0
DA:1268,0
DA:1271,0
DA:1278,0
DA:1286,0
DA:1287,0
DA:1295,0
DA:1296,0
DA:1302,0
DA:1303,0
DA:1309,0
DA:1311,0
DA:1313,0
DA:1315,0
DA:1316,0
DA:1317,0
DA:1319,0
DA:1320,0
DA:1323,0
DA:1331,0
DA:1339,0
DA:1340,0
DA:1348,0
DA:1349,0
DA:1355,0
DA:1357,0
DA:1359,0
DA:1360,0
DA:1361,0
DA:1363,0
DA:1364,0
DA:1367,0
DA:1374,0
DA:1382,0
DA:1383,0
DA:1391,0
DA:1392,0
DA:1398,0
DA:1399,0
DA:1405,0
DA:1407,0
DA:1409,0
DA:1411,0
DA:1412,0
DA:1413,0
DA:1415,0
DA:1416,0
DA:1419,0
DA:1427,0
DA:1435,0
DA:1436,0
DA:1444,0
DA:1445,0
DA:1451,0
DA:1452,0
DA:1458,0
DA:1459,0
DA:1465,0
DA:1467,0
DA:1469,0
DA:1470,0
DA:1471,0
DA:1473,0
DA:1474,0
DA:1477,0
DA:1484,0
DA:1492,0
DA:1493,0
DA:1501,0
DA:1502,0
DA:1508,0
DA:1510,0
DA:1512,0
DA:1513,0
DA:1514,0
DA:1516,0
DA:1517,0
DA:1520,0
DA:1527,0
DA:1535,0
DA:1536,0
DA:1544,0
DA:1545,0
DA:1551,0
DA:1553,0
DA:1555,0
DA:1556,0
DA:1557,0
DA:1559,0
DA:1560,0
DA:1563,0
DA:1570,0
DA:1578,0
DA:1579,0
DA:1587,0
DA:1588,0
DA:1594,0
DA:1595,0
DA:1601,0
DA:1603,0
DA:1605,0
DA:1606,0
DA:1607,0
DA:1609,0
DA:1610,0
DA:1613,0
DA:1620,0
DA:1628,0
DA:1629,0
DA:1637,0
DA:1638,0
DA:1644,0
DA:1646,0
DA:1648,0
DA:1649,0
DA:1650,0
DA:1652,0
DA:1653,0
DA:1656,0
DA:1663,0
DA:1671,0
DA:1672,0
DA:1680,0
DA:1681,0
DA:1687,0
DA:1689,0
DA:1691,0
DA:1692,0
DA:1693,0
DA:1695,0
DA:1696,0
DA:1699,0
DA:1706,0
DA:1714,0
DA:1715,0
DA:1723,0
DA:1724,0
DA:1730,0
DA:1731,0
DA:1737,0
DA:1739,0
DA:1741,0
DA:1742,0
DA:1743,0
DA:1745,0
DA:1746,0
DA:1749,0
DA:1756,0
DA:1764,0
DA:1765,0
DA:1773,0
DA:1774,0
DA:1780,0
DA:1781,0
DA:1787,0
DA:1789,0
DA:1791,0
DA:1793,0
DA:1794,0
DA:1795,0
DA:1797,0
DA:1798,0
DA:1801,0
DA:1809,0
DA:1817,0
DA:1818,0
DA:1826,0
DA:1827,0
DA:1833,0
DA:1835,0
DA:1837,0
DA:1838,0
DA:1839,0
DA:1841,0
DA:1842,0
DA:1845,0
DA:1852,0
DA:1860,0
DA:1861,0
DA:1869,0
DA:1870,0
DA:1876,0
DA:1877,0
DA:1883,0
DA:1885,0
DA:1887,0
DA:1889,0
DA:1890,0
DA:1891,0
DA:1893,0
DA:1894,0
DA:1897,0
DA:1905,0
DA:1913,0
DA:1914,0
DA:1922,0
DA:1923,0
DA:1929,0
DA:1930,0
DA:1936,0
DA:1938,0
DA:1940,0
DA:1942,0
DA:1943,0
DA:1944,0
DA:1946,0
DA:1947,0
DA:1950,0
DA:1958,0
DA:1966,0
DA:1967,0
DA:1975,0
DA:1976,0
DA:1982,0
DA:1983,0
DA:1989,0
DA:1991,0
DA:1993,0
DA:1995,0
DA:1996,0
DA:1997,0
DA:1999,0
DA:2000,0
DA:2003,0
DA:2011,0
DA:2019,0
DA:2020,0
DA:2028,0
DA:2029,0
DA:2035,0
DA:2036,0
DA:2042,0
DA:2044,0
DA:2046,0
DA:2048,0
DA:2049,0
DA:2050,0
DA:2052,0
DA:2053,0
DA:2056,0
DA:2064,0
DA:2072,0
DA:2073,0
DA:2081,0
DA:2082,0
DA:2088,0
DA:2089,0
DA:2095,0
DA:2097,0
DA:2099,0
DA:2101,0
DA:2102,0
DA:2103,0
DA:2105,0
DA:2106,0
DA:2109,0
DA:2117,0
DA:2125,0
DA:2126,0
DA:2134,0
DA:2135,0
DA:2141,0
DA:2142,0
DA:2148,0
DA:2150,0
DA:2152,0
DA:2154,0
DA:2155,0
DA:2156,0
DA:2158,0
DA:2159,0
DA:2162,0
DA:2170,0
DA:2178,0
DA:2179,0
DA:2187,0
DA:2188,0
DA:2194,0
DA:2196,0
DA:2198,0
DA:2200,0
DA:2201,0
DA:2202,0
DA:2204,0
DA:2205,0
DA:2208,0
DA:2216,0
DA:2224,0
DA:2225,0
DA:2233,0
DA:2234,0
DA:2240,0
DA:2242,0
DA:2244,0
DA:2245,0
DA:2246,0
DA:2248,0
DA:2249,0
DA:2252,0
DA:2259,0
DA:2267,0
DA:2268,0
DA:2276,1
DA:2277,0
DA:2283,1
DA:2284,0
DA:2290,1
DA:2292,1
DA:2294,1
DA:2296,1
DA:2297,1
DA:2298,1
DA:2300,1
DA:2301,1
DA:2304,1
DA:2312,1
DA:2320,1
DA:2321,1
DA:2329,0
DA:2330,0
DA:2336,0
DA:2337,0
DA:2343,0
DA:2345,0
DA:2347,0
DA:2349,0
DA:2350,0
DA:2351,0
DA:2353,0
DA:2354,0
DA:2357,0
DA:2365,0
DA:2373,0
DA:2374,0
DA:2382,0
DA:2383,0
DA:2389,0
DA:2390,0
DA:2396,0
DA:2398,0
DA:2400,0
DA:2402,0
DA:2403,0
DA:2404,0
DA:2406,0
DA:2407,0
DA:2410,0
DA:2418,0
DA:2426,0
DA:2427,0
DA:2435,0
DA:2436,0
DA:2442,0
DA:2443,0
DA:2449,0
DA:2450,0
DA:2456,0
DA:2458,0
DA:2460,0
DA:2462,0
DA:2463,0
DA:2464,0
DA:2466,0
DA:2467,0
DA:2470,0
DA:2478,0
DA:2486,0
DA:2487,0
DA:2495,0
DA:2496,0
DA:2502,0
DA:2503,0
DA:2509,0
DA:2511,0
DA:2513,0
DA:2515,0
DA:2516,0
DA:2517,0
DA:2519,0
DA:2520,0
DA:2523,0
DA:2531,0
DA:2539,0
DA:2540,0
DA:2548,0
DA:2549,0
DA:2555,0
DA:2556,0
DA:2562,0
DA:2564,0
DA:2566,0
DA:2568,0
DA:2569,0
DA:2570,0
DA:2572,0
DA:2573,0
DA:2576,0
DA:2584,0
DA:2592,0
DA:2593,0
DA:2601,0
DA:2602,0
DA:2608,0
DA:2609,0
DA:2615,0
DA:2616,0
DA:2622,0
DA:2624,0
DA:2626,0
DA:2628,0
DA:2629,0
DA:2630,0
DA:2632,0
DA:2633,0
DA:2636,0
DA:2644,0
DA:2652,0
DA:2653,0
DA:2661,6
DA:2672,6
LF:673
LH:66
BRDA:453,0,0,0
BRDA:466,1,0,8
BRDA:466,2,0,8
BRDA:466,2,1,8
BRDA:470,3,0,8
BRDA:499,4,0,0
BRDA:506,5,0,0
BRDA:519,6,0,0
BRDA:519,7,0,0
BRDA:519,7,1,0
BRDA:523,8,0,0
BRDA:552,9,0,0
BRDA:563,10,0,0
BRDA:563,11,0,0
BRDA:563,11,1,0
BRDA:567,12,0,0
BRDA:595,13,0,0
BRDA:606,14,0,0
BRDA:606,15,0,0
BRDA:606,15,1,0
BRDA:610,16,0,0
BRDA:638,17,0,0
BRDA:645,18,0,0
BRDA:658,19,0,0
BRDA:658,20,0,0
BRDA:658,20,1,0
BRDA:662,21,0,0
BRDA:691,22,0,0
BRDA:698,23,0,0
BRDA:711,24,0,0
BRDA:711,25,0,0
BRDA:711,25,1,0
BRDA:715,26,0,0
BRDA:744,27,0,0
BRDA:755,28,0,0
BRDA:755,29,0,0
BRDA:755,29,1,0
BRDA:759,30,0,0
BRDA:787,31,0,0
BRDA:798,32,0,4
BRDA:798,33,0,4
BRDA:798,33,1,4
BRDA:802,34,0,4
BRDA:830,35,0,0
BRDA:841,36,0,3
BRDA:841,37,0,3
BRDA:841,37,1,3
BRDA:845,38,0,3
BRDA:873,39,0,0
BRDA:884,40,0,0
BRDA:884,41,0,0
BRDA:884,41,1,0
BRDA:888,42,0,0
BRDA:914,43,0,0
BRDA:923,44,0,0
BRDA:927,45,0,0
BRDA:933,46,0,0
BRDA:933,47,0,0
BRDA:933,47,1,0
BRDA:937,48,0,0
BRDA:963,49,0,0
BRDA:972,50,0,0
BRDA:976,51,0,0
BRDA:982,52,0,0
BRDA:982,53,0,0
BRDA:982,53,1,0
BRDA:986,54,0,0
BRDA:1014,55,0,0
BRDA:1021,56,0,0
BRDA:1034,57,0,0
BRDA:1034,58,0,0
BRDA:1034,58,1,0
BRDA:1038,59,0,0
BRDA:1067,60,0,0
BRDA:1078,61,0,0
BRDA:1078,62,0,0
BRDA:1078,62,1,0
BRDA:1082,63,0,0
BRDA:1110,64,0,0
BRDA:1123,65,0,1
BRDA:1123,66,0,1
BRDA:1123,66,1,1
BRDA:1127,67,0,1
BRDA:1156,68,0,0
BRDA:1167,69,0,0
BRDA:1167,70,0,0
BRDA:1167,70,1,0
BRDA:1171,71,0,0
BRDA:1199,72,0,0
BRDA:1206,73,0,0
BRDA:1219,74,0,0
BRDA:1219,75,0,0
BRDA:1219,75,1,0
BRDA:1223,76,0,0
BRDA:1252,77,0,0
BRDA:1263,78,0,0
BRDA:1263,79,0,0
BRDA:1263,79,1,0
BRDA:1267,80,0,0
BRDA:1295,81,0,0
BRDA:1302,82,0,0
BRDA:1315,83,0,0
BRDA:1315,84,0,0
BRDA:1315,84,1,0
BRDA:1319,85,0,0
BRDA:1348,86,0,0
BRDA:1359,87,0,0
BRDA:1359,88,0,0
BRDA:1359,88,1,0
BRDA:1363,89,0,0
BRDA:1391,90,0,0
BRDA:1398,91,0,0
BRDA:1411,92,0,0
BRDA:1411,93,0,0
BRDA:1411,93,1,0
BRDA:1415,94,0,0
BRDA:1444,95,0,0
BRDA:1451,96,0,0
BRDA:1458,97,0,0
BRDA:1469,98,0,0
BRDA:1469,99,0,0
BRDA:1469,99,1,0
BRDA:1473,100,0,0
BRDA:1501,101,0,0
BRDA:1512,102,0,0
BRDA:1512,103,0,0
BRDA:1512,103,1,0
BRDA:1516,104,0,0
BRDA:1544,105,0,0
BRDA:1555,106,0,0
BRDA:1555,107,0,0
BRDA:1555,107,1,0
BRDA:1559,108,0,0
BRDA:1587,109,0,0
BRDA:1594,110,0,0
BRDA:1605,111,0,0
BRDA:1605,112,0,0
BRDA:1605,112,1,0
BRDA:1609,113,0,0
BRDA:1637,114,0,0
BRDA:1648,115,0,0
BRDA:1648,116,0,0
BRDA:1648,116,1,0
BRDA:1652,117,0,0
BRDA:1680,118,0,0
BRDA:1691,119,0,0
BRDA:1691,120,0,0
BRDA:1691,120,1,0
BRDA:1695,121,0,0
BRDA:1723,122,0,0
BRDA:1730,123,0,0
BRDA:1741,124,0,0
BRDA:1741,125,0,0
BRDA:1741,125,1,0
BRDA:1745,126,0,0
BRDA:1773,127,0,0
BRDA:1780,128,0,0
BRDA:1793,129,0,0
BRDA:1793,130,0,0
BRDA:1793,130,1,0
BRDA:1797,131,0,0
BRDA:1826,132,0,0
BRDA:1837,133,0,0
BRDA:1837,134,0,0
BRDA:1837,134,1,0
BRDA:1841,135,0,0
BRDA:1869,136,0,0
BRDA:1876,137,0,0
BRDA:1889,138,0,0
BRDA:1889,139,0,0
BRDA:1889,139,1,0
BRDA:1893,140,0,0
BRDA:1922,141,0,0
BRDA:1929,142,0,0
BRDA:1942,143,0,0
BRDA:1942,144,0,0
BRDA:1942,144,1,0
BRDA:1946,145,0,0
BRDA:1975,146,0,0
BRDA:1982,147,0,0
BRDA:1995,148,0,0
BRDA:1995,149,0,0
BRDA:1995,149,1,0
BRDA:1999,150,0,0
BRDA:2028,151,0,0
BRDA:2035,152,0,0
BRDA:2048,153,0,0
BRDA:2048,154,0,0
BRDA:2048,154,1,0
BRDA:2052,155,0,0
BRDA:2081,156,0,0
BRDA:2088,157,0,0
BRDA:2101,158,0,0
BRDA:2101,159,0,0
BRDA:2101,159,1,0
BRDA:2105,160,0,0
BRDA:2134,161,0,0
BRDA:2141,162,0,0
BRDA:2154,163,0,0
BRDA:2154,164,0,0
BRDA:2154,164,1,0
BRDA:2158,165,0,0
BRDA:2187,166,0,0
BRDA:2200,167,0,0
BRDA:2200,168,0,0
BRDA:2200,168,1,0
BRDA:2204,169,0,0
BRDA:2233,170,0,0
BRDA:2244,171,0,0
BRDA:2244,172,0,0
BRDA:2244,172,1,0
BRDA:2248,173,0,0
BRDA:2276,174,0,0
BRDA:2283,175,0,0
BRDA:2296,176,0,1
BRDA:2296,177,0,1
BRDA:2296,177,1,1
BRDA:2300,178,0,1
BRDA:2329,179,0,0
BRDA:2336,180,0,0
BRDA:2349,181,0,0
BRDA:2349,182,0,0
BRDA:2349,182,1,0
BRDA:2353,183,0,0
BRDA:2382,184,0,0
BRDA:2389,185,0,0
BRDA:2402,186,0,0
BRDA:2402,187,0,0
BRDA:2402,187,1,0
BRDA:2406,188,0,0
BRDA:2435,189,0,0
BRDA:2442,190,0,0
BRDA:2449,191,0,0
BRDA:2462,192,0,0
BRDA:2462,193,0,0
BRDA:2462,193,1,0
BRDA:2466,194,0,0
BRDA:2495,195,0,0
BRDA:2502,196,0,0
BRDA:2515,197,0,0
BRDA:2515,198,0,0
BRDA:2515,198,1,0
BRDA:2519,199,0,0
BRDA:2548,200,0,0
BRDA:2555,201,0,0
BRDA:2568,202,0,0
BRDA:2568,203,0,0
BRDA:2568,203,1,0
BRDA:2572,204,0,0
BRDA:2601,205,0,0
BRDA:2608,206,0,0
BRDA:2615,207,0,0
BRDA:2628,208,0,0
BRDA:2628,209,0,0
BRDA:2628,209,1,0
BRDA:2632,210,0,0
BRF:256
BRH:20
end_of_record
TN:
SF:src/apis/WebKeyServiceApi.ts
FN:61,(anonymous_0)
FN:88,(anonymous_1)
FN:95,(anonymous_2)
FN:104,(anonymous_3)
FN:134,(anonymous_4)
FN:141,(anonymous_5)
FN:150,(anonymous_6)
FN:177,(anonymous_7)
FN:184,(anonymous_8)
FN:193,(anonymous_9)
FN:213,(anonymous_10)
FN:220,(anonymous_11)
FNF:12
FNH:0
FNDA:0,(anonymous_0)
FNDA:0,(anonymous_1)
FNDA:0,(anonymous_2)
FNDA:0,(anonymous_3)
FNDA:0,(anonymous_4)
FNDA:0,(anonymous_5)
FNDA:0,(anonymous_6)
FNDA:0,(anonymous_7)
FNDA:0,(anonymous_8)
FNDA:0,(anonymous_9)
FNDA:0,(anonymous_10)
FNDA:0,(anonymous_11)
DA:62,0
DA:63,0
DA:69,0
DA:71,0
DA:73,0
DA:74,0
DA:75,0
DA:77,0
DA:78,0
DA:81,0
DA:88,0
DA:96,0
DA:97,0
DA:105,0
DA:106,0
DA:112,0
DA:114,0
DA:116,0
DA:118,0
DA:119,0
DA:120,0
DA:122,0
DA:123,0
DA:126,0
DA:134,0
DA:142,0
DA:143,0
DA:151,0
DA:152,0
DA:158,0
DA:160,0
DA:162,0
DA:163,0
DA:164,0
DA:166,0
DA:167,0
DA:170,0
DA:177,0
DA:185,0
DA:186,0
DA:194,0
DA:196,0
DA:198,0
DA:199,0
DA:200,0
DA:202,0
DA:203,0
DA:206,0
DA:213,0
DA:221,0
DA:222,0
LF:51
LH:0
BRDA:62,0,0,0
BRDA:73,1,0,0
BRDA:73,2,0,0
BRDA:73,2,1,0
BRDA:77,3,0,0
BRDA:105,4,0,0
BRDA:118,5,0,0
BRDA:118,6,0,0
BRDA:118,6,1,0
BRDA:122,7,0,0
BRDA:151,8,0,0
BRDA:162,9,0,0
BRDA:162,10,0,0
BRDA:162,10,1,0
BRDA:166,11,0,0
BRDA:198,12,0,0
BRDA:198,13,0,0
BRDA:198,13,1,0
BRDA:202,14,0,0
BRF:19
BRH:0
end_of_record
TN:
SF:src/auth/authenticator.ts
FN:18,(anonymous_0)
FN:34,(anonymous_1)
FNF:2
FNH:2
FNDA:18,(anonymous_0)
FNDA:38,(anonymous_1)
DA:19,18
DA:35,38
LF:2
LH:2
BRF:0
BRH:0
end_of_record
TN:
SF:src/auth/client-credentials-authenticator-builder.ts
FN:18,(anonymous_0)
FN:31,(anonymous_1)
FNF:2
FNH:2
FNDA:3,(anonymous_0)
FNDA:3,(anonymous_1)
DA:20,3
DA:21,3
DA:23,3
DA:32,3
DA:33,3
LF:5
LH:5
BRF:0
BRH:0
end_of_record
TN:
SF:src/auth/client-credentials-authenticator.ts
FN:23,(anonymous_0)
FN:47,(anonymous_1)
FN:59,(anonymous_2)
FNF:3
FNH:3
FNDA:3,(anonymous_0)
FNDA:3,(anonymous_1)
FNDA:6,(anonymous_2)
DA:29,3
DA:30,3
DA:31,3
DA:32,3
DA:33,3
DA:52,3
DA:64,6
DA:74,6
LF:8
LH:8
BRDA:27,0,0,0
BRF:1
BRH:0
end_of_record
TN:
SF:src/auth/noauth-authenticator.ts
FN:14,(anonymous_0)
FN:23,(anonymous_1)
FNF:2
FNH:2
FNDA:2,(anonymous_0)
FNDA:1,(anonymous_1)
DA:15,2
DA:24,1
LF:2
LH:2
BRDA:14,0,0,2
BRF:1
BRH:1
end_of_record
TN:
SF:src/auth/oauth-authenticator-builder.ts
FN:21,(anonymous_0)
FN:29,(anonymous_1)
FN:34,(anonymous_2)
FNF:3
FNH:3
FNDA:8,(anonymous_0)
FNDA:2,(anonymous_1)
FNDA:8,(anonymous_2)
DA:13,8
DA:21,8
DA:30,2
DA:31,2
DA:35,8
DA:36,8
LF:6
LH:6
BRDA:30,0,0,2
BRDA:30,0,1,0
BRDA:35,1,0,8
BRF:3
BRH:2
end_of_record
TN:
SF:src/auth/oauth-authenticator.ts
FN:28,(anonymous_0)
FN:45,(anonymous_1)
FN:63,(anonymous_2)
FNF:3
FNH:3
FNDA:8,(anonymous_0)
FNDA:12,(anonymous_1)
FNDA:20,(anonymous_2)
DA:15,8
DA:19,8
DA:29,8
DA:30,8
DA:31,8
DA:33,8
DA:46,12
DA:47,8
DA:50,10
DA:51,0
DA:54,10
DA:64,20
DA:65,20
DA:66,18
DA:67,18
DA:68,18
DA:70,18
DA:72,2
LF:18
LH:17
BRDA:46,0,0,8
BRDA:46,1,0,12
BRDA:46,1,1,4
BRDA:46,1,2,4
BRDA:50,2,0,0
BRDA:66,3,0,18
BRDA:66,3,1,0
BRF:7
BRH:5
end_of_record
TN:
SF:src/auth/openid.ts
FN:13,(anonymous_0)
FN:21,(anonymous_1)
FN:31,(anonymous_2)
FN:40,(anonymous_3)
FN:71,(anonymous_4)
FN:83,(anonymous_5)
FN:95,(anonymous_6)
FN:110,(anonymous_7)
FN:128,(anonymous_8)
FNF:9
FNH:6
FNDA:8,(anonymous_0)
FNDA:8,(anonymous_1)
FNDA:8,(anonymous_2)
FNDA:8,(anonymous_3)
FNDA:8,(anonymous_4)
FNDA:8,(anonymous_5)
FNDA:0,(anonymous_6)
FNDA:0,(anonymous_7)
FNDA:0,(anonymous_8)
DA:13,8
DA:22,8
DA:23,0
DA:25,8
DA:32,8
DA:33,8
DA:34,8
DA:43,8
DA:44,8
DA:46,8
DA:47,0
DA:52,8
DA:54,8
DA:56,0
DA:72,8
DA:73,0
DA:76,8
DA:77,8
DA:84,8
DA:96,0
DA:97,0
DA:99,0
DA:111,0
DA:112,0
DA:116,0
DA:129,0
DA:130,0
DA:132,0
LF:28
LH:15
BRDA:22,0,0,0
BRDA:46,1,0,0
BRDA:72,2,0,0
BRDA:96,3,0,0
BRDA:111,4,0,0
BRDA:129,5,0,0
BRF:6
BRH:0
end_of_record
TN:
SF:src/auth/personal-access-authenticator.ts
FN:15,(anonymous_0)
FN:27,(anonymous_1)
FNF:2
FNH:2
FNDA:8,(anonymous_0)
FNDA:33,(anonymous_1)
DA:17,8
DA:19,8
DA:28,33
LF:3
LH:3
BRF:0
BRH:0
end_of_record
TN:
SF:src/auth/webtoken-authenticator-builder.ts
FN:38,(anonymous_0)
FN:54,(anonymous_1)
FN:65,(anonymous_2)
FN:76,(anonymous_3)
FN:90,(anonymous_4)
FNF:5
FNH:5
FNDA:5,(anonymous_0)
FNDA:1,(anonymous_1)
FNDA:1,(anonymous_2)
FNDA:2,(anonymous_3)
FNDA:5,(anonymous_4)
DA:25,5
DA:26,5
DA:40,5
DA:41,5
DA:42,5
DA:43,5
DA:45,5
DA:55,1
DA:56,1
DA:66,1
DA:67,1
DA:77,2
DA:78,2
DA:91,5
DA:92,5
LF:15
LH:15
BRF:0
BRH:0
end_of_record
TN:
SF:src/auth/webtoken-authenticator.ts
FN:35,(anonymous_0)
FN:70,(anonymous_1)
FN:98,(anonymous_2)
FN:119,(anonymous_3)
FN:151,(anonymous_4)
FN:180,(anonymous_5)
FNF:6
FNH:6
FNDA:5,(anonymous_0)
FNDA:2,(anonymous_1)
FNDA:5,(anonymous_2)
FNDA:5,(anonymous_3)
FNDA:5,(anonymous_4)
FNDA:14,(anonymous_5)
DA:19,5
DA:39,5
DA:40,5
DA:41,5
DA:42,5
DA:43,5
DA:44,5
DA:45,5
DA:47,5
DA:48,5
DA:74,2
DA:75,2
DA:77,2
DA:78,2
DA:79,2
DA:81,2
DA:82,0
DA:85,2
DA:103,5
DA:121,5
DA:124,5
DA:129,5
DA:130,5
DA:131,0
DA:133,0
DA:137,0
DA:141,5
DA:144,5
DA:163,5
DA:164,5
DA:165,5
DA:166,5
DA:184,14
DA:187,14
DA:188,2
DA:191,14
DA:199,14
DA:206,14
DA:217,14
DA:219,14
DA:221,14
DA:222,13
DA:228,1
DA:230,1
DA:231,1
DA:232,0
DA:237,1
LF:47
LH:42
BRDA:81,0,0,0
BRDA:81,1,0,2
BRDA:81,1,1,2
BRDA:81,1,2,2
BRDA:130,2,0,0
BRDA:133,3,0,0
BRDA:133,3,1,0
BRDA:141,4,0,2
BRDA:141,4,1,3
BRDA:187,5,0,2
BRDA:221,6,0,13
BRDA:221,6,1,1
BRDA:221,7,0,14
BRDA:221,7,1,1
BRDA:231,8,0,0
BRDA:231,9,0,1
BRDA:231,9,1,1
BRF:17
BRH:12
end_of_record
TN:
SF:src/models/ActionServiceBetaCondition.ts
FN:80,instanceOfActionServiceBetaCondition
FN:84,ActionServiceBetaConditionFromJSON
FN:88,ActionServiceBetaConditionFromJSONTyped
FN:101,ActionServiceBetaConditionToJSON
FN:105,ActionServiceBetaConditionToJSONTyped
FNF:5
FNH:0
FNDA:0,instanceOfActionServiceBetaCondition
FNDA:0,ActionServiceBetaConditionFromJSON
FNDA:0,ActionServiceBetaConditionFromJSONTyped
FNDA:0,ActionServiceBetaConditionToJSON
FNDA:0,ActionServiceBetaConditionToJSONTyped
DA:81,0
DA:85,0
DA:89,0
DA:90,0
DA:92,0
DA:102,0
DA:106,0
DA:107,0
DA:110,0
LF:9
LH:0
BRDA:89,0,0,0
BRDA:94,1,0,0
BRDA:94,1,1,0
BRDA:95,2,0,0
BRDA:95,2,1,0
BRDA:96,3,0,0
BRDA:96,3,1,0
BRDA:97,4,0,0
BRDA:97,4,1,0
BRDA:105,5,0,0
BRDA:106,6,0,0
BRF:11
BRH:0
end_of_record
TN:
SF:src/models/ActionServiceBetaCreateTargetResponse.ts
FN:45,instanceOfActionServiceBetaCreateTargetResponse
FN:49,ActionServiceBetaCreateTargetResponseFromJSON
FN:53,ActionServiceBetaCreateTargetResponseFromJSONTyped
FN:65,ActionServiceBetaCreateTargetResponseToJSON
FN:69,ActionServiceBetaCreateTargetResponseToJSONTyped
FNF:5
FNH:0
FNDA:0,instanceOfActionServiceBetaCreateTargetResponse
FNDA:0,ActionServiceBetaCreateTargetResponseFromJSON
FNDA:0,ActionServiceBetaCreateTargetResponseFromJSONTyped
FNDA:0,ActionServiceBetaCreateTargetResponseToJSON
FNDA:0,ActionServiceBetaCreateTargetResponseToJSONTyped
DA:46,0
DA:50,0
DA:54,0
DA:55,0
DA:57,0
DA:66,0
DA:70,0
DA:71,0
DA:74,0
LF:9
LH:0
BRDA:54,0,0,0
BRDA:59,1,0,0
BRDA:59,1,1,0
BRDA:60,2,0,0
BRDA:60,2,1,0
BRDA:61,3,0,0
BRDA:61,3,1,0
BRDA:69,4,0,0
BRDA:70,5,0,0
BRDA:77,6,0,0
BRDA:77,6,1,0
BRF:11
BRH:0
end_of_record
TN:
SF:src/models/ActionServiceBetaDeleteTargetResponse.ts
FN:35,instanceOfActionServiceBetaDeleteTargetResponse
FN:39,ActionServiceBetaDeleteTargetResponseFromJSON
FN:43,ActionServiceBetaDeleteTargetResponseFromJSONTyped
FN:53,ActionServiceBetaDeleteTargetResponseToJSON
FN:57,ActionServiceBetaDeleteTargetResponseToJSONTyped
FNF:5
FNH:0
FNDA:0,instanceOfActionServiceBetaDeleteTargetResponse
FNDA:0,ActionServiceBetaDeleteTargetResponseFromJSON
FNDA:0,ActionServiceBetaDeleteTargetResponseFromJSONTyped
FNDA:0,ActionServiceBetaDeleteTargetResponseToJSON
FNDA:0,ActionServiceBetaDeleteTargetResponseToJSONTyped
DA:36,0
DA:40,0
DA:44,0
DA:45,0
DA:47,0
DA:54,0
DA:58,0
DA:59,0
DA:62,0
LF:9
LH:0
BRDA:44,0,0,0
BRDA:49,1,0,0
BRDA:49,1,1,0
BRDA:57,2,0,0
BRDA:58,3,0,0
BRDA:64,4,0,0
BRDA:64,4,1,0
BRF:7
BRH:0
end_of_record
TN:
SF:src/models/ActionServiceBetaEventExecution.ts
FN:45,instanceOfActionServiceBetaEventExecution
FN:49,ActionServiceBetaEventExecutionFromJSON
FN:53,ActionServiceBetaEventExecutionFromJSONTyped
FN:65,ActionServiceBetaEventExecutionToJSON
FN:69,ActionServiceBetaEventExecutionToJSONTyped
FNF:5
FNH:0
FNDA:0,instanceOfActionServiceBetaEventExecution
FNDA:0,ActionServiceBetaEventExecutionFromJSON
FNDA:0,ActionServiceBetaEventExecutionFromJSONTyped
FNDA:0,ActionServiceBetaEventExecutionToJSON
FNDA:0,ActionServiceBetaEventExecutionToJSONTyped
DA:46,0
DA:50,0
DA:54,0
DA:55,0
DA:57,0
DA:66,0
DA:70,0
DA:71,0
DA:74,0
LF:9
LH:0
BRDA:54,0,0,0
BRDA:59,1,0,0
BRDA:59,1,1,0
BRDA:60,2,0,0
BRDA:60,2,1,0
BRDA:61,3,0,0
BRDA:61,3,1,0
BRDA:69,4,0,0
BRDA:70,5,0,0
BRF:9
BRH:0
end_of_record
TN:
SF:src/models/ActionServiceBetaExecution.ts
FN:59,instanceOfActionServiceBetaExecution
FN:63,ActionServiceBetaExecutionFromJSON
FN:67,ActionServiceBetaExecutionFromJSONTyped
FN:80,ActionServiceBetaExecutionToJSON
FN:84,ActionServiceBetaExecutionToJSONTyped
FNF:5
FNH:0
FNDA:0,instanceOfActionServiceBetaExecution
FNDA:0,ActionServiceBetaExecutionFromJSON
FNDA:0,ActionServiceBetaExecutionFromJSONTyped
FNDA:0,ActionServiceBetaExecutionToJSON
FNDA:0,ActionServiceBetaExecutionToJSONTyped
DA:60,0
DA:64,0
DA:68,0
DA:69,0
DA:71,0
DA:81,0
DA:85,0
DA:86,0
DA:89,0
LF:9
LH:0
BRDA:68,0,0,0
BRDA:73,1,0,0
BRDA:73,1,1,0
BRDA:74,2,0,0
BRDA:74,2,1,0
BRDA:75,3,0,0
BRDA:75,3,1,0
BRDA:76,4,0,0
BRDA:76,4,1,0
BRDA:84,5,0,0
BRDA:85,6,0,0
BRDA:92,7,0,0
BRDA:92,7,1,0
BRDA:93,8,0,0
BRDA:93,8,1,0
BRF:15
BRH:0
end_of_record
TN:
SF:src/models/ActionServiceBetaFunctionExecution.ts
FN:33,instanceOfActionServiceBetaFunctionExecution
FN:37,ActionServiceBetaFunctionExecutionFromJSON
FN:41,ActionServiceBetaFunctionExecutionFromJSONTyped
FN:51,ActionServiceBetaFunctionExecutionToJSON
FN:55,ActionServiceBetaFunctionExecutionToJSONTyped
FNF:5
FNH:0
FNDA:0,instanceOfActionServiceBetaFunctionExecution
FNDA:0,ActionServiceBetaFunctionExecutionFromJSON
FNDA:0,ActionServiceBetaFunctionExecutionFromJSONTyped
FNDA:0,ActionServiceBetaFunctionExecutionToJSON
FNDA:0,ActionServiceBetaFunctionExecutionToJSONTyped
DA:34,0
DA:38,0
DA:42,0
DA:43,0
DA:45,0
DA:52,0
DA:56,0
DA:57,0
DA:60,0
LF:9
LH:0
BRDA:42,0,0,0
BRDA:47,1,0,0
BRDA:47,1,1,0
BRDA:55,2,0,0
BRDA:56,3,0,0
BRF:5
BRH:0
end_of_record
TN:
SF:src/models/ActionServiceBetaGetTargetResponse.ts
FN:41,instanceOfActionServiceBetaGetTargetResponse
FN:45,ActionServiceBetaGetTargetResponseFromJSON
FN:49,ActionServiceBetaGetTargetResponseFromJSONTyped
FN:59,ActionServiceBetaGetTargetResponseToJSON
FN:63,ActionServiceBetaGetTargetResponseToJSONTyped
FNF:5
FNH:0
FNDA:0,instanceOfActionServiceBetaGetTargetResponse
FNDA:0,ActionServiceBetaGetTargetResponseFromJSON
FNDA:0,ActionServiceBetaGetTargetResponseFromJSONTyped
FNDA:0,ActionServiceBetaGetTargetResponseToJSON
FNDA:0,ActionServiceBetaGetTargetResponseToJSONTyped
DA:42,0
DA:46,0
DA:50,0
DA:51,0
DA:53,0
DA:60,0
DA:64,0
DA:65,0
DA:68,0
LF:9
LH:0
BRDA:50,0,0,0
BRDA:55,1,0,0
BRDA:55,1,1,0
BRDA:63,2,0,0
BRDA:64,3,0,0
BRF:5
BRH:0
end_of_record
TN:
SF:src/models/ActionServiceBetaInTargetIDsFilter.ts
FN:33,instanceOfActionServiceBetaInTargetIDsFilter
FN:37,ActionServiceBetaInTargetIDsFilterFromJSON
FN:41,ActionServiceBetaInTargetIDsFilterFromJSONTyped
FN:51,ActionServiceBetaInTargetIDsFilterToJSON
FN:55,ActionServiceBetaInTargetIDsFilterToJSONTyped
FNF:5
FNH:0
FNDA:0,instanceOfActionServiceBetaInTargetIDsFilter
FNDA:0,ActionServiceBetaInTargetIDsFilterFromJSON
FNDA:0,ActionServiceBetaInTargetIDsFilterFromJSONTyped
FNDA:0,ActionServiceBetaInTargetIDsFilterToJSON
FNDA:0,ActionServiceBetaInTargetIDsFilterToJSONTyped
DA:34,0
DA:38,0
DA:42,0
DA:43,0
DA:45,0
DA:52,0
DA:56,0
DA:57,0
DA:60,0
LF:9
LH:0
BRDA:42,0,0,0
BRDA:47,1,0,0
BRDA:47,1,1,0
BRDA:55,2,0,0
BRDA:56,3,0,0
BRF:5
BRH:0
end_of_record
TN:
SF:src/models/ActionServiceBetaListExecutionFunctionsResponse.ts
FN:33,instanceOfActionServiceBetaListExecutionFunctionsResponse
FN:37,ActionServiceBetaListExecutionFunctionsResponseFromJSON
FN:41,ActionServiceBetaListExecutionFunctionsResponseFromJSONTyped
FN:51,ActionServiceBetaListExecutionFunctionsResponseToJSON
FN:55,ActionServiceBetaListExecutionFunctionsResponseToJSONTyped
FNF:5
FNH:0
FNDA:0,instanceOfActionServiceBetaListExecutionFunctionsResponse
FNDA:0,ActionServiceBetaListExecutionFunctionsResponseFromJSON
FNDA:0,ActionServiceBetaListExecutionFunctionsResponseFromJSONTyped
FNDA:0,ActionServiceBetaListExecutionFunctionsResponseToJSON
FNDA:0,ActionServiceBetaListExecutionFunctionsResponseToJSONTyped
DA:34,0
DA:38,0
DA:42,0
DA:43,0
DA:45,0
DA:52,0
DA:56,0
DA:57,0
DA:60,0
LF:9
LH:0
BRDA:42,0,0,0
BRDA:47,1,0,0
BRDA:47,1,1,0
BRDA:55,2,0,0
BRDA:56,3,0,0
BRF:5
BRH:0
end_of_record
TN:
SF:src/models/ActionServiceBetaListExecutionMethodsResponse.ts
FN:33,instanceOfActionServiceBetaListExecutionMethodsResponse
FN:37,ActionServiceBetaListExecutionMethodsResponseFromJSON
FN:41,ActionServiceBetaListExecutionMethodsResponseFromJSONTyped
FN:51,ActionServiceBetaListExecutionMethodsResponseToJSON
FN:55,ActionServiceBetaListExecutionMethodsResponseToJSONTyped
FNF:5
FNH:0
FNDA:0,instanceOfActionServiceBetaListExecutionMethodsResponse
FNDA:0,ActionServiceBetaListExecutionMethodsResponseFromJSON
FNDA:0,ActionServiceBetaListExecutionMethodsResponseFromJSONTyped
FNDA:0,ActionServiceBetaListExecutionMethodsResponseToJSON
FNDA:0,ActionServiceBetaListExecutionMethodsResponseToJSONTyped
DA:34,0
DA:38,0
DA:42,0
DA:43,0
DA:45,0
DA:52,0
DA:56,0
DA:57,0
DA:60,0
LF:9
LH:0
BRDA:42,0,0,0
BRDA:47,1,0,0
BRDA:47,1,1,0
BRDA:55,2,0,0
BRDA:56,3,0,0
BRF:5
BRH:0
end_of_record
TN:
SF:src/models/ActionServiceBetaListExecutionServicesResponse.ts
FN:33,instanceOfActionServiceBetaListExecutionServicesResponse
FN:37,ActionServiceBetaListExecutionServicesResponseFromJSON
FN:41,ActionServiceBetaListExecutionServicesResponseFromJSONTyped
FN:51,ActionServiceBetaListExecutionServicesResponseToJSON
FN:55,ActionServiceBetaListExecutionServicesResponseToJSONTyped
FNF:5
FNH:0
FNDA:0,instanceOfActionServiceBetaListExecutionServicesResponse
FNDA:0,ActionServiceBetaListExecutionServicesResponseFromJSON
FNDA:0,ActionServiceBetaListExecutionServicesResponseFromJSONTyped
FNDA:0,ActionServiceBetaListExecutionServicesResponseToJSON
FNDA:0,ActionServiceBetaListExecutionServicesResponseToJSONTyped
DA:34,0
DA:38,0
DA:42,0
DA:43,0
DA:45,0
DA:52,0
DA:56,0
DA:57,0
DA:60,0
LF:9
LH:0
BRDA:42,0,0,0
BRDA:47,1,0,0
BRDA:47,1,1,0
BRDA:55,2,0,0
BRDA:56,3,0,0
BRF:5
BRH:0
end_of_record
TN:
SF:src/models/ActionServiceBetaListExecutionsResponse.ts
FN:54,instanceOfActionServiceBetaListExecutionsResponse
FN:58,ActionServiceBetaListExecutionsResponseFromJSON
FN:62,ActionServiceBetaListExecutionsResponseFromJSONTyped
FN:73,ActionServiceBetaListExecutionsResponseToJSON
FN:77,ActionServiceBetaListExecutionsResponseToJSONTyped
FNF:5
FNH:0
FNDA:0,instanceOfActionServiceBetaListExecutionsResponse
FNDA:0,ActionServiceBetaListExecutionsResponseFromJSON
FNDA:0,ActionServiceBetaListExecutionsResponseFromJSONTyped
FNDA:0,ActionServiceBetaListExecutionsResponseToJSON
FNDA:0,ActionServiceBetaListExecutionsResponseToJSONTyped
DA:55,0
DA:59,0
DA:63,0
DA:64,0
DA:66,0
DA:74,0
DA:78,0
DA:79,0
DA:82,0
LF:9
LH:0
BRDA:63,0,0,0
BRDA:68,1,0,0
BRDA:68,1,1,0
BRDA:69,2,0,0
BRDA:69,2,1,0
BRDA:77,3,0,0
BRDA:78,4,0,0
BRDA:85,5,0,0
BRDA:85,5,1,0
BRF:9
BRH:0
end_of_record
TN:
SF:src/models/ActionServiceBetaListTargetsResponse.ts
FN:54,instanceOfActionServiceBetaListTargetsResponse
FN:58,ActionServiceBetaListTargetsResponseFromJSON
FN:62,ActionServiceBetaListTargetsResponseFromJSONTyped
FN:73,ActionServiceBetaListTargetsResponseToJSON
FN:77,ActionServiceBetaListTargetsResponseToJSONTyped
FNF:5
FNH:0
FNDA:0,instanceOfActionServiceBetaListTargetsResponse
FNDA:0,ActionServiceBetaListTargetsResponseFromJSON
FNDA:0,ActionServiceBetaListTargetsResponseFromJSONTyped
FNDA:0,ActionServiceBetaListTargetsResponseToJSON
FNDA:0,ActionServiceBetaListTargetsResponseToJSONTyped
DA:55,0
DA:59,0
DA:63,0
DA:64,0
DA:66,0
DA:74,0
DA:78,0
DA:79,0
DA:82,0
LF:9
LH:0
BRDA:63,0,0,0
BRDA:68,1,0,0
BRDA:68,1,1,0
BRDA:69,2,0,0
BRDA:69,2,1,0
BRDA:77,3,0,0
BRDA:78,4,0,0
BRDA:85,5,0,0
BRDA:85,5,1,0
BRF:9
BRH:0
end_of_record
TN:
SF:src/models/ActionServiceBetaPaginationRequest.ts
FN:49,instanceOfActionServiceBetaPaginationRequest
FN:53,ActionServiceBetaPaginationRequestFromJSON
FN:57,ActionServiceBetaPaginationRequestFromJSONTyped
FN:69,ActionServiceBetaPaginationRequestToJSON
FN:73,ActionServiceBetaPaginationRequestToJSONTyped
FNF:5
FNH:0
FNDA:0,instanceOfActionServiceBetaPaginationRequest
FNDA:0,ActionServiceBetaPaginationRequestFromJSON
FNDA:0,ActionServiceBetaPaginationRequestFromJSONTyped
FNDA:0,ActionServiceBetaPaginationRequestToJSON
FNDA:0,ActionServiceBetaPaginationRequestToJSONTyped
DA:50,0
DA:54,0
DA:58,0
DA:59,0
DA:61,0
DA:70,0
DA:74,0
DA:75,0
DA:78,0
LF:9
LH:0
BRDA:58,0,0,0
BRDA:63,1,0,0
BRDA:63,1,1,0
BRDA:64,2,0,0
BRDA:64,2,1,0
BRDA:65,3,0,0
BRDA:65,3,1,0
BRDA:73,4,0,0
BRDA:74,5,0,0
BRF:9
BRH:0
end_of_record
TN:
SF:src/models/ActionServiceBetaPaginationResponse.ts
FN:39,instanceOfActionServiceBetaPaginationResponse
FN:43,ActionServiceBetaPaginationResponseFromJSON
FN:47,ActionServiceBetaPaginationResponseFromJSONTyped
FN:58,ActionServiceBetaPaginationResponseToJSON
FN:62,ActionServiceBetaPaginationResponseToJSONTyped
FNF:5
FNH:0
FNDA:0,instanceOfActionServiceBetaPaginationResponse
FNDA:0,ActionServiceBetaPaginationResponseFromJSON
FNDA:0,ActionServiceBetaPaginationResponseFromJSONTyped
FNDA:0,ActionServiceBetaPaginationResponseToJSON
FNDA:0,ActionServiceBetaPaginationResponseToJSONTyped
DA:40,0
DA:44,0
DA:48,0
DA:49,0
DA:51,0
DA:59,0
DA:63,0
DA:64,0
DA:67,0
LF:9
LH:0
BRDA:48,0,0,0
BRDA:53,1,0,0
BRDA:53,1,1,0
BRDA:54,2,0,0
BRDA:54,2,1,0
BRDA:62,3,0,0
BRDA:63,4,0,0
BRF:7
BRH:0
end_of_record
TN:
SF:src/models/ActionServiceBetaRESTCall.ts
FN:33,instanceOfActionServiceBetaRESTCall
FN:37,ActionServiceBetaRESTCallFromJSON
FN:41,ActionServiceBetaRESTCallFromJSONTyped
FN:51,ActionServiceBetaRESTCallToJSON
FN:55,ActionServiceBetaRESTCallToJSONTyped
FNF:5
FNH:0
FNDA:0,instanceOfActionServiceBetaRESTCall
FNDA:0,ActionServiceBetaRESTCallFromJSON
FNDA:0,ActionServiceBetaRESTCallFromJSONTyped
FNDA:0,ActionServiceBetaRESTCallToJSON
FNDA:0,ActionServiceBetaRESTCallToJSONTyped
DA:34,0
DA:38,0
DA:42,0
DA:43,0
DA:45,0
DA:52,0
DA:56,0
DA:57,0
DA:60,0
LF:9
LH:0
BRDA:42,0,0,0
BRDA:47,1,0,0
BRDA:47,1,1,0
BRDA:55,2,0,0
BRDA:56,3,0,0
BRF:5
BRH:0
end_of_record
TN:
SF:src/models/ActionServiceBetaRESTWebhook.ts
FN:33,instanceOfActionServiceBetaRESTWebhook
FN:37,ActionServiceBetaRESTWebhookFromJSON
FN:41,ActionServiceBetaRESTWebhookFromJSONTyped
FN:51,ActionServiceBetaRESTWebhookToJSON
FN:55,ActionServiceBetaRESTWebhookToJSONTyped
FNF:5
FNH:0
FNDA:0,instanceOfActionServiceBetaRESTWebhook
FNDA:0,ActionServiceBetaRESTWebhookFromJSON
FNDA:0,ActionServiceBetaRESTWebhookFromJSONTyped
FNDA:0,ActionServiceBetaRESTWebhookToJSON
FNDA:0,ActionServiceBetaRESTWebhookToJSONTyped
DA:34,0
DA:38,0
DA:42,0
DA:43,0
DA:45,0
DA:52,0
DA:56,0
DA:57,0
DA:60,0
LF:9
LH:0
BRDA:42,0,0,0
BRDA:47,1,0,0
BRDA:47,1,1,0
BRDA:55,2,0,0
BRDA:56,3,0,0
BRF:5
BRH:0
end_of_record
TN:
SF:src/models/ActionServiceBetaRequestExecution.ts
FN:45,instanceOfActionServiceBetaRequestExecution
FN:49,ActionServiceBetaRequestExecutionFromJSON
FN:53,ActionServiceBetaRequestExecutionFromJSONTyped
FN:65,ActionServiceBetaRequestExecutionToJSON
FN:69,ActionServiceBetaRequestExecutionToJSONTyped
FNF:5
FNH:0
FNDA:0,instanceOfActionServiceBetaRequestExecution
FNDA:0,ActionServiceBetaRequestExecutionFromJSON
FNDA:0,ActionServiceBetaRequestExecutionFromJSONTyped
FNDA:0,ActionServiceBetaRequestExecutionToJSON
FNDA:0,ActionServiceBetaRequestExecutionToJSONTyped
DA:46,0
DA:50,0
DA:54,0
DA:55,0
DA:57,0
DA:66,0
DA:70,0
DA:71,0
DA:74,0
LF:9
LH:0
BRDA:54,0,0,0
BRDA:59,1,0,0
BRDA:59,1,1,0
BRDA:60,2,0,0
BRDA:60,2,1,0
BRDA:61,3,0,0
BRDA:61,3,1,0
BRDA:69,4,0,0
BRDA:70,5,0,0
BRF:9
BRH:0
end_of_record
TN:
SF:src/models/ActionServiceBetaResponseExecution.ts
FN:45,instanceOfActionServiceBetaResponseExecution
FN:49,ActionServiceBetaResponseExecutionFromJSON
FN:53,ActionServiceBetaResponseExecutionFromJSONTyped
FN:65,ActionServiceBetaResponseExecutionToJSON
FN:69,ActionServiceBetaResponseExecutionToJSONTyped
FNF:5
FNH:0
FNDA:0,instanceOfActionServiceBetaResponseExecution
FNDA:0,ActionServiceBetaResponseExecutionFromJSON
FNDA:0,ActionServiceBetaResponseExecutionFromJSONTyped
FNDA:0,ActionServiceBetaResponseExecutionToJSON
FNDA:0,ActionServiceBetaResponseExecutionToJSONTyped
DA:46,0
DA:50,0
DA:54,0
DA:55,0
DA:57,0
DA:66,0
DA:70,0
DA:71,0
DA:74,0
LF:9
LH:0
BRDA:54,0,0,0
BRDA:59,1,0,0
BRDA:59,1,1,0
BRDA:60,2,0,0
BRDA:60,2,1,0
BRDA:61,3,0,0
BRDA:61,3,1,0
BRDA:69,4,0,0
BRDA:70,5,0,0
BRF:9
BRH:0
end_of_record
TN:
SF:src/models/ActionServiceBetaSetExecutionResponse.ts
FN:33,instanceOfActionServiceBetaSetExecutionResponse
FN:37,ActionServiceBetaSetExecutionResponseFromJSON
FN:41,ActionServiceBetaSetExecutionResponseFromJSONTyped
FN:51,ActionServiceBetaSetExecutionResponseToJSON
FN:55,ActionServiceBetaSetExecutionResponseToJSONTyped
FNF:5
FNH:0
FNDA:0,instanceOfActionServiceBetaSetExecutionResponse
FNDA:0,ActionServiceBetaSetExecutionResponseFromJSON
FNDA:0,ActionServiceBetaSetExecutionResponseFromJSONTyped
FNDA:0,ActionServiceBetaSetExecutionResponseToJSON
FNDA:0,ActionServiceBetaSetExecutionResponseToJSONTyped
DA:34,0
DA:38,0
DA:42,0
DA:43,0
DA:45,0
DA:52,0
DA:56,0
DA:57,0
DA:60,0
LF:9
LH:0
BRDA:42,0,0,0
BRDA:47,1,0,0
BRDA:47,1,1,0
BRDA:55,2,0,0
BRDA:56,3,0,0
BRDA:62,4,0,0
BRDA:62,4,1,0
BRF:7
BRH:0
end_of_record
TN:
SF:src/models/ActionServiceBetaTarget.ts
FN:103,instanceOfActionServiceBetaTarget
FN:107,ActionServiceBetaTargetFromJSON
FN:111,ActionServiceBetaTargetFromJSONTyped
FN:130,ActionServiceBetaTargetToJSON
FN:134,ActionServiceBetaTargetToJSONTyped
FNF:5
FNH:0
FNDA:0,instanceOfActionServiceBetaTarget
FNDA:0,ActionServiceBetaTargetFromJSON
FNDA:0,ActionServiceBetaTargetFromJSONTyped
FNDA:0,ActionServiceBetaTargetToJSON
FNDA:0,ActionServiceBetaTargetToJSONTyped
DA:104,0
DA:108,0
DA:112,0
DA:113,0
DA:115,0
DA:131,0
DA:135,0
DA:136,0
DA:139,0
LF:9
LH:0
BRDA:112,0,0,0
BRDA:117,1,0,0
BRDA:117,1,1,0
BRDA:118,2,0,0
BRDA:118,2,1,0
BRDA:119,3,0,0
BRDA:119,3,1,0
BRDA:120,4,0,0
BRDA:120,4,1,0
BRDA:121,5,0,0
BRDA:121,5,1,0
BRDA:122,6,0,0
BRDA:122,6,1,0
BRDA:123,7,0,0
BRDA:123,7,1,0
BRDA:124,8,0,0
BRDA:124,8,1,0
BRDA:125,9,0,0
BRDA:125,9,1,0
BRDA:126,10,0,0
BRDA:126,10,1,0
BRDA:134,11,0,0
BRDA:135,12,0,0
BRDA:142,13,0,0
BRDA:142,13,1,0
BRDA:143,14,0,0
BRDA:143,14,1,0
BRF:27
BRH:0
end_of_record
TN:
SF:src/models/ActionServiceBetaTargetFieldName.ts
FN:35,instanceOfActionServiceBetaTargetFieldName
FN:46,ActionServiceBetaTargetFieldNameFromJSON
FN:50,ActionServiceBetaTargetFieldNameFromJSONTyped
FN:54,ActionServiceBetaTargetFieldNameToJSON
FN:58,ActionServiceBetaTargetFieldNameToJSONTyped
FNF:5
FNH:0
FNDA:0,instanceOfActionServiceBetaTargetFieldName
FNDA:0,ActionServiceBetaTargetFieldNameFromJSON
FNDA:0,ActionServiceBetaTargetFieldNameFromJSONTyped
FNDA:0,ActionServiceBetaTargetFieldNameToJSON
FNDA:0,ActionServiceBetaTargetFieldNameToJSONTyped
DA:20,6
DA:36,0
DA:37,0
DA:38,0
DA:39,0
DA:43,0
DA:47,0
DA:51,0
DA:55,0
DA:59,0
LF:10
LH:1
BRDA:37,0,0,0
BRDA:38,1,0,0
BRF:2
BRH:0
end_of_record
TN:
SF:src/models/ActionServiceBetaTargetNameFilter.ts
FN:49,instanceOfActionServiceBetaTargetNameFilter
FN:53,ActionServiceBetaTargetNameFilterFromJSON
FN:57,ActionServiceBetaTargetNameFilterFromJSONTyped
FN:68,ActionServiceBetaTargetNameFilterToJSON
FN:72,ActionServiceBetaTargetNameFilterToJSONTyped
FNF:5
FNH:0
FNDA:0,instanceOfActionServiceBetaTargetNameFilter
FNDA:0,ActionServiceBetaTargetNameFilterFromJSON
FNDA:0,ActionServiceBetaTargetNameFilterFromJSONTyped
FNDA:0,ActionServiceBetaTargetNameFilterToJSON
FNDA:0,ActionServiceBetaTargetNameFilterToJSONTyped
DA:50,0
DA:54,0
DA:58,0
DA:59,0
DA:61,0
DA:69,0
DA:73,0
DA:74,0
DA:77,0
LF:9
LH:0
BRDA:58,0,0,0
BRDA:63,1,0,0
BRDA:63,1,1,0
BRDA:64,2,0,0
BRDA:64,2,1,0
BRDA:72,3,0,0
BRDA:73,4,0,0
BRF:7
BRH:0
end_of_record
TN:
SF:src/models/ActionServiceBetaTargetSearchFilter.ts
FN:54,instanceOfActionServiceBetaTargetSearchFilter
FN:58,ActionServiceBetaTargetSearchFilterFromJSON
FN:62,ActionServiceBetaTargetSearchFilterFromJSONTyped
FN:73,ActionServiceBetaTargetSearchFilterToJSON
FN:77,ActionServiceBetaTargetSearchFilterToJSONTyped
FNF:5
FNH:0
FNDA:0,instanceOfActionServiceBetaTargetSearchFilter
FNDA:0,ActionServiceBetaTargetSearchFilterFromJSON
FNDA:0,ActionServiceBetaTargetSearchFilterFromJSONTyped
FNDA:0,ActionServiceBetaTargetSearchFilterToJSON
FNDA:0,ActionServiceBetaTargetSearchFilterToJSONTyped
DA:55,0
DA:59,0
DA:63,0
DA:64,0
DA:66,0
DA:74,0
DA:78,0
DA:79,0
DA:82,0
LF:9
LH:0
BRDA:63,0,0,0
BRDA:68,1,0,0
BRDA:68,1,1,0
BRDA:69,2,0,0
BRDA:69,2,1,0
BRDA:77,3,0,0
BRDA:78,4,0,0
BRF:7
BRH:0
end_of_record
TN:
SF:src/models/ActionServiceBetaTextFilterMethod.ts
FN:34,instanceOfActionServiceBetaTextFilterMethod
FN:45,ActionServiceBetaTextFilterMethodFromJSON
FN:49,ActionServiceBetaTextFilterMethodFromJSONTyped
FN:53,ActionServiceBetaTextFilterMethodToJSON
FN:57,ActionServiceBetaTextFilterMethodToJSONTyped
FNF:5
FNH:0
FNDA:0,instanceOfActionServiceBetaTextFilterMethod
FNDA:0,ActionServiceBetaTextFilterMethodFromJSON
FNDA:0,ActionServiceBetaTextFilterMethodFromJSONTyped
FNDA:0,ActionServiceBetaTextFilterMethodToJSON
FNDA:0,ActionServiceBetaTextFilterMethodToJSONTyped
DA:20,6
DA:35,0
DA:36,0
DA:37,0
DA:38,0
DA:42,0
DA:46,0
DA:50,0
DA:54,0
DA:58,0
LF:10
LH:1
BRDA:36,0,0,0
BRDA:37,1,0,0
BRF:2
BRH:0
end_of_record
TN:
SF:src/models/ActionServiceBetaUpdateTargetResponse.ts
FN:39,instanceOfActionServiceBetaUpdateTargetResponse
FN:43,ActionServiceBetaUpdateTargetResponseFromJSON
FN:47,ActionServiceBetaUpdateTargetResponseFromJSONTyped
FN:58,ActionServiceBetaUpdateTargetResponseToJSON
FN:62,ActionServiceBetaUpdateTargetResponseToJSONTyped
FNF:5
FNH:0
FNDA:0,instanceOfActionServiceBetaUpdateTargetResponse
FNDA:0,ActionServiceBetaUpdateTargetResponseFromJSON
FNDA:0,ActionServiceBetaUpdateTargetResponseFromJSONTyped
FNDA:0,ActionServiceBetaUpdateTargetResponseToJSON
FNDA:0,ActionServiceBetaUpdateTargetResponseToJSONTyped
DA:40,0
DA:44,0
DA:48,0
DA:49,0
DA:51,0
DA:59,0
DA:63,0
DA:64,0
DA:67,0
LF:9
LH:0
BRDA:48,0,0,0
BRDA:53,1,0,0
BRDA:53,1,1,0
BRDA:54,2,0,0
BRDA:54,2,1,0
BRDA:62,3,0,0
BRDA:63,4,0,0
BRDA:69,5,0,0
BRDA:69,5,1,0
BRF:9
BRH:0
end_of_record
TN:
SF:src/models/ActionServiceCreateTargetRequest.ts
FN:79,instanceOfActionServiceCreateTargetRequest
FN:83,ActionServiceCreateTargetRequestFromJSON
FN:87,ActionServiceCreateTargetRequestFromJSONTyped
FN:102,ActionServiceCreateTargetRequestToJSON
FN:106,ActionServiceCreateTargetRequestToJSONTyped
FNF:5
FNH:0
FNDA:0,instanceOfActionServiceCreateTargetRequest
FNDA:0,ActionServiceCreateTargetRequestFromJSON
FNDA:0,ActionServiceCreateTargetRequestFromJSONTyped
FNDA:0,ActionServiceCreateTargetRequestToJSON
FNDA:0,ActionServiceCreateTargetRequestToJSONTyped
DA:80,0
DA:84,0
DA:88,0
DA:89,0
DA:91,0
DA:103,0
DA:107,0
DA:108,0
DA:111,0
LF:9
LH:0
BRDA:88,0,0,0
BRDA:93,1,0,0
BRDA:93,1,1,0
BRDA:94,2,0,0
BRDA:94,2,1,0
BRDA:95,3,0,0
BRDA:95,3,1,0
BRDA:96,4,0,0
BRDA:96,4,1,0
BRDA:97,5,0,0
BRDA:97,5,1,0
BRDA:98,6,0,0
BRDA:98,6,1,0
BRDA:106,7,0,0
BRDA:107,8,0,0
BRF:15
BRH:0
end_of_record
TN:
SF:src/models/ActionServiceListTargetsRequest.ts
FN:69,instanceOfActionServiceListTargetsRequest
FN:73,ActionServiceListTargetsRequestFromJSON
FN:77,ActionServiceListTargetsRequestFromJSONTyped
FN:89,ActionServiceListTargetsRequestToJSON
FN:93,ActionServiceListTargetsRequestToJSONTyped
FNF:5
FNH:0
FNDA:0,instanceOfActionServiceListTargetsRequest
FNDA:0,ActionServiceListTargetsRequestFromJSON
FNDA:0,ActionServiceListTargetsRequestFromJSONTyped
FNDA:0,ActionServiceListTargetsRequestToJSON
FNDA:0,ActionServiceListTargetsRequestToJSONTyped
DA:70,0
DA:74,0
DA:78,0
DA:79,0
DA:81,0
DA:90,0
DA:94,0
DA:95,0
DA:98,0
LF:9
LH:0
BRDA:78,0,0,0
BRDA:83,1,0,0
BRDA:83,1,1,0
BRDA:84,2,0,0
BRDA:84,2,1,0
BRDA:85,3,0,0
BRDA:85,3,1,0
BRDA:93,4,0,0
BRDA:94,5,0,0
BRDA:102,6,0,0
BRDA:102,6,1,0
BRF:11
BRH:0
end_of_record
TN:
SF:src/models/ActionServiceProtobufAny.ts
FN:34,instanceOfActionServiceProtobufAny
FN:38,ActionServiceProtobufAnyFromJSON
FN:42,ActionServiceProtobufAnyFromJSONTyped
FN:53,ActionServiceProtobufAnyToJSON
FN:57,ActionServiceProtobufAnyToJSONTyped
FNF:5
FNH:0
FNDA:0,instanceOfActionServiceProtobufAny
FNDA:0,ActionServiceProtobufAnyFromJSON
FNDA:0,ActionServiceProtobufAnyFromJSONTyped
FNDA:0,ActionServiceProtobufAnyToJSON
FNDA:0,ActionServiceProtobufAnyToJSONTyped
DA:35,0
DA:39,0
DA:43,0
DA:44,0
DA:46,0
DA:54,0
DA:58,0
DA:59,0
DA:62,0
LF:9
LH:0
BRDA:43,0,0,0
BRDA:49,1,0,0
BRDA:49,1,1,0
BRDA:57,2,0,0
BRDA:58,3,0,0
BRF:5
BRH:0
end_of_record
TN:
SF:src/models/ActionServiceRpcStatus.ts
FN:53,instanceOfActionServiceRpcStatus
FN:57,ActionServiceRpcStatusFromJSON
FN:61,ActionServiceRpcStatusFromJSONTyped
FN:73,ActionServiceRpcStatusToJSON
FN:77,ActionServiceRpcStatusToJSONTyped
FNF:5
FNH:0
FNDA:0,instanceOfActionServiceRpcStatus
FNDA:0,ActionServiceRpcStatusFromJSON
FNDA:0,ActionServiceRpcStatusFromJSONTyped
FNDA:0,ActionServiceRpcStatusToJSON
FNDA:0,ActionServiceRpcStatusToJSONTyped
DA:54,0
DA:58,0
DA:62,0
DA:63,0
DA:65,0
DA:74,0
DA:78,0
DA:79,0
DA:82,0
LF:9
LH:0
BRDA:62,0,0,0
BRDA:67,1,0,0
BRDA:67,1,1,0
BRDA:68,2,0,0
BRDA:68,2,1,0
BRDA:69,3,0,0
BRDA:69,3,1,0
BRDA:77,4,0,0
BRDA:78,5,0,0
BRDA:86,6,0,0
BRDA:86,6,1,0
BRF:11
BRH:0
end_of_record
TN:
SF:src/models/ActionServiceSetExecutionRequest.ts
FN:47,instanceOfActionServiceSetExecutionRequest
FN:51,ActionServiceSetExecutionRequestFromJSON
FN:55,ActionServiceSetExecutionRequestFromJSONTyped
FN:66,ActionServiceSetExecutionRequestToJSON
FN:70,ActionServiceSetExecutionRequestToJSONTyped
FNF:5
FNH:0
FNDA:0,instanceOfActionServiceSetExecutionRequest
FNDA:0,ActionServiceSetExecutionRequestFromJSON
FNDA:0,ActionServiceSetExecutionRequestFromJSONTyped
FNDA:0,ActionServiceSetExecutionRequestToJSON
FNDA:0,ActionServiceSetExecutionRequestToJSONTyped
DA:48,0
DA:52,0
DA:56,0
DA:57,0
DA:59,0
DA:67,0
DA:71,0
DA:72,0
DA:75,0
LF:9
LH:0
BRDA:56,0,0,0
BRDA:61,1,0,0
BRDA:61,1,1,0
BRDA:62,2,0,0
BRDA:62,2,1,0
BRDA:70,3,0,0
BRDA:71,4,0,0
BRF:7
BRH:0
end_of_record
TN:
SF:src/models/ActionServiceUpdateTargetRequest.ts
FN:91,instanceOfActionServiceUpdateTargetRequest
FN:95,ActionServiceUpdateTargetRequestFromJSON
FN:99,ActionServiceUpdateTargetRequestFromJSONTyped
FN:115,ActionServiceUpdateTargetRequestToJSON
FN:119,ActionServiceUpdateTargetRequestToJSONTyped
FNF:5
FNH:0
FNDA:0,instanceOfActionServiceUpdateTargetRequest
FNDA:0,ActionServiceUpdateTargetRequestFromJSON
FNDA:0,ActionServiceUpdateTargetRequestFromJSONTyped
FNDA:0,ActionServiceUpdateTargetRequestToJSON
FNDA:0,ActionServiceUpdateTargetRequestToJSONTyped
DA:92,0
DA:96,0
DA:100,0
DA:101,0
DA:103,0
DA:116,0
DA:120,0
DA:121,0
DA:124,0
LF:9
LH:0
BRDA:100,0,0,0
BRDA:105,1,0,0
BRDA:105,1,1,0
BRDA:106,2,0,0
BRDA:106,2,1,0
BRDA:107,3,0,0
BRDA:107,3,1,0
BRDA:108,4,0,0
BRDA:108,4,1,0
BRDA:109,5,0,0
BRDA:109,5,1,0
BRDA:110,6,0,0
BRDA:110,6,1,0
BRDA:111,7,0,0
BRDA:111,7,1,0
BRDA:119,8,0,0
BRDA:120,9,0,0
BRF:17
BRH:0
end_of_record
TN:
SF:src/models/FeatureServiceDetails.ts
FN:55,instanceOfFeatureServiceDetails
FN:59,FeatureServiceDetailsFromJSON
FN:63,FeatureServiceDetailsFromJSONTyped
FN:76,FeatureServiceDetailsToJSON
FN:80,FeatureServiceDetailsToJSONTyped
FNF:5
FNH:0
FNDA:0,instanceOfFeatureServiceDetails
FNDA:0,FeatureServiceDetailsFromJSON
FNDA:0,FeatureServiceDetailsFromJSONTyped
FNDA:0,FeatureServiceDetailsToJSON
FNDA:0,FeatureServiceDetailsToJSONTyped
DA:56,0
DA:60,0
DA:64,0
DA:65,0
DA:67,0
DA:77,0
DA:81,0
DA:82,0
DA:85,0
LF:9
LH:0
BRDA:64,0,0,0
BRDA:69,1,0,0
BRDA:69,1,1,0
BRDA:70,2,0,0
BRDA:70,2,1,0
BRDA:71,3,0,0
BRDA:71,3,1,0
BRDA:72,4,0,0
BRDA:72,4,1,0
BRDA:80,5,0,0
BRDA:81,6,0,0
BRDA:88,7,0,0
BRDA:88,7,1,0
BRDA:90,8,0,0
BRDA:90,8,1,0
BRF:15
BRH:0
end_of_record
TN:
SF:src/models/FeatureServiceFeatureFlag.ts
FN:49,instanceOfFeatureServiceFeatureFlag
FN:53,FeatureServiceFeatureFlagFromJSON
FN:57,FeatureServiceFeatureFlagFromJSONTyped
FN:68,FeatureServiceFeatureFlagToJSON
FN:72,FeatureServiceFeatureFlagToJSONTyped
FNF:5
FNH:0
FNDA:0,instanceOfFeatureServiceFeatureFlag
FNDA:0,FeatureServiceFeatureFlagFromJSON
FNDA:0,FeatureServiceFeatureFlagFromJSONTyped
FNDA:0,FeatureServiceFeatureFlagToJSON
FNDA:0,FeatureServiceFeatureFlagToJSONTyped
DA:50,0
DA:54,0
DA:58,0
DA:59,0
DA:61,0
DA:69,0
DA:73,0
DA:74,0
DA:77,0
LF:9
LH:0
BRDA:58,0,0,0
BRDA:63,1,0,0
BRDA:63,1,1,0
BRDA:64,2,0,0
BRDA:64,2,1,0
BRDA:72,3,0,0
BRDA:73,4,0,0
BRF:7
BRH:0
end_of_record
TN:
SF:src/models/FeatureServiceGetInstanceFeaturesResponse.ts
FN:146,instanceOfFeatureServiceGetInstanceFeaturesResponse
FN:150,FeatureServiceGetInstanceFeaturesResponseFromJSON
FN:154,FeatureServiceGetInstanceFeaturesResponseFromJSONTyped
FN:178,FeatureServiceGetInstanceFeaturesResponseToJSON
FN:182,FeatureServiceGetInstanceFeaturesResponseToJSONTyped
FNF:5
FNH:0
FNDA:0,instanceOfFeatureServiceGetInstanceFeaturesResponse
FNDA:0,FeatureServiceGetInstanceFeaturesResponseFromJSON
FNDA:0,FeatureServiceGetInstanceFeaturesResponseFromJSONTyped
FNDA:0,FeatureServiceGetInstanceFeaturesResponseToJSON
FNDA:0,FeatureServiceGetInstanceFeaturesResponseToJSONTyped
DA:147,0
DA:151,0
DA:155,0
DA:156,0
DA:158,0
DA:179,0
DA:183,0
DA:184,0
DA:187,0
LF:9
LH:0
BRDA:155,0,0,0
BRDA:160,1,0,0
BRDA:160,1,1,0
BRDA:161,2,0,0
BRDA:161,2,1,0
BRDA:162,3,0,0
BRDA:162,3,1,0
BRDA:163,4,0,0
BRDA:163,4,1,0
BRDA:164,5,0,0
BRDA:164,5,1,0
BRDA:165,6,0,0
BRDA:165,6,1,0
BRDA:166,7,0,0
BRDA:166,7,1,0
BRDA:167,8,0,0
BRDA:167,8,1,0
BRDA:168,9,0,0
BRDA:168,9,1,0
BRDA:169,10,0,0
BRDA:169,10,1,0
BRDA:170,11,0,0
BRDA:170,11,1,0
BRDA:171,12,0,0
BRDA:171,12,1,0
BRDA:172,13,0,0
BRDA:172,13,1,0
BRDA:173,14,0,0
BRDA:173,14,1,0
BRDA:174,15,0,0
BRDA:174,15,1,0
BRDA:182,16,0,0
BRDA:183,17,0,0
BRF:33
BRH:0
end_of_record
TN:
SF:src/models/FeatureServiceGetOrganizationFeaturesResponse.ts
FN:41,instanceOfFeatureServiceGetOrganizationFeaturesResponse
FN:45,FeatureServiceGetOrganizationFeaturesResponseFromJSON
FN:49,FeatureServiceGetOrganizationFeaturesResponseFromJSONTyped
FN:59,FeatureServiceGetOrganizationFeaturesResponseToJSON
FN:63,FeatureServiceGetOrganizationFeaturesResponseToJSONTyped
FNF:5
FNH:0
FNDA:0,instanceOfFeatureServiceGetOrganizationFeaturesResponse
FNDA:0,FeatureServiceGetOrganizationFeaturesResponseFromJSON
FNDA:0,FeatureServiceGetOrganizationFeaturesResponseFromJSONTyped
FNDA:0,FeatureServiceGetOrganizationFeaturesResponseToJSON
FNDA:0,FeatureServiceGetOrganizationFeaturesResponseToJSONTyped
DA:42,0
DA:46,0
DA:50,0
DA:51,0
DA:53,0
DA:60,0
DA:64,0
DA:65,0
DA:68,0
LF:9
LH:0
BRDA:50,0,0,0
BRDA:55,1,0,0
BRDA:55,1,1,0
BRDA:63,2,0,0
BRDA:64,3,0,0
BRF:5
BRH:0
end_of_record
TN:
SF:src/models/FeatureServiceGetSystemFeaturesResponse.ts
FN:128,instanceOfFeatureServiceGetSystemFeaturesResponse
FN:132,FeatureServiceGetSystemFeaturesResponseFromJSON
FN:136,FeatureServiceGetSystemFeaturesResponseFromJSONTyped
FN:157,FeatureServiceGetSystemFeaturesResponseToJSON
FN:161,FeatureServiceGetSystemFeaturesResponseToJSONTyped
FNF:5
FNH:0
FNDA:0,instanceOfFeatureServiceGetSystemFeaturesResponse
FNDA:0,FeatureServiceGetSystemFeaturesResponseFromJSON
FNDA:0,FeatureServiceGetSystemFeaturesResponseFromJSONTyped
FNDA:0,FeatureServiceGetSystemFeaturesResponseToJSON
FNDA:0,FeatureServiceGetSystemFeaturesResponseToJSONTyped
DA:129,0
DA:133,0
DA:137,0
DA:138,0
DA:140,0
DA:158,0
DA:162,0
DA:163,0
DA:166,0
LF:9
LH:0
BRDA:137,0,0,0
BRDA:142,1,0,0
BRDA:142,1,1,0
BRDA:143,2,0,0
BRDA:143,2,1,0
BRDA:144,3,0,0
BRDA:144,3,1,0
BRDA:145,4,0,0
BRDA:145,4,1,0
BRDA:146,5,0,0
BRDA:146,5,1,0
BRDA:147,6,0,0
BRDA:147,6,1,0
BRDA:148,7,0,0
BRDA:148,7,1,0
BRDA:149,8,0,0
BRDA:149,8,1,0
BRDA:150,9,0,0
BRDA:150,9,1,0
BRDA:151,10,0,0
BRDA:151,10,1,0
BRDA:152,11,0,0
BRDA:152,11,1,0
BRDA:153,12,0,0
BRDA:153,12,1,0
BRDA:161,13,0,0
BRDA:162,14,0,0
BRF:27
BRH:0
end_of_record
TN:
SF:src/models/FeatureServiceGetUserFeaturesResponse.ts
FN:41,instanceOfFeatureServiceGetUserFeaturesResponse
FN:45,FeatureServiceGetUserFeaturesResponseFromJSON
FN:49,FeatureServiceGetUserFeaturesResponseFromJSONTyped
FN:59,FeatureServiceGetUserFeaturesResponseToJSON
FN:63,FeatureServiceGetUserFeaturesResponseToJSONTyped
FNF:5
FNH:0
FNDA:0,instanceOfFeatureServiceGetUserFeaturesResponse
FNDA:0,FeatureServiceGetUserFeaturesResponseFromJSON
FNDA:0,FeatureServiceGetUserFeaturesResponseFromJSONTyped
FNDA:0,FeatureServiceGetUserFeaturesResponseToJSON
FNDA:0,FeatureServiceGetUserFeaturesResponseToJSONTyped
DA:42,0
DA:46,0
DA:50,0
DA:51,0
DA:53,0
DA:60,0
DA:64,0
DA:65,0
DA:68,0
LF:9
LH:0
BRDA:50,0,0,0
BRDA:55,1,0,0
BRDA:55,1,1,0
BRDA:63,2,0,0
BRDA:64,3,0,0
BRF:5
BRH:0
end_of_record
TN:
SF:src/models/FeatureServiceImprovedPerformance.ts
FN:39,instanceOfFeatureServiceImprovedPerformance
FN:50,FeatureServiceImprovedPerformanceFromJSON
FN:54,FeatureServiceImprovedPerformanceFromJSONTyped
FN:58,FeatureServiceImprovedPerformanceToJSON
FN:62,FeatureServiceImprovedPerformanceToJSONTyped
FNF:5
FNH:0
FNDA:0,instanceOfFeatureServiceImprovedPerformance
FNDA:0,FeatureServiceImprovedPerformanceFromJSON
FNDA:0,FeatureServiceImprovedPerformanceFromJSONTyped
FNDA:0,FeatureServiceImprovedPerformanceToJSON
FNDA:0,FeatureServiceImprovedPerformanceToJSONTyped
DA:27,6
DA:40,0
DA:41,0
DA:42,0
DA:43,0
DA:47,0
DA:51,0
DA:55,0
DA:59,0
DA:63,0
LF:10
LH:1
BRDA:41,0,0,0
BRDA:42,1,0,0
BRF:2
BRH:0
end_of_record
TN:
SF:src/models/FeatureServiceImprovedPerformanceFeatureFlag.ts
FN:56,instanceOfFeatureServiceImprovedPerformanceFeatureFlag
FN:60,FeatureServiceImprovedPerformanceFeatureFlagFromJSON
FN:64,FeatureServiceImprovedPerformanceFeatureFlagFromJSONTyped
FN:75,FeatureServiceImprovedPerformanceFeatureFlagToJSON
FN:79,FeatureServiceImprovedPerformanceFeatureFlagToJSONTyped
FNF:5
FNH:0
FNDA:0,instanceOfFeatureServiceImprovedPerformanceFeatureFlag
FNDA:0,FeatureServiceImprovedPerformanceFeatureFlagFromJSON
FNDA:0,FeatureServiceImprovedPerformanceFeatureFlagFromJSONTyped
FNDA:0,FeatureServiceImprovedPerformanceFeatureFlagToJSON
FNDA:0,FeatureServiceImprovedPerformanceFeatureFlagToJSONTyped
DA:57,0
DA:61,0
DA:65,0
DA:66,0
DA:68,0
DA:76,0
DA:80,0
DA:81,0
DA:84,0
LF:9
LH:0
BRDA:65,0,0,0
BRDA:70,1,0,0
BRDA:70,1,1,0
BRDA:71,2,0,0
BRDA:71,2,1,0
BRDA:79,3,0,0
BRDA:80,4,0,0
BRDA:86,5,0,0
BRDA:86,5,1,0
BRF:9
BRH:0
end_of_record
TN:
SF:src/models/FeatureServiceLoginV2.ts
FN:39,instanceOfFeatureServiceLoginV2
FN:43,FeatureServiceLoginV2FromJSON
FN:47,FeatureServiceLoginV2FromJSONTyped
FN:58,FeatureServiceLoginV2ToJSON
FN:62,FeatureServiceLoginV2ToJSONTyped
FNF:5
FNH:0
FNDA:0,instanceOfFeatureServiceLoginV2
FNDA:0,FeatureServiceLoginV2FromJSON
FNDA:0,FeatureServiceLoginV2FromJSONTyped
FNDA:0,FeatureServiceLoginV2ToJSON
FNDA:0,FeatureServiceLoginV2ToJSONTyped
DA:40,0
DA:44,0
DA:48,0
DA:49,0
DA:51,0
DA:59,0
DA:63,0
DA:64,0
DA:67,0
LF:9
LH:0
BRDA:48,0,0,0
BRDA:53,1,0,0
BRDA:53,1,1,0
BRDA:54,2,0,0
BRDA:54,2,1,0
BRDA:62,3,0,0
BRDA:63,4,0,0
BRF:7
BRH:0
end_of_record
TN:
SF:src/models/FeatureServiceLoginV2FeatureFlag.ts
FN:55,instanceOfFeatureServiceLoginV2FeatureFlag
FN:59,FeatureServiceLoginV2FeatureFlagFromJSON
FN:63,FeatureServiceLoginV2FeatureFlagFromJSONTyped
FN:75,FeatureServiceLoginV2FeatureFlagToJSON
FN:79,FeatureServiceLoginV2FeatureFlagToJSONTyped
FNF:5
FNH:0
FNDA:0,instanceOfFeatureServiceLoginV2FeatureFlag
FNDA:0,FeatureServiceLoginV2FeatureFlagFromJSON
FNDA:0,FeatureServiceLoginV2FeatureFlagFromJSONTyped
FNDA:0,FeatureServiceLoginV2FeatureFlagToJSON
FNDA:0,FeatureServiceLoginV2FeatureFlagToJSONTyped
DA:56,0
DA:60,0
DA:64,0
DA:65,0
DA:67,0
DA:76,0
DA:80,0
DA:81,0
DA:84,0
LF:9
LH:0
BRDA:64,0,0,0
BRDA:69,1,0,0
BRDA:69,1,1,0
BRDA:70,2,0,0
BRDA:70,2,1,0
BRDA:71,3,0,0
BRDA:71,3,1,0
BRDA:79,4,0,0
BRDA:80,5,0,0
BRF:9
BRH:0
end_of_record
TN:
SF:src/models/FeatureServiceProtobufAny.ts
FN:34,instanceOfFeatureServiceProtobufAny
FN:38,FeatureServiceProtobufAnyFromJSON
FN:42,FeatureServiceProtobufAnyFromJSONTyped
FN:53,FeatureServiceProtobufAnyToJSON
FN:57,FeatureServiceProtobufAnyToJSONTyped
FNF:5
FNH:0
FNDA:0,instanceOfFeatureServiceProtobufAny
FNDA:0,FeatureServiceProtobufAnyFromJSON
FNDA:0,FeatureServiceProtobufAnyFromJSONTyped
FNDA:0,FeatureServiceProtobufAnyToJSON
FNDA:0,FeatureServiceProtobufAnyToJSONTyped
DA:35,0
DA:39,0
DA:43,0
DA:44,0
DA:46,0
DA:54,0
DA:58,0
DA:59,0
DA:62,0
LF:9
LH:0
BRDA:43,0,0,0
BRDA:49,1,0,0
BRDA:49,1,1,0
BRDA:57,2,0,0
BRDA:58,3,0,0
BRF:5
BRH:0
end_of_record
TN:
SF:src/models/FeatureServiceResetInstanceFeaturesResponse.ts
FN:41,instanceOfFeatureServiceResetInstanceFeaturesResponse
FN:45,FeatureServiceResetInstanceFeaturesResponseFromJSON
FN:49,FeatureServiceResetInstanceFeaturesResponseFromJSONTyped
FN:59,FeatureServiceResetInstanceFeaturesResponseToJSON
FN:63,FeatureServiceResetInstanceFeaturesResponseToJSONTyped
FNF:5
FNH:0
FNDA:0,instanceOfFeatureServiceResetInstanceFeaturesResponse
FNDA:0,FeatureServiceResetInstanceFeaturesResponseFromJSON
FNDA:0,FeatureServiceResetInstanceFeaturesResponseFromJSONTyped
FNDA:0,FeatureServiceResetInstanceFeaturesResponseToJSON
FNDA:0,FeatureServiceResetInstanceFeaturesResponseToJSONTyped
DA:42,0
DA:46,0
DA:50,0
DA:51,0
DA:53,0
DA:60,0
DA:64,0
DA:65,0
DA:68,0
LF:9
LH:0
BRDA:50,0,0,0
BRDA:55,1,0,0
BRDA:55,1,1,0
BRDA:63,2,0,0
BRDA:64,3,0,0
BRF:5
BRH:0
end_of_record
TN:
SF:src/models/FeatureServiceResetOrganizationFeaturesResponse.ts
FN:41,instanceOfFeatureServiceResetOrganizationFeaturesResponse
FN:45,FeatureServiceResetOrganizationFeaturesResponseFromJSON
FN:49,FeatureServiceResetOrganizationFeaturesResponseFromJSONTyped
FN:59,FeatureServiceResetOrganizationFeaturesResponseToJSON
FN:63,FeatureServiceResetOrganizationFeaturesResponseToJSONTyped
FNF:5
FNH:0
FNDA:0,instanceOfFeatureServiceResetOrganizationFeaturesResponse
FNDA:0,FeatureServiceResetOrganizationFeaturesResponseFromJSON
FNDA:0,FeatureServiceResetOrganizationFeaturesResponseFromJSONTyped
FNDA:0,FeatureServiceResetOrganizationFeaturesResponseToJSON
FNDA:0,FeatureServiceResetOrganizationFeaturesResponseToJSONTyped
DA:42,0
DA:46,0
DA:50,0
DA:51,0
DA:53,0
DA:60,0
DA:64,0
DA:65,0
DA:68,0
LF:9
LH:0
BRDA:50,0,0,0
BRDA:55,1,0,0
BRDA:55,1,1,0
BRDA:63,2,0,0
BRDA:64,3,0,0
BRF:5
BRH:0
end_of_record
TN:
SF:src/models/FeatureServiceResetSystemFeaturesResponse.ts
FN:41,instanceOfFeatureServiceResetSystemFeaturesResponse
FN:45,FeatureServiceResetSystemFeaturesResponseFromJSON
FN:49,FeatureServiceResetSystemFeaturesResponseFromJSONTyped
FN:59,FeatureServiceResetSystemFeaturesResponseToJSON
FN:63,FeatureServiceResetSystemFeaturesResponseToJSONTyped
FNF:5
FNH:0
FNDA:0,instanceOfFeatureServiceResetSystemFeaturesResponse
[...]
FNDA:0,UserServiceVerifyEmailResponseToJSONTyped
DA:42,0
DA:46,0
DA:50,0
DA:51,0
DA:53,0
DA:60,0
DA:64,0
DA:65,0
DA:68,0
LF:9
LH:0
BRDA:50,0,0,0
BRDA:55,1,0,0
BRDA:55,1,1,0
BRDA:63,2,0,0
BRDA:64,3,0,0
BRF:5
BRH:0
end_of_record
TN:
SF:src/models/UserServiceVerifyInviteCodeRequest.ts
FN:33,instanceOfUserServiceVerifyInviteCodeRequest
FN:38,UserServiceVerifyInviteCodeRequestFromJSON
FN:42,UserServiceVerifyInviteCodeRequestFromJSONTyped
FN:52,UserServiceVerifyInviteCodeRequestToJSON
FN:56,UserServiceVerifyInviteCodeRequestToJSONTyped
FNF:5
FNH:0
FNDA:0,instanceOfUserServiceVerifyInviteCodeRequest
FNDA:0,UserServiceVerifyInviteCodeRequestFromJSON
FNDA:0,UserServiceVerifyInviteCodeRequestFromJSONTyped
FNDA:0,UserServiceVerifyInviteCodeRequestToJSON
FNDA:0,UserServiceVerifyInviteCodeRequestToJSONTyped
DA:34,0
DA:35,0
DA:39,0
DA:43,0
DA:44,0
DA:46,0
DA:53,0
DA:57,0
DA:58,0
DA:61,0
LF:10
LH:0
BRDA:34,0,0,0
BRDA:34,1,0,0
BRDA:34,1,1,0
BRDA:43,2,0,0
BRDA:56,3,0,0
BRDA:57,4,0,0
BRF:6
BRH:0
end_of_record
TN:
SF:src/models/UserServiceVerifyInviteCodeResponse.ts
FN:41,instanceOfUserServiceVerifyInviteCodeResponse
FN:45,UserServiceVerifyInviteCodeResponseFromJSON
FN:49,UserServiceVerifyInviteCodeResponseFromJSONTyped
FN:59,UserServiceVerifyInviteCodeResponseToJSON
FN:63,UserServiceVerifyInviteCodeResponseToJSONTyped
FNF:5
FNH:0
FNDA:0,instanceOfUserServiceVerifyInviteCodeResponse
FNDA:0,UserServiceVerifyInviteCodeResponseFromJSON
FNDA:0,UserServiceVerifyInviteCodeResponseFromJSONTyped
FNDA:0,UserServiceVerifyInviteCodeResponseToJSON
FNDA:0,UserServiceVerifyInviteCodeResponseToJSONTyped
DA:42,0
DA:46,0
DA:50,0
DA:51,0
DA:53,0
DA:60,0
DA:64,0
DA:65,0
DA:68,0
LF:9
LH:0
BRDA:50,0,0,0
BRDA:55,1,0,0
BRDA:55,1,1,0
BRDA:63,2,0,0
BRDA:64,3,0,0
BRF:5
BRH:0
end_of_record
TN:
SF:src/models/UserServiceVerifyPasskeyRegistrationRequest.ts
FN:39,instanceOfUserServiceVerifyPasskeyRegistrationRequest
FN:45,UserServiceVerifyPasskeyRegistrationRequestFromJSON
FN:49,UserServiceVerifyPasskeyRegistrationRequestFromJSONTyped
FN:60,UserServiceVerifyPasskeyRegistrationRequestToJSON
FN:64,UserServiceVerifyPasskeyRegistrationRequestToJSONTyped
FNF:5
FNH:0
FNDA:0,instanceOfUserServiceVerifyPasskeyRegistrationRequest
FNDA:0,UserServiceVerifyPasskeyRegistrationRequestFromJSON
FNDA:0,UserServiceVerifyPasskeyRegistrationRequestFromJSONTyped
FNDA:0,UserServiceVerifyPasskeyRegistrationRequestToJSON
FNDA:0,UserServiceVerifyPasskeyRegistrationRequestToJSONTyped
DA:40,0
DA:41,0
DA:42,0
DA:46,0
DA:50,0
DA:51,0
DA:53,0
DA:61,0
DA:65,0
DA:66,0
DA:69,0
LF:11
LH:0
BRDA:40,0,0,0
BRDA:40,1,0,0
BRDA:40,1,1,0
BRDA:41,2,0,0
BRDA:41,3,0,0
BRDA:41,3,1,0
BRDA:50,4,0,0
BRDA:64,5,0,0
BRDA:65,6,0,0
BRF:9
BRH:0
end_of_record
TN:
SF:src/models/UserServiceVerifyPasskeyRegistrationResponse.ts
FN:41,instanceOfUserServiceVerifyPasskeyRegistrationResponse
FN:45,UserServiceVerifyPasskeyRegistrationResponseFromJSON
FN:49,UserServiceVerifyPasskeyRegistrationResponseFromJSONTyped
FN:59,UserServiceVerifyPasskeyRegistrationResponseToJSON
FN:63,UserServiceVerifyPasskeyRegistrationResponseToJSONTyped
FNF:5
FNH:0
FNDA:0,instanceOfUserServiceVerifyPasskeyRegistrationResponse
FNDA:0,UserServiceVerifyPasskeyRegistrationResponseFromJSON
FNDA:0,UserServiceVerifyPasskeyRegistrationResponseFromJSONTyped
FNDA:0,UserServiceVerifyPasskeyRegistrationResponseToJSON
FNDA:0,UserServiceVerifyPasskeyRegistrationResponseToJSONTyped
DA:42,0
DA:46,0
DA:50,0
DA:51,0
DA:53,0
DA:60,0
DA:64,0
DA:65,0
DA:68,0
LF:9
LH:0
BRDA:50,0,0,0
BRDA:55,1,0,0
BRDA:55,1,1,0
BRDA:63,2,0,0
BRDA:64,3,0,0
BRF:5
BRH:0
end_of_record
TN:
SF:src/models/UserServiceVerifyPhoneRequest.ts
FN:33,instanceOfUserServiceVerifyPhoneRequest
FN:38,UserServiceVerifyPhoneRequestFromJSON
FN:42,UserServiceVerifyPhoneRequestFromJSONTyped
FN:52,UserServiceVerifyPhoneRequestToJSON
FN:56,UserServiceVerifyPhoneRequestToJSONTyped
FNF:5
FNH:0
FNDA:0,instanceOfUserServiceVerifyPhoneRequest
FNDA:0,UserServiceVerifyPhoneRequestFromJSON
FNDA:0,UserServiceVerifyPhoneRequestFromJSONTyped
FNDA:0,UserServiceVerifyPhoneRequestToJSON
FNDA:0,UserServiceVerifyPhoneRequestToJSONTyped
DA:34,0
DA:35,0
DA:39,0
DA:43,0
DA:44,0
DA:46,0
DA:53,0
DA:57,0
DA:58,0
DA:61,0
LF:10
LH:0
BRDA:34,0,0,0
BRDA:34,1,0,0
BRDA:34,1,1,0
BRDA:43,2,0,0
BRDA:56,3,0,0
BRDA:57,4,0,0
BRF:6
BRH:0
end_of_record
TN:
SF:src/models/UserServiceVerifyPhoneResponse.ts
FN:41,instanceOfUserServiceVerifyPhoneResponse
FN:45,UserServiceVerifyPhoneResponseFromJSON
FN:49,UserServiceVerifyPhoneResponseFromJSONTyped
FN:59,UserServiceVerifyPhoneResponseToJSON
FN:63,UserServiceVerifyPhoneResponseToJSONTyped
FNF:5
FNH:0
FNDA:0,instanceOfUserServiceVerifyPhoneResponse
FNDA:0,UserServiceVerifyPhoneResponseFromJSON
FNDA:0,UserServiceVerifyPhoneResponseFromJSONTyped
FNDA:0,UserServiceVerifyPhoneResponseToJSON
FNDA:0,UserServiceVerifyPhoneResponseToJSONTyped
DA:42,0
DA:46,0
DA:50,0
DA:51,0
DA:53,0
DA:60,0
DA:64,0
DA:65,0
DA:68,0
LF:9
LH:0
BRDA:50,0,0,0
BRDA:55,1,0,0
BRDA:55,1,1,0
BRDA:63,2,0,0
BRDA:64,3,0,0
BRF:5
BRH:0
end_of_record
TN:
SF:src/models/UserServiceVerifyTOTPRegistrationRequest.ts
FN:33,instanceOfUserServiceVerifyTOTPRegistrationRequest
FN:38,UserServiceVerifyTOTPRegistrationRequestFromJSON
FN:42,UserServiceVerifyTOTPRegistrationRequestFromJSONTyped
FN:52,UserServiceVerifyTOTPRegistrationRequestToJSON
FN:56,UserServiceVerifyTOTPRegistrationRequestToJSONTyped
FNF:5
FNH:0
FNDA:0,instanceOfUserServiceVerifyTOTPRegistrationRequest
FNDA:0,UserServiceVerifyTOTPRegistrationRequestFromJSON
FNDA:0,UserServiceVerifyTOTPRegistrationRequestFromJSONTyped
FNDA:0,UserServiceVerifyTOTPRegistrationRequestToJSON
FNDA:0,UserServiceVerifyTOTPRegistrationRequestToJSONTyped
DA:34,0
DA:35,0
DA:39,0
DA:43,0
DA:44,0
DA:46,0
DA:53,0
DA:57,0
DA:58,0
DA:61,0
LF:10
LH:0
BRDA:34,0,0,0
BRDA:34,1,0,0
BRDA:34,1,1,0
BRDA:43,2,0,0
BRDA:56,3,0,0
BRDA:57,4,0,0
BRF:6
BRH:0
end_of_record
TN:
SF:src/models/UserServiceVerifyTOTPRegistrationResponse.ts
FN:41,instanceOfUserServiceVerifyTOTPRegistrationResponse
FN:45,UserServiceVerifyTOTPRegistrationResponseFromJSON
FN:49,UserServiceVerifyTOTPRegistrationResponseFromJSONTyped
FN:59,UserServiceVerifyTOTPRegistrationResponseToJSON
FN:63,UserServiceVerifyTOTPRegistrationResponseToJSONTyped
FNF:5
FNH:0
FNDA:0,instanceOfUserServiceVerifyTOTPRegistrationResponse
FNDA:0,UserServiceVerifyTOTPRegistrationResponseFromJSON
FNDA:0,UserServiceVerifyTOTPRegistrationResponseFromJSONTyped
FNDA:0,UserServiceVerifyTOTPRegistrationResponseToJSON
FNDA:0,UserServiceVerifyTOTPRegistrationResponseToJSONTyped
DA:42,0
DA:46,0
DA:50,0
DA:51,0
DA:53,0
DA:60,0
DA:64,0
DA:65,0
DA:68,0
LF:9
LH:0
BRDA:50,0,0,0
BRDA:55,1,0,0
BRDA:55,1,1,0
BRDA:63,2,0,0
BRDA:64,3,0,0
BRF:5
BRH:0
end_of_record
TN:
SF:src/models/UserServiceVerifyU2FRegistrationRequest.ts
FN:39,instanceOfUserServiceVerifyU2FRegistrationRequest
FN:45,UserServiceVerifyU2FRegistrationRequestFromJSON
FN:49,UserServiceVerifyU2FRegistrationRequestFromJSONTyped
FN:60,UserServiceVerifyU2FRegistrationRequestToJSON
FN:64,UserServiceVerifyU2FRegistrationRequestToJSONTyped
FNF:5
FNH:0
FNDA:0,instanceOfUserServiceVerifyU2FRegistrationRequest
FNDA:0,UserServiceVerifyU2FRegistrationRequestFromJSON
FNDA:0,UserServiceVerifyU2FRegistrationRequestFromJSONTyped
FNDA:0,UserServiceVerifyU2FRegistrationRequestToJSON
FNDA:0,UserServiceVerifyU2FRegistrationRequestToJSONTyped
DA:40,0
DA:41,0
DA:42,0
DA:46,0
DA:50,0
DA:51,0
DA:53,0
DA:61,0
DA:65,0
DA:66,0
DA:69,0
LF:11
LH:0
BRDA:40,0,0,0
BRDA:40,1,0,0
BRDA:40,1,1,0
BRDA:41,2,0,0
BRDA:41,3,0,0
BRDA:41,3,1,0
BRDA:50,4,0,0
BRDA:64,5,0,0
BRDA:65,6,0,0
BRF:9
BRH:0
end_of_record
TN:
SF:src/models/UserServiceVerifyU2FRegistrationResponse.ts
FN:41,instanceOfUserServiceVerifyU2FRegistrationResponse
FN:45,UserServiceVerifyU2FRegistrationResponseFromJSON
FN:49,UserServiceVerifyU2FRegistrationResponseFromJSONTyped
FN:59,UserServiceVerifyU2FRegistrationResponseToJSON
FN:63,UserServiceVerifyU2FRegistrationResponseToJSONTyped
FNF:5
FNH:0
FNDA:0,instanceOfUserServiceVerifyU2FRegistrationResponse
FNDA:0,UserServiceVerifyU2FRegistrationResponseFromJSON
FNDA:0,UserServiceVerifyU2FRegistrationResponseFromJSONTyped
FNDA:0,UserServiceVerifyU2FRegistrationResponseToJSON
FNDA:0,UserServiceVerifyU2FRegistrationResponseToJSONTyped
DA:42,0
DA:46,0
DA:50,0
DA:51,0
DA:53,0
DA:60,0
DA:64,0
DA:65,0
DA:68,0
LF:9
LH:0
BRDA:50,0,0,0
BRDA:55,1,0,0
BRDA:55,1,1,0
BRDA:63,2,0,0
BRDA:64,3,0,0
BRF:5
BRH:0
end_of_record
TN:
SF:src/models/WebKeyServiceBetaActivateWebKeyResponse.ts
FN:33,instanceOfWebKeyServiceBetaActivateWebKeyResponse
FN:37,WebKeyServiceBetaActivateWebKeyResponseFromJSON
FN:41,WebKeyServiceBetaActivateWebKeyResponseFromJSONTyped
FN:51,WebKeyServiceBetaActivateWebKeyResponseToJSON
FN:55,WebKeyServiceBetaActivateWebKeyResponseToJSONTyped
FNF:5
FNH:0
FNDA:0,instanceOfWebKeyServiceBetaActivateWebKeyResponse
FNDA:0,WebKeyServiceBetaActivateWebKeyResponseFromJSON
FNDA:0,WebKeyServiceBetaActivateWebKeyResponseFromJSONTyped
FNDA:0,WebKeyServiceBetaActivateWebKeyResponseToJSON
FNDA:0,WebKeyServiceBetaActivateWebKeyResponseToJSONTyped
DA:34,0
DA:38,0
DA:42,0
DA:43,0
DA:45,0
DA:52,0
DA:56,0
DA:57,0
DA:60,0
LF:9
LH:0
BRDA:42,0,0,0
BRDA:47,1,0,0
BRDA:47,1,1,0
BRDA:55,2,0,0
BRDA:56,3,0,0
BRDA:62,4,0,0
BRDA:62,4,1,0
BRF:7
BRH:0
end_of_record
TN:
SF:src/models/WebKeyServiceBetaCreateWebKeyResponse.ts
FN:39,instanceOfWebKeyServiceBetaCreateWebKeyResponse
FN:43,WebKeyServiceBetaCreateWebKeyResponseFromJSON
FN:47,WebKeyServiceBetaCreateWebKeyResponseFromJSONTyped
FN:58,WebKeyServiceBetaCreateWebKeyResponseToJSON
FN:62,WebKeyServiceBetaCreateWebKeyResponseToJSONTyped
FNF:5
FNH:0
FNDA:0,instanceOfWebKeyServiceBetaCreateWebKeyResponse
FNDA:0,WebKeyServiceBetaCreateWebKeyResponseFromJSON
FNDA:0,WebKeyServiceBetaCreateWebKeyResponseFromJSONTyped
FNDA:0,WebKeyServiceBetaCreateWebKeyResponseToJSON
FNDA:0,WebKeyServiceBetaCreateWebKeyResponseToJSONTyped
DA:40,0
DA:44,0
DA:48,0
DA:49,0
DA:51,0
DA:59,0
DA:63,0
DA:64,0
DA:67,0
LF:9
LH:0
BRDA:48,0,0,0
BRDA:53,1,0,0
BRDA:53,1,1,0
BRDA:54,2,0,0
BRDA:54,2,1,0
BRDA:62,3,0,0
BRDA:63,4,0,0
BRDA:70,5,0,0
BRDA:70,5,1,0
BRF:9
BRH:0
end_of_record
TN:
SF:src/models/WebKeyServiceBetaDeleteWebKeyResponse.ts
FN:35,instanceOfWebKeyServiceBetaDeleteWebKeyResponse
FN:39,WebKeyServiceBetaDeleteWebKeyResponseFromJSON
FN:43,WebKeyServiceBetaDeleteWebKeyResponseFromJSONTyped
FN:53,WebKeyServiceBetaDeleteWebKeyResponseToJSON
FN:57,WebKeyServiceBetaDeleteWebKeyResponseToJSONTyped
FNF:5
FNH:0
FNDA:0,instanceOfWebKeyServiceBetaDeleteWebKeyResponse
FNDA:0,WebKeyServiceBetaDeleteWebKeyResponseFromJSON
FNDA:0,WebKeyServiceBetaDeleteWebKeyResponseFromJSONTyped
FNDA:0,WebKeyServiceBetaDeleteWebKeyResponseToJSON
FNDA:0,WebKeyServiceBetaDeleteWebKeyResponseToJSONTyped
DA:36,0
DA:40,0
DA:44,0
DA:45,0
DA:47,0
DA:54,0
DA:58,0
DA:59,0
DA:62,0
LF:9
LH:0
BRDA:44,0,0,0
BRDA:49,1,0,0
BRDA:49,1,1,0
BRDA:57,2,0,0
BRDA:58,3,0,0
BRDA:64,4,0,0
BRDA:64,4,1,0
BRF:7
BRH:0
end_of_record
TN:
SF:src/models/WebKeyServiceBetaECDSA.ts
FN:43,instanceOfWebKeyServiceBetaECDSA
FN:47,WebKeyServiceBetaECDSAFromJSON
FN:51,WebKeyServiceBetaECDSAFromJSONTyped
FN:61,WebKeyServiceBetaECDSAToJSON
FN:65,WebKeyServiceBetaECDSAToJSONTyped
FNF:5
FNH:0
FNDA:0,instanceOfWebKeyServiceBetaECDSA
FNDA:0,WebKeyServiceBetaECDSAFromJSON
FNDA:0,WebKeyServiceBetaECDSAFromJSONTyped
FNDA:0,WebKeyServiceBetaECDSAToJSON
FNDA:0,WebKeyServiceBetaECDSAToJSONTyped
DA:44,0
DA:48,0
DA:52,0
DA:53,0
DA:55,0
DA:62,0
DA:66,0
DA:67,0
DA:70,0
LF:9
LH:0
BRDA:52,0,0,0
BRDA:57,1,0,0
BRDA:57,1,1,0
BRDA:65,2,0,0
BRDA:66,3,0,0
BRF:5
BRH:0
end_of_record
TN:
SF:src/models/WebKeyServiceBetaECDSACurve.ts
FN:30,instanceOfWebKeyServiceBetaECDSACurve
FN:41,WebKeyServiceBetaECDSACurveFromJSON
FN:45,WebKeyServiceBetaECDSACurveFromJSONTyped
FN:49,WebKeyServiceBetaECDSACurveToJSON
FN:53,WebKeyServiceBetaECDSACurveToJSONTyped
FNF:5
FNH:0
FNDA:0,instanceOfWebKeyServiceBetaECDSACurve
FNDA:0,WebKeyServiceBetaECDSACurveFromJSON
FNDA:0,WebKeyServiceBetaECDSACurveFromJSONTyped
FNDA:0,WebKeyServiceBetaECDSACurveToJSON
FNDA:0,WebKeyServiceBetaECDSACurveToJSONTyped
DA:20,6
DA:31,0
DA:32,0
DA:33,0
DA:34,0
DA:38,0
DA:42,0
DA:46,0
DA:50,0
DA:54,0
LF:10
LH:1
BRDA:32,0,0,0
BRDA:33,1,0,0
BRF:2
BRH:0
end_of_record
TN:
SF:src/models/WebKeyServiceBetaListWebKeysResponse.ts
FN:41,instanceOfWebKeyServiceBetaListWebKeysResponse
FN:45,WebKeyServiceBetaListWebKeysResponseFromJSON
FN:49,WebKeyServiceBetaListWebKeysResponseFromJSONTyped
FN:59,WebKeyServiceBetaListWebKeysResponseToJSON
FN:63,WebKeyServiceBetaListWebKeysResponseToJSONTyped
FNF:5
FNH:0
FNDA:0,instanceOfWebKeyServiceBetaListWebKeysResponse
FNDA:0,WebKeyServiceBetaListWebKeysResponseFromJSON
FNDA:0,WebKeyServiceBetaListWebKeysResponseFromJSONTyped
FNDA:0,WebKeyServiceBetaListWebKeysResponseToJSON
FNDA:0,WebKeyServiceBetaListWebKeysResponseToJSONTyped
DA:42,0
DA:46,0
DA:50,0
DA:51,0
DA:53,0
DA:60,0
DA:64,0
DA:65,0
DA:68,0
LF:9
LH:0
BRDA:50,0,0,0
BRDA:55,1,0,0
BRDA:55,1,1,0
BRDA:63,2,0,0
BRDA:64,3,0,0
BRDA:70,4,0,0
BRDA:70,4,1,0
BRF:7
BRH:0
end_of_record
TN:
SF:src/models/WebKeyServiceBetaRSA.ts
FN:56,instanceOfWebKeyServiceBetaRSA
FN:60,WebKeyServiceBetaRSAFromJSON
FN:64,WebKeyServiceBetaRSAFromJSONTyped
FN:75,WebKeyServiceBetaRSAToJSON
FN:79,WebKeyServiceBetaRSAToJSONTyped
FNF:5
FNH:0
FNDA:0,instanceOfWebKeyServiceBetaRSA
FNDA:0,WebKeyServiceBetaRSAFromJSON
FNDA:0,WebKeyServiceBetaRSAFromJSONTyped
FNDA:0,WebKeyServiceBetaRSAToJSON
FNDA:0,WebKeyServiceBetaRSAToJSONTyped
DA:57,0
DA:61,0
DA:65,0
DA:66,0
DA:68,0
DA:76,0
DA:80,0
DA:81,0
DA:84,0
LF:9
LH:0
BRDA:65,0,0,0
BRDA:70,1,0,0
BRDA:70,1,1,0
BRDA:71,2,0,0
BRDA:71,2,1,0
BRDA:79,3,0,0
BRDA:80,4,0,0
BRF:7
BRH:0
end_of_record
TN:
SF:src/models/WebKeyServiceBetaRSABits.ts
FN:30,instanceOfWebKeyServiceBetaRSABits
FN:41,WebKeyServiceBetaRSABitsFromJSON
FN:45,WebKeyServiceBetaRSABitsFromJSONTyped
FN:49,WebKeyServiceBetaRSABitsToJSON
FN:53,WebKeyServiceBetaRSABitsToJSONTyped
FNF:5
FNH:0
FNDA:0,instanceOfWebKeyServiceBetaRSABits
FNDA:0,WebKeyServiceBetaRSABitsFromJSON
FNDA:0,WebKeyServiceBetaRSABitsFromJSONTyped
FNDA:0,WebKeyServiceBetaRSABitsToJSON
FNDA:0,WebKeyServiceBetaRSABitsToJSONTyped
DA:20,6
DA:31,0
DA:32,0
DA:33,0
DA:34,0
DA:38,0
DA:42,0
DA:46,0
DA:50,0
DA:54,0
LF:10
LH:1
BRDA:32,0,0,0
BRDA:33,1,0,0
BRF:2
BRH:0
end_of_record
TN:
SF:src/models/WebKeyServiceBetaRSAHasher.ts
FN:30,instanceOfWebKeyServiceBetaRSAHasher
FN:41,WebKeyServiceBetaRSAHasherFromJSON
FN:45,WebKeyServiceBetaRSAHasherFromJSONTyped
FN:49,WebKeyServiceBetaRSAHasherToJSON
FN:53,WebKeyServiceBetaRSAHasherToJSONTyped
FNF:5
FNH:0
FNDA:0,instanceOfWebKeyServiceBetaRSAHasher
FNDA:0,WebKeyServiceBetaRSAHasherFromJSON
FNDA:0,WebKeyServiceBetaRSAHasherFromJSONTyped
FNDA:0,WebKeyServiceBetaRSAHasherToJSON
FNDA:0,WebKeyServiceBetaRSAHasherToJSONTyped
DA:20,6
DA:31,0
DA:32,0
DA:33,0
DA:34,0
DA:38,0
DA:42,0
DA:46,0
DA:50,0
DA:54,0
LF:10
LH:1
BRDA:32,0,0,0
BRDA:33,1,0,0
BRF:2
BRH:0
end_of_record
TN:
SF:src/models/WebKeyServiceBetaState.ts
FN:34,instanceOfWebKeyServiceBetaState
FN:45,WebKeyServiceBetaStateFromJSON
FN:49,WebKeyServiceBetaStateFromJSONTyped
FN:53,WebKeyServiceBetaStateToJSON
FN:57,WebKeyServiceBetaStateToJSONTyped
FNF:5
FNH:0
FNDA:0,instanceOfWebKeyServiceBetaState
FNDA:0,WebKeyServiceBetaStateFromJSON
FNDA:0,WebKeyServiceBetaStateFromJSONTyped
FNDA:0,WebKeyServiceBetaStateToJSON
FNDA:0,WebKeyServiceBetaStateToJSONTyped
DA:23,6
DA:35,0
DA:36,0
DA:37,0
DA:38,0
DA:42,0
DA:46,0
DA:50,0
DA:54,0
DA:58,0
LF:10
LH:1
BRDA:36,0,0,0
BRDA:37,1,0,0
BRF:2
BRH:0
end_of_record
TN:
SF:src/models/WebKeyServiceBetaWebKey.ts
FN:91,instanceOfWebKeyServiceBetaWebKey
FN:95,WebKeyServiceBetaWebKeyFromJSON
FN:99,WebKeyServiceBetaWebKeyFromJSONTyped
FN:115,WebKeyServiceBetaWebKeyToJSON
FN:119,WebKeyServiceBetaWebKeyToJSONTyped
FNF:5
FNH:0
FNDA:0,instanceOfWebKeyServiceBetaWebKey
FNDA:0,WebKeyServiceBetaWebKeyFromJSON
FNDA:0,WebKeyServiceBetaWebKeyFromJSONTyped
FNDA:0,WebKeyServiceBetaWebKeyToJSON
FNDA:0,WebKeyServiceBetaWebKeyToJSONTyped
DA:92,0
DA:96,0
DA:100,0
DA:101,0
DA:103,0
DA:116,0
DA:120,0
DA:121,0
DA:124,0
LF:9
LH:0
BRDA:100,0,0,0
BRDA:105,1,0,0
BRDA:105,1,1,0
BRDA:106,2,0,0
BRDA:106,2,1,0
BRDA:107,3,0,0
BRDA:107,3,1,0
BRDA:108,4,0,0
BRDA:108,4,1,0
BRDA:109,5,0,0
BRDA:109,5,1,0
BRDA:110,6,0,0
BRDA:110,6,1,0
BRDA:111,7,0,0
BRDA:111,7,1,0
BRDA:119,8,0,0
BRDA:120,9,0,0
BRDA:127,10,0,0
BRDA:127,10,1,0
BRDA:128,11,0,0
BRDA:128,11,1,0
BRF:21
BRH:0
end_of_record
TN:
SF:src/models/WebKeyServiceCreateWebKeyRequest.ts
FN:60,instanceOfWebKeyServiceCreateWebKeyRequest
FN:64,WebKeyServiceCreateWebKeyRequestFromJSON
FN:68,WebKeyServiceCreateWebKeyRequestFromJSONTyped
FN:80,WebKeyServiceCreateWebKeyRequestToJSON
FN:84,WebKeyServiceCreateWebKeyRequestToJSONTyped
FNF:5
FNH:0
FNDA:0,instanceOfWebKeyServiceCreateWebKeyRequest
FNDA:0,WebKeyServiceCreateWebKeyRequestFromJSON
FNDA:0,WebKeyServiceCreateWebKeyRequestFromJSONTyped
FNDA:0,WebKeyServiceCreateWebKeyRequestToJSON
FNDA:0,WebKeyServiceCreateWebKeyRequestToJSONTyped
DA:61,0
DA:65,0
DA:69,0
DA:70,0
DA:72,0
DA:81,0
DA:85,0
DA:86,0
DA:89,0
LF:9
LH:0
BRDA:69,0,0,0
BRDA:74,1,0,0
BRDA:74,1,1,0
BRDA:75,2,0,0
BRDA:75,2,1,0
BRDA:76,3,0,0
BRDA:76,3,1,0
BRDA:84,4,0,0
BRDA:85,5,0,0
BRF:9
BRH:0
end_of_record
TN:
SF:src/models/WebKeyServiceProtobufAny.ts
FN:34,instanceOfWebKeyServiceProtobufAny
FN:38,WebKeyServiceProtobufAnyFromJSON
FN:42,WebKeyServiceProtobufAnyFromJSONTyped
FN:53,WebKeyServiceProtobufAnyToJSON
FN:57,WebKeyServiceProtobufAnyToJSONTyped
FNF:5
FNH:0
FNDA:0,instanceOfWebKeyServiceProtobufAny
FNDA:0,WebKeyServiceProtobufAnyFromJSON
FNDA:0,WebKeyServiceProtobufAnyFromJSONTyped
FNDA:0,WebKeyServiceProtobufAnyToJSON
FNDA:0,WebKeyServiceProtobufAnyToJSONTyped
DA:35,0
DA:39,0
DA:43,0
DA:44,0
DA:46,0
DA:54,0
DA:58,0
DA:59,0
DA:62,0
LF:9
LH:0
BRDA:43,0,0,0
BRDA:49,1,0,0
BRDA:49,1,1,0
BRDA:57,2,0,0
BRDA:58,3,0,0
BRF:5
BRH:0
end_of_record
TN:
SF:src/models/WebKeyServiceRpcStatus.ts
FN:53,instanceOfWebKeyServiceRpcStatus
FN:57,WebKeyServiceRpcStatusFromJSON
FN:61,WebKeyServiceRpcStatusFromJSONTyped
FN:73,WebKeyServiceRpcStatusToJSON
FN:77,WebKeyServiceRpcStatusToJSONTyped
FNF:5
FNH:0
FNDA:0,instanceOfWebKeyServiceRpcStatus
FNDA:0,WebKeyServiceRpcStatusFromJSON
FNDA:0,WebKeyServiceRpcStatusFromJSONTyped
FNDA:0,WebKeyServiceRpcStatusToJSON
FNDA:0,WebKeyServiceRpcStatusToJSONTyped
DA:54,0
DA:58,0
DA:62,0
DA:63,0
DA:65,0
DA:74,0
DA:78,0
DA:79,0
DA:82,0
LF:9
LH:0
BRDA:62,0,0,0
BRDA:67,1,0,0
BRDA:67,1,1,0
BRDA:68,2,0,0
BRDA:68,2,1,0
BRDA:69,3,0,0
BRDA:69,3,1,0
BRDA:77,4,0,0
BRDA:78,5,0,0
BRDA:86,6,0,0
BRDA:86,6,1,0
BRF:11
BRH:0
end_of_record
TN:
SF:src/models/Zitadelobjectv2Organization.ts
FN:39,instanceOfZitadelobjectv2Organization
FN:43,Zitadelobjectv2OrganizationFromJSON
FN:47,Zitadelobjectv2OrganizationFromJSONTyped
FN:58,Zitadelobjectv2OrganizationToJSON
FN:62,Zitadelobjectv2OrganizationToJSONTyped
FNF:5
FNH:0
FNDA:0,instanceOfZitadelobjectv2Organization
FNDA:0,Zitadelobjectv2OrganizationFromJSON
FNDA:0,Zitadelobjectv2OrganizationFromJSONTyped
FNDA:0,Zitadelobjectv2OrganizationToJSON
FNDA:0,Zitadelobjectv2OrganizationToJSONTyped
DA:40,0
DA:44,0
DA:48,0
DA:49,0
DA:51,0
DA:59,0
DA:63,0
DA:64,0
DA:67,0
LF:9
LH:0
BRDA:48,0,0,0
BRDA:53,1,0,0
BRDA:53,1,1,0
BRDA:54,2,0,0
BRDA:54,2,1,0
BRDA:62,3,0,0
BRDA:63,4,0,0
BRF:7
BRH:0
end_of_record
TN:
SF:src/models/Zitadelorgv2Organization.ts
FN:74,instanceOfZitadelorgv2Organization
FN:78,Zitadelorgv2OrganizationFromJSON
FN:82,Zitadelorgv2OrganizationFromJSONTyped
FN:96,Zitadelorgv2OrganizationToJSON
FN:100,Zitadelorgv2OrganizationToJSONTyped
FNF:5
FNH:0
FNDA:0,instanceOfZitadelorgv2Organization
FNDA:0,Zitadelorgv2OrganizationFromJSON
FNDA:0,Zitadelorgv2OrganizationFromJSONTyped
FNDA:0,Zitadelorgv2OrganizationToJSON
FNDA:0,Zitadelorgv2OrganizationToJSONTyped
DA:75,0
DA:79,0
DA:83,0
DA:84,0
DA:86,0
DA:97,0
DA:101,0
DA:102,0
DA:105,0
LF:9
LH:0
BRDA:83,0,0,0
BRDA:88,1,0,0
BRDA:88,1,1,0
BRDA:89,2,0,0
BRDA:89,2,1,0
BRDA:90,3,0,0
BRDA:90,3,1,0
BRDA:91,4,0,0
BRDA:91,4,1,0
BRDA:92,5,0,0
BRDA:92,5,1,0
BRDA:100,6,0,0
BRDA:101,7,0,0
BRF:13
BRH:0
end_of_record
